<?xml version="1.0" encoding="UTF-8"?>
<coverage generated="1514537529312" clover="3.2.0">
  <project timestamp="1514537529312" name="All files">
    <metrics statements="1704" coveredstatements="1158" conditionals="549" coveredconditionals="276" methods="592" coveredmethods="380" elements="2845" coveredelements="1814" complexity="0" loc="1704" ncloc="1704" packages="37" files="131" classes="131">
      <package name="jest">
        <metrics statements="16" coveredstatements="14" conditionals="4" coveredconditionals="2" methods="6" coveredmethods="4"/>
        <file name="localStoragePolyfill.js" path="/home/ioffikus/projects/template-basic/jest/localStoragePolyfill.js">
          <metrics statements="8" coveredstatements="7" conditionals="2" coveredconditionals="1" methods="5" coveredmethods="4"/>
          <line num="1" count="62" type="cond" truecount="1" falsecount="1"/>
          <line num="2" count="62" type="stmt"/>
          <line num="3" count="62" type="stmt"/>
          <line num="4" count="62" type="stmt"/>
          <line num="6" count="7" type="stmt"/>
          <line num="9" count="17" type="stmt"/>
          <line num="12" count="0" type="stmt"/>
          <line num="15" count="20" type="stmt"/>
        </file>
        <file name="matchMediaMock.js" path="/home/ioffikus/projects/template-basic/jest/matchMediaMock.js">
          <metrics statements="3" coveredstatements="2" conditionals="2" coveredconditionals="1" methods="1" coveredmethods="0"/>
          <line num="1" count="62" type="cond" truecount="1" falsecount="1"/>
          <line num="2" count="62" type="stmt"/>
          <line num="3" count="0" type="stmt"/>
        </file>
        <file name="setupEnv.js" path="/home/ioffikus/projects/template-basic/jest/setupEnv.js">
          <metrics statements="1" coveredstatements="1" conditionals="0" coveredconditionals="0" methods="0" coveredmethods="0"/>
          <line num="1" count="62" type="stmt"/>
        </file>
        <file name="setupEnzyme.js" path="/home/ioffikus/projects/template-basic/jest/setupEnzyme.js">
          <metrics statements="3" coveredstatements="3" conditionals="0" coveredconditionals="0" methods="0" coveredmethods="0"/>
          <line num="1" count="62" type="stmt"/>
          <line num="2" count="62" type="stmt"/>
          <line num="4" count="62" type="stmt"/>
        </file>
        <file name="windowLocationPolyfill.js" path="/home/ioffikus/projects/template-basic/jest/windowLocationPolyfill.js">
          <metrics statements="1" coveredstatements="1" conditionals="0" coveredconditionals="0" methods="0" coveredmethods="0"/>
          <line num="1" count="62" type="stmt"/>
        </file>
      </package>
      <package name="src">
        <metrics statements="1" coveredstatements="1" conditionals="0" coveredconditionals="0" methods="0" coveredmethods="0"/>
        <file name="routes.ts" path="/home/ioffikus/projects/template-basic/src/routes.ts">
          <metrics statements="1" coveredstatements="1" conditionals="0" coveredconditionals="0" methods="0" coveredmethods="0"/>
          <line num="10" count="2" type="stmt"/>
        </file>
      </package>
      <package name="src.client">
        <metrics statements="1" coveredstatements="1" conditionals="0" coveredconditionals="0" methods="0" coveredmethods="0"/>
        <file name="mediaQueries.ts" path="/home/ioffikus/projects/template-basic/src/client/mediaQueries.ts">
          <metrics statements="1" coveredstatements="1" conditionals="0" coveredconditionals="0" methods="0" coveredmethods="0"/>
          <line num="1" count="6" type="stmt"/>
        </file>
      </package>
      <package name="src.components.AppLayout">
        <metrics statements="5" coveredstatements="5" conditionals="2" coveredconditionals="2" methods="3" coveredmethods="3"/>
        <file name="AppLayout.tsx" path="/home/ioffikus/projects/template-basic/src/components/AppLayout/AppLayout.tsx">
          <metrics statements="5" coveredstatements="5" conditionals="2" coveredconditionals="2" methods="3" coveredmethods="3"/>
          <line num="13" count="4" type="stmt"/>
          <line num="19" count="2" type="stmt"/>
          <line num="21" count="4" type="stmt"/>
          <line num="22" count="4" type="stmt"/>
          <line num="306" count="1" type="stmt"/>
        </file>
        <file name="index.ts" path="/home/ioffikus/projects/template-basic/src/components/AppLayout/index.ts">
          <metrics statements="0" coveredstatements="0" conditionals="0" coveredconditionals="0" methods="0" coveredmethods="0"/>
        </file>
      </package>
      <package name="src.components.Breadcrumbs">
        <metrics statements="8" coveredstatements="8" conditionals="7" coveredconditionals="7" methods="3" coveredmethods="3"/>
        <file name="Breadcrumbs.tsx" path="/home/ioffikus/projects/template-basic/src/components/Breadcrumbs/Breadcrumbs.tsx">
          <metrics statements="8" coveredstatements="8" conditionals="7" coveredconditionals="7" methods="3" coveredmethods="3"/>
          <line num="8" count="6" type="stmt"/>
          <line num="14" count="6" type="stmt"/>
          <line num="16" count="4" type="stmt"/>
          <line num="17" count="4" type="stmt"/>
          <line num="18" count="4" type="cond" truecount="2" falsecount="0"/>
          <line num="19" count="2" type="stmt"/>
          <line num="21" count="2" type="stmt"/>
          <line num="39" count="5" type="stmt"/>
        </file>
        <file name="index.ts" path="/home/ioffikus/projects/template-basic/src/components/Breadcrumbs/index.ts">
          <metrics statements="0" coveredstatements="0" conditionals="0" coveredconditionals="0" methods="0" coveredmethods="0"/>
        </file>
      </package>
      <package name="src.components.Cart">
        <metrics statements="10" coveredstatements="10" conditionals="4" coveredconditionals="4" methods="5" coveredmethods="5"/>
        <file name="Cart.tsx" path="/home/ioffikus/projects/template-basic/src/components/Cart/Cart.tsx">
          <metrics statements="10" coveredstatements="10" conditionals="4" coveredconditionals="4" methods="5" coveredmethods="5"/>
          <line num="9" count="3" type="stmt"/>
          <line num="14" count="3" type="stmt"/>
          <line num="16" count="3" type="stmt"/>
          <line num="17" count="3" type="stmt"/>
          <line num="20" count="3" type="stmt"/>
          <line num="21" count="1" type="stmt"/>
          <line num="25" count="3" type="stmt"/>
          <line num="29" count="6" type="stmt"/>
          <line num="30" count="6" type="stmt"/>
          <line num="31" count="6" type="stmt"/>
        </file>
        <file name="index.ts" path="/home/ioffikus/projects/template-basic/src/components/Cart/index.ts">
          <metrics statements="0" coveredstatements="0" conditionals="0" coveredconditionals="0" methods="0" coveredmethods="0"/>
        </file>
      </package>
      <package name="src.components.CartItems">
        <metrics statements="68" coveredstatements="57" conditionals="22" coveredconditionals="17" methods="27" coveredmethods="21"/>
        <file name="Amount.tsx" path="/home/ioffikus/projects/template-basic/src/components/CartItems/Amount.tsx">
          <metrics statements="31" coveredstatements="30" conditionals="16" coveredconditionals="12" methods="11" coveredmethods="10"/>
          <line num="6" count="11" type="stmt"/>
          <line num="7" count="11" type="stmt"/>
          <line num="9" count="8" type="stmt"/>
          <line num="10" count="8" type="stmt"/>
          <line num="13" count="8" type="stmt"/>
          <line num="14" count="8" type="cond" truecount="2" falsecount="0"/>
          <line num="15" count="2" type="stmt"/>
          <line num="16" count="2" type="stmt"/>
          <line num="18" count="8" type="stmt"/>
          <line num="19" count="3" type="stmt"/>
          <line num="22" count="8" type="stmt"/>
          <line num="23" count="3" type="cond" truecount="1" falsecount="1"/>
          <line num="24" count="3" type="stmt"/>
          <line num="25" count="3" type="stmt"/>
          <line num="27" count="3" type="cond" truecount="2" falsecount="0"/>
          <line num="28" count="2" type="stmt"/>
          <line num="29" count="1" type="stmt"/>
          <line num="33" count="8" type="stmt"/>
          <line num="34" count="8" type="cond" truecount="1" falsecount="1"/>
          <line num="35" count="8" type="stmt"/>
          <line num="36" count="8" type="stmt"/>
          <line num="37" count="8" type="cond" truecount="2" falsecount="0"/>
          <line num="38" count="1" type="stmt"/>
          <line num="39" count="0" type="stmt"/>
          <line num="43" count="7" type="stmt"/>
          <line num="44" count="3" type="stmt"/>
          <line num="51" count="1" type="cond" truecount="1" falsecount="1"/>
          <line num="52" count="1" type="cond" truecount="1" falsecount="1"/>
          <line num="53" count="1" type="stmt"/>
          <line num="58" count="12" type="stmt"/>
          <line num="59" count="12" type="stmt"/>
        </file>
        <file name="CartItems.tsx" path="/home/ioffikus/projects/template-basic/src/components/CartItems/CartItems.tsx">
          <metrics statements="28" coveredstatements="18" conditionals="4" coveredconditionals="3" methods="10" coveredmethods="5"/>
          <line num="11" count="10" type="stmt"/>
          <line num="15" count="10" type="stmt"/>
          <line num="17" count="2" type="stmt"/>
          <line num="18" count="2" type="stmt"/>
          <line num="19" count="1" type="stmt"/>
          <line num="20" count="3" type="stmt"/>
          <line num="21" count="3" type="stmt"/>
          <line num="22" count="3" type="stmt"/>
          <line num="23" count="3" type="stmt"/>
          <line num="24" count="3" type="stmt"/>
          <line num="25" count="3" type="stmt"/>
          <line num="26" count="3" type="stmt"/>
          <line num="27" count="3" type="stmt"/>
          <line num="28" count="3" type="stmt"/>
          <line num="40" count="2" type="stmt"/>
          <line num="41" count="2" type="stmt"/>
          <line num="42" count="2" type="stmt"/>
          <line num="47" count="0" type="stmt"/>
          <line num="48" count="0" type="stmt"/>
          <line num="55" count="0" type="stmt"/>
          <line num="56" count="0" type="stmt"/>
          <line num="63" count="0" type="stmt"/>
          <line num="64" count="0" type="stmt"/>
          <line num="71" count="0" type="stmt"/>
          <line num="72" count="0" type="stmt"/>
          <line num="79" count="0" type="stmt"/>
          <line num="80" count="0" type="stmt"/>
          <line num="84" count="2" type="stmt"/>
        </file>
        <file name="Delete.tsx" path="/home/ioffikus/projects/template-basic/src/components/CartItems/Delete.tsx">
          <metrics statements="7" coveredstatements="7" conditionals="2" coveredconditionals="2" methods="5" coveredmethods="5"/>
          <line num="7" count="11" type="stmt"/>
          <line num="8" count="11" type="stmt"/>
          <line num="10" count="3" type="stmt"/>
          <line num="11" count="3" type="stmt"/>
          <line num="12" count="1" type="stmt"/>
          <line num="16" count="3" type="stmt"/>
          <line num="17" count="3" type="stmt"/>
        </file>
        <file name="Name.tsx" path="/home/ioffikus/projects/template-basic/src/components/CartItems/Name.tsx">
          <metrics statements="2" coveredstatements="2" conditionals="0" coveredconditionals="0" methods="1" coveredmethods="1"/>
          <line num="5" count="1" type="stmt"/>
          <line num="6" count="1" type="stmt"/>
        </file>
        <file name="index.ts" path="/home/ioffikus/projects/template-basic/src/components/CartItems/index.ts">
          <metrics statements="0" coveredstatements="0" conditionals="0" coveredconditionals="0" methods="0" coveredmethods="0"/>
        </file>
      </package>
      <package name="src.components.CartProductImage">
        <metrics statements="1" coveredstatements="1" conditionals="4" coveredconditionals="4" methods="1" coveredmethods="1"/>
        <file name="CartProductImage.tsx" path="/home/ioffikus/projects/template-basic/src/components/CartProductImage/CartProductImage.tsx">
          <metrics statements="1" coveredstatements="1" conditionals="4" coveredconditionals="4" methods="1" coveredmethods="1"/>
          <line num="5" count="2" type="stmt"/>
        </file>
        <file name="index.ts" path="/home/ioffikus/projects/template-basic/src/components/CartProductImage/index.ts">
          <metrics statements="0" coveredstatements="0" conditionals="0" coveredconditionals="0" methods="0" coveredmethods="0"/>
        </file>
      </package>
      <package name="src.components.CatalogLayout">
        <metrics statements="30" coveredstatements="9" conditionals="4" coveredconditionals="0" methods="12" coveredmethods="5"/>
        <file name="Catalog.tsx" path="/home/ioffikus/projects/template-basic/src/components/CatalogLayout/Catalog.tsx">
          <metrics statements="1" coveredstatements="1" conditionals="0" coveredconditionals="0" methods="1" coveredmethods="1"/>
          <line num="8" count="1" type="stmt"/>
        </file>
        <file name="CatalogLayout.tsx" path="/home/ioffikus/projects/template-basic/src/components/CatalogLayout/CatalogLayout.tsx">
          <metrics statements="4" coveredstatements="4" conditionals="0" coveredconditionals="0" methods="3" coveredmethods="3"/>
          <line num="15" count="1" type="stmt"/>
          <line num="28" count="3" type="stmt"/>
          <line num="29" count="1" type="stmt"/>
          <line num="30" count="1" type="stmt"/>
        </file>
        <file name="ProductItems.tsx" path="/home/ioffikus/projects/template-basic/src/components/CatalogLayout/ProductItems.tsx">
          <metrics statements="2" coveredstatements="2" conditionals="0" coveredconditionals="0" methods="1" coveredmethods="1"/>
          <line num="3" count="5" type="stmt"/>
          <line num="10" count="5" type="stmt"/>
        </file>
        <file name="SearchForm.tsx" path="/home/ioffikus/projects/template-basic/src/components/CatalogLayout/SearchForm.tsx">
          <metrics statements="23" coveredstatements="2" conditionals="4" coveredconditionals="0" methods="7" coveredmethods="0"/>
          <line num="9" count="4" type="stmt"/>
          <line num="14" count="4" type="stmt"/>
          <line num="16" count="0" type="stmt"/>
          <line num="17" count="0" type="stmt"/>
          <line num="21" count="0" type="stmt"/>
          <line num="22" count="0" type="stmt"/>
          <line num="23" count="0" type="stmt"/>
          <line num="24" count="0" type="stmt"/>
          <line num="25" count="0" type="stmt"/>
          <line num="27" count="0" type="stmt"/>
          <line num="28" count="0" type="cond" truecount="0" falsecount="2"/>
          <line num="29" count="0" type="stmt"/>
          <line num="33" count="0" type="cond" truecount="0" falsecount="2"/>
          <line num="34" count="0" type="stmt"/>
          <line num="38" count="0" type="stmt"/>
          <line num="43" count="0" type="stmt"/>
          <line num="44" count="0" type="stmt"/>
          <line num="45" count="0" type="stmt"/>
          <line num="49" count="0" type="stmt"/>
          <line num="50" count="0" type="stmt"/>
          <line num="51" count="0" type="stmt"/>
          <line num="55" count="0" type="stmt"/>
          <line num="56" count="0" type="stmt"/>
        </file>
        <file name="index.ts" path="/home/ioffikus/projects/template-basic/src/components/CatalogLayout/index.ts">
          <metrics statements="0" coveredstatements="0" conditionals="0" coveredconditionals="0" methods="0" coveredmethods="0"/>
        </file>
      </package>
      <package name="src.components.CategoriesMenu">
        <metrics statements="28" coveredstatements="23" conditionals="8" coveredconditionals="4" methods="13" coveredmethods="9"/>
        <file name="CategoriesMenu.tsx" path="/home/ioffikus/projects/template-basic/src/components/CategoriesMenu/CategoriesMenu.tsx">
          <metrics statements="28" coveredstatements="23" conditionals="8" coveredconditionals="4" methods="13" coveredmethods="9"/>
          <line num="9" count="5" type="stmt"/>
          <line num="14" count="5" type="stmt"/>
          <line num="16" count="1" type="stmt"/>
          <line num="17" count="1" type="stmt"/>
          <line num="18" count="1" type="stmt"/>
          <line num="22" count="1" type="cond" truecount="1" falsecount="1"/>
          <line num="23" count="1" type="stmt"/>
          <line num="24" count="1" type="cond" truecount="1" falsecount="1"/>
          <line num="25" count="2" type="stmt"/>
          <line num="26" count="1" type="stmt"/>
          <line num="29" count="1" type="stmt"/>
          <line num="31" count="1" type="stmt"/>
          <line num="32" count="0" type="stmt"/>
          <line num="34" count="1" type="stmt"/>
          <line num="35" count="0" type="stmt"/>
          <line num="37" count="1" type="stmt"/>
          <line num="38" count="0" type="stmt"/>
          <line num="42" count="1" type="stmt"/>
          <line num="47" count="1" type="stmt"/>
          <line num="50" count="0" type="cond" truecount="0" falsecount="2"/>
          <line num="51" count="0" type="stmt"/>
          <line num="55" count="1" type="stmt"/>
          <line num="56" count="1" type="stmt"/>
          <line num="57" count="2" type="stmt"/>
          <line num="58" count="6" type="cond" truecount="2" falsecount="0"/>
          <line num="59" count="1" type="stmt"/>
          <line num="63" count="5" type="stmt"/>
          <line num="77" count="1" type="stmt"/>
        </file>
        <file name="index.ts" path="/home/ioffikus/projects/template-basic/src/components/CategoriesMenu/index.ts">
          <metrics statements="0" coveredstatements="0" conditionals="0" coveredconditionals="0" methods="0" coveredmethods="0"/>
        </file>
      </package>
      <package name="src.components.DevTools">
        <metrics statements="4" coveredstatements="4" conditionals="2" coveredconditionals="2" methods="3" coveredmethods="3"/>
        <file name="DevTools.tsx" path="/home/ioffikus/projects/template-basic/src/components/DevTools/DevTools.tsx">
          <metrics statements="0" coveredstatements="0" conditionals="0" coveredconditionals="0" methods="0" coveredmethods="0"/>
        </file>
        <file name="Frame.tsx" path="/home/ioffikus/projects/template-basic/src/components/DevTools/Frame.tsx">
          <metrics statements="4" coveredstatements="4" conditionals="2" coveredconditionals="2" methods="3" coveredmethods="3"/>
          <line num="5" count="1" type="stmt"/>
          <line num="6" count="1" type="stmt"/>
          <line num="9" count="1" type="stmt"/>
          <line num="13" count="2" type="cond" truecount="2" falsecount="0"/>
        </file>
        <file name="index.ts" path="/home/ioffikus/projects/template-basic/src/components/DevTools/index.ts">
          <metrics statements="0" coveredstatements="0" conditionals="0" coveredconditionals="0" methods="0" coveredmethods="0"/>
        </file>
      </package>
      <package name="src.components.FilterMenu">
        <metrics statements="82" coveredstatements="56" conditionals="26" coveredconditionals="10" methods="35" coveredmethods="23"/>
        <file name="BoolNull.tsx" path="/home/ioffikus/projects/template-basic/src/components/FilterMenu/BoolNull.tsx">
          <metrics statements="7" coveredstatements="7" conditionals="0" coveredconditionals="0" methods="3" coveredmethods="3"/>
          <line num="6" count="3" type="stmt"/>
          <line num="7" count="3" type="stmt"/>
          <line num="8" count="1" type="stmt"/>
          <line num="9" count="1" type="stmt"/>
          <line num="13" count="3" type="stmt"/>
          <line num="14" count="3" type="stmt"/>
          <line num="15" count="3" type="stmt"/>
        </file>
        <file name="Filter.tsx" path="/home/ioffikus/projects/template-basic/src/components/FilterMenu/Filter.tsx">
          <metrics statements="16" coveredstatements="13" conditionals="2" coveredconditionals="2" methods="7" coveredmethods="4"/>
          <line num="10" count="5" type="stmt"/>
          <line num="11" count="0" type="stmt"/>
          <line num="12" count="0" type="stmt"/>
          <line num="13" count="0" type="stmt"/>
          <line num="14" count="2" type="stmt"/>
          <line num="18" count="4" type="stmt"/>
          <line num="19" count="4" type="stmt"/>
          <line num="20" count="2" type="stmt"/>
          <line num="21" count="2" type="stmt"/>
          <line num="22" count="2" type="stmt"/>
          <line num="23" count="2" type="stmt"/>
          <line num="24" count="2" type="stmt"/>
          <line num="25" count="2" type="stmt"/>
          <line num="29" count="4" type="stmt"/>
          <line num="30" count="4" type="stmt"/>
          <line num="31" count="4" type="cond" truecount="2" falsecount="0"/>
        </file>
        <file name="FilterMenu.tsx" path="/home/ioffikus/projects/template-basic/src/components/FilterMenu/FilterMenu.tsx">
          <metrics statements="9" coveredstatements="9" conditionals="6" coveredconditionals="5" methods="5" coveredmethods="5"/>
          <line num="7" count="4" type="stmt"/>
          <line num="14" count="4" type="stmt"/>
          <line num="16" count="2" type="stmt"/>
          <line num="21" count="2" type="stmt"/>
          <line num="22" count="2" type="stmt"/>
          <line num="23" count="4" type="cond" truecount="2" falsecount="0"/>
          <line num="24" count="2" type="stmt"/>
          <line num="43" count="4" type="cond" truecount="1" falsecount="1"/>
          <line num="44" count="4" type="stmt"/>
        </file>
        <file name="List.tsx" path="/home/ioffikus/projects/template-basic/src/components/FilterMenu/List.tsx">
          <metrics statements="12" coveredstatements="12" conditionals="4" coveredconditionals="3" methods="4" coveredmethods="4"/>
          <line num="6" count="4" type="stmt"/>
          <line num="7" count="4" type="stmt"/>
          <line num="8" count="4" type="stmt"/>
          <line num="9" count="1" type="stmt"/>
          <line num="10" count="1" type="cond" truecount="1" falsecount="1"/>
          <line num="11" count="1" type="stmt"/>
          <line num="15" count="4" type="stmt"/>
          <line num="16" count="4" type="stmt"/>
          <line num="17" count="4" type="cond" truecount="2" falsecount="0"/>
          <line num="18" count="2" type="stmt"/>
          <line num="20" count="4" type="stmt"/>
          <line num="43" count="12" type="stmt"/>
        </file>
        <file name="Ordering.tsx" path="/home/ioffikus/projects/template-basic/src/components/FilterMenu/Ordering.tsx">
          <metrics statements="23" coveredstatements="2" conditionals="12" coveredconditionals="0" methods="8" coveredmethods="0"/>
          <line num="8" count="4" type="stmt"/>
          <line num="13" count="4" type="stmt"/>
          <line num="15" count="0" type="stmt"/>
          <line num="16" count="0" type="stmt"/>
          <line num="17" count="0" type="stmt"/>
          <line num="22" count="0" type="stmt"/>
          <line num="24" count="0" type="cond" truecount="0" falsecount="2"/>
          <line num="25" count="0" type="cond" truecount="0" falsecount="2"/>
          <line num="28" count="0" type="stmt"/>
          <line num="30" count="0" type="stmt"/>
          <line num="31" count="0" type="stmt"/>
          <line num="32" count="0" type="cond" truecount="0" falsecount="2"/>
          <line num="33" count="0" type="stmt"/>
          <line num="35" count="0" type="stmt"/>
          <line num="36" count="0" type="stmt"/>
          <line num="38" count="0" type="stmt"/>
          <line num="39" count="0" type="cond" truecount="0" falsecount="2"/>
          <line num="40" count="0" type="cond" truecount="0" falsecount="2"/>
          <line num="43" count="0" type="stmt"/>
          <line num="44" count="0" type="cond" truecount="0" falsecount="2"/>
          <line num="45" count="0" type="stmt"/>
          <line num="50" count="0" type="stmt"/>
          <line num="73" count="0" type="stmt"/>
        </file>
        <file name="RangeSlider.tsx" path="/home/ioffikus/projects/template-basic/src/components/FilterMenu/RangeSlider.tsx">
          <metrics statements="11" coveredstatements="9" conditionals="2" coveredconditionals="0" methods="5" coveredmethods="4"/>
          <line num="4" count="6" type="stmt"/>
          <line num="13" count="4" type="stmt"/>
          <line num="14" count="4" type="stmt"/>
          <line num="17" count="4" type="stmt"/>
          <line num="18" count="4" type="stmt"/>
          <line num="19" count="1" type="stmt"/>
          <line num="21" count="4" type="stmt"/>
          <line num="22" count="1" type="stmt"/>
          <line num="26" count="0" type="cond" truecount="0" falsecount="2"/>
          <line num="27" count="0" type="stmt"/>
          <line num="31" count="5" type="stmt"/>
        </file>
        <file name="Switch.tsx" path="/home/ioffikus/projects/template-basic/src/components/FilterMenu/Switch.tsx">
          <metrics statements="4" coveredstatements="4" conditionals="0" coveredconditionals="0" methods="3" coveredmethods="3"/>
          <line num="5" count="5" type="stmt"/>
          <line num="6" count="5" type="stmt"/>
          <line num="7" count="1" type="stmt"/>
          <line num="11" count="5" type="stmt"/>
        </file>
        <file name="index.ts" path="/home/ioffikus/projects/template-basic/src/components/FilterMenu/index.ts">
          <metrics statements="0" coveredstatements="0" conditionals="0" coveredconditionals="0" methods="0" coveredmethods="0"/>
        </file>
      </package>
      <package name="src.components.Footer">
        <metrics statements="23" coveredstatements="23" conditionals="2" coveredconditionals="2" methods="8" coveredmethods="8"/>
        <file name="Contacts.tsx" path="/home/ioffikus/projects/template-basic/src/components/Footer/Contacts.tsx">
          <metrics statements="8" coveredstatements="8" conditionals="0" coveredconditionals="0" methods="1" coveredmethods="1"/>
          <line num="4" count="1" type="stmt"/>
          <line num="5" count="1" type="stmt"/>
          <line num="6" count="1" type="stmt"/>
          <line num="7" count="1" type="stmt"/>
          <line num="8" count="1" type="stmt"/>
          <line num="9" count="1" type="stmt"/>
          <line num="10" count="1" type="stmt"/>
          <line num="11" count="1" type="stmt"/>
        </file>
        <file name="Copyright.tsx" path="/home/ioffikus/projects/template-basic/src/components/Footer/Copyright.tsx">
          <metrics statements="2" coveredstatements="2" conditionals="0" coveredconditionals="0" methods="1" coveredmethods="1"/>
          <line num="4" count="1" type="stmt"/>
          <line num="5" count="1" type="stmt"/>
        </file>
        <file name="Footer.tsx" path="/home/ioffikus/projects/template-basic/src/components/Footer/Footer.tsx">
          <metrics statements="3" coveredstatements="3" conditionals="0" coveredconditionals="0" methods="2" coveredmethods="2"/>
          <line num="7" count="3" type="stmt"/>
          <line num="10" count="3" type="stmt"/>
          <line num="12" count="1" type="stmt"/>
        </file>
        <file name="Item.tsx" path="/home/ioffikus/projects/template-basic/src/components/Footer/Item.tsx">
          <metrics statements="6" coveredstatements="6" conditionals="2" coveredconditionals="2" methods="2" coveredmethods="2"/>
          <line num="6" count="1" type="stmt"/>
          <line num="29" count="4" type="stmt"/>
          <line num="30" count="4" type="stmt"/>
          <line num="31" count="4" type="stmt"/>
          <line num="32" count="4" type="stmt"/>
          <line num="33" count="4" type="stmt"/>
        </file>
        <file name="List.tsx" path="/home/ioffikus/projects/template-basic/src/components/Footer/List.tsx">
          <metrics statements="4" coveredstatements="4" conditionals="0" coveredconditionals="0" methods="2" coveredmethods="2"/>
          <line num="6" count="1" type="stmt"/>
          <line num="7" count="1" type="stmt"/>
          <line num="15" count="3" type="stmt"/>
          <line num="16" count="3" type="stmt"/>
        </file>
        <file name="index.ts" path="/home/ioffikus/projects/template-basic/src/components/Footer/index.ts">
          <metrics statements="0" coveredstatements="0" conditionals="0" coveredconditionals="0" methods="0" coveredmethods="0"/>
        </file>
      </package>
      <package name="src.components.Header">
        <metrics statements="76" coveredstatements="22" conditionals="22" coveredconditionals="3" methods="22" coveredmethods="5"/>
        <file name="Header.tsx" path="/home/ioffikus/projects/template-basic/src/components/Header/Header.tsx">
          <metrics statements="33" coveredstatements="2" conditionals="12" coveredconditionals="0" methods="10" coveredmethods="0"/>
          <line num="17" count="2" type="stmt"/>
          <line num="23" count="2" type="stmt"/>
          <line num="25" count="0" type="stmt"/>
          <line num="26" count="0" type="stmt"/>
          <line num="29" count="0" type="stmt"/>
          <line num="30" count="0" type="stmt"/>
          <line num="31" count="0" type="stmt"/>
          <line num="33" count="0" type="stmt"/>
          <line num="34" count="0" type="stmt"/>
          <line num="36" count="0" type="stmt"/>
          <line num="37" count="0" type="stmt"/>
          <line num="39" count="0" type="stmt"/>
          <line num="42" count="0" type="stmt"/>
          <line num="43" count="0" type="cond" truecount="0" falsecount="2"/>
          <line num="44" count="0" type="stmt"/>
          <line num="47" count="0" type="stmt"/>
          <line num="48" count="0" type="stmt"/>
          <line num="49" count="0" type="cond" truecount="0" falsecount="2"/>
          <line num="50" count="0" type="stmt"/>
          <line num="53" count="0" type="stmt"/>
          <line num="56" count="0" type="stmt"/>
          <line num="57" count="0" type="cond" truecount="0" falsecount="2"/>
          <line num="58" count="0" type="stmt"/>
          <line num="59" count="0" type="stmt"/>
          <line num="63" count="0" type="cond" truecount="0" falsecount="2"/>
          <line num="64" count="0" type="cond" truecount="0" falsecount="2"/>
          <line num="65" count="0" type="stmt"/>
          <line num="66" count="0" type="stmt"/>
          <line num="69" count="0" type="stmt"/>
          <line num="74" count="0" type="stmt"/>
          <line num="75" count="0" type="stmt"/>
          <line num="76" count="0" type="stmt"/>
          <line num="77" count="0" type="stmt"/>
        </file>
        <file name="LanguageSwitcher.tsx" path="/home/ioffikus/projects/template-basic/src/components/Header/LanguageSwitcher.tsx">
          <metrics statements="20" coveredstatements="18" conditionals="6" coveredconditionals="3" methods="5" coveredmethods="5"/>
          <line num="7" count="3" type="stmt"/>
          <line num="13" count="3" type="stmt"/>
          <line num="15" count="1" type="stmt"/>
          <line num="16" count="1" type="stmt"/>
          <line num="17" count="1" type="cond" truecount="1" falsecount="1"/>
          <line num="18" count="1" type="stmt"/>
          <line num="19" count="1" type="stmt"/>
          <line num="20" count="1" type="cond" truecount="1" falsecount="1"/>
          <line num="21" count="1" type="stmt"/>
          <line num="22" count="1" type="stmt"/>
          <line num="23" count="1" type="stmt"/>
          <line num="24" count="1" type="cond" truecount="1" falsecount="1"/>
          <line num="25" count="0" type="stmt"/>
          <line num="27" count="1" type="stmt"/>
          <line num="28" count="1" type="stmt"/>
          <line num="30" count="0" type="stmt"/>
          <line num="37" count="1" type="stmt"/>
          <line num="38" count="1" type="stmt"/>
          <line num="59" count="2" type="stmt"/>
          <line num="60" count="2" type="stmt"/>
        </file>
        <file name="SearchForm.tsx" path="/home/ioffikus/projects/template-basic/src/components/Header/SearchForm.tsx">
          <metrics statements="23" coveredstatements="2" conditionals="4" coveredconditionals="0" methods="7" coveredmethods="0"/>
          <line num="9" count="2" type="stmt"/>
          <line num="14" count="2" type="stmt"/>
          <line num="16" count="0" type="stmt"/>
          <line num="17" count="0" type="stmt"/>
          <line num="21" count="0" type="stmt"/>
          <line num="22" count="0" type="stmt"/>
          <line num="23" count="0" type="stmt"/>
          <line num="24" count="0" type="stmt"/>
          <line num="25" count="0" type="stmt"/>
          <line num="27" count="0" type="stmt"/>
          <line num="28" count="0" type="cond" truecount="0" falsecount="2"/>
          <line num="29" count="0" type="stmt"/>
          <line num="33" count="0" type="cond" truecount="0" falsecount="2"/>
          <line num="34" count="0" type="stmt"/>
          <line num="38" count="0" type="stmt"/>
          <line num="43" count="0" type="stmt"/>
          <line num="44" count="0" type="stmt"/>
          <line num="45" count="0" type="stmt"/>
          <line num="49" count="0" type="stmt"/>
          <line num="50" count="0" type="stmt"/>
          <line num="51" count="0" type="stmt"/>
          <line num="55" count="0" type="stmt"/>
          <line num="56" count="0" type="stmt"/>
        </file>
        <file name="index.ts" path="/home/ioffikus/projects/template-basic/src/components/Header/index.ts">
          <metrics statements="0" coveredstatements="0" conditionals="0" coveredconditionals="0" methods="0" coveredmethods="0"/>
        </file>
      </package>
      <package name="src.components.HomeLayout">
        <metrics statements="31" coveredstatements="9" conditionals="10" coveredconditionals="0" methods="12" coveredmethods="2"/>
        <file name="Home.tsx" path="/home/ioffikus/projects/template-basic/src/components/HomeLayout/Home.tsx">
          <metrics statements="1" coveredstatements="0" conditionals="0" coveredconditionals="0" methods="1" coveredmethods="0"/>
          <line num="7" count="0" type="stmt"/>
        </file>
        <file name="HomeLayout.tsx" path="/home/ioffikus/projects/template-basic/src/components/HomeLayout/HomeLayout.tsx">
          <metrics statements="3" coveredstatements="3" conditionals="0" coveredconditionals="0" methods="2" coveredmethods="2"/>
          <line num="11" count="1" type="stmt"/>
          <line num="21" count="3" type="stmt"/>
          <line num="22" count="2" type="stmt"/>
        </file>
        <file name="PopularItems.tsx" path="/home/ioffikus/projects/template-basic/src/components/HomeLayout/PopularItems.tsx">
          <metrics statements="4" coveredstatements="2" conditionals="0" coveredconditionals="0" methods="2" coveredmethods="0"/>
          <line num="6" count="3" type="stmt"/>
          <line num="13" count="3" type="stmt"/>
          <line num="15" count="0" type="stmt"/>
          <line num="16" count="0" type="stmt"/>
        </file>
        <file name="Slider.tsx" path="/home/ioffikus/projects/template-basic/src/components/HomeLayout/Slider.tsx">
          <metrics statements="19" coveredstatements="2" conditionals="10" coveredconditionals="0" methods="5" coveredmethods="0"/>
          <line num="6" count="3" type="stmt"/>
          <line num="9" count="3" type="stmt"/>
          <line num="11" count="0" type="stmt"/>
          <line num="12" count="0" type="stmt"/>
          <line num="15" count="0" type="stmt"/>
          <line num="30" count="0" type="stmt"/>
          <line num="35" count="0" type="stmt"/>
          <line num="36" count="0" type="stmt"/>
          <line num="101" count="0" type="stmt"/>
          <line num="102" count="0" type="stmt"/>
          <line num="103" count="0" type="stmt"/>
          <line num="104" count="0" type="stmt"/>
          <line num="105" count="0" type="stmt"/>
          <line num="106" count="0" type="stmt"/>
          <line num="107" count="0" type="stmt"/>
          <line num="108" count="0" type="stmt"/>
          <line num="109" count="0" type="stmt"/>
          <line num="110" count="0" type="stmt"/>
          <line num="111" count="0" type="stmt"/>
        </file>
        <file name="TextContent.tsx" path="/home/ioffikus/projects/template-basic/src/components/HomeLayout/TextContent.tsx">
          <metrics statements="4" coveredstatements="2" conditionals="0" coveredconditionals="0" methods="2" coveredmethods="0"/>
          <line num="4" count="3" type="stmt"/>
          <line num="7" count="3" type="stmt"/>
          <line num="9" count="0" type="stmt"/>
          <line num="10" count="0" type="stmt"/>
        </file>
        <file name="index.ts" path="/home/ioffikus/projects/template-basic/src/components/HomeLayout/index.ts">
          <metrics statements="0" coveredstatements="0" conditionals="0" coveredconditionals="0" methods="0" coveredmethods="0"/>
        </file>
      </package>
      <package name="src.components.Login">
        <metrics statements="25" coveredstatements="18" conditionals="20" coveredconditionals="10" methods="12" coveredmethods="7"/>
        <file name="Login.tsx" path="/home/ioffikus/projects/template-basic/src/components/Login/Login.tsx">
          <metrics statements="9" coveredstatements="2" conditionals="6" coveredconditionals="0" methods="5" coveredmethods="0"/>
          <line num="8" count="2" type="stmt"/>
          <line num="14" count="2" type="stmt"/>
          <line num="16" count="0" type="stmt"/>
          <line num="17" count="0" type="stmt"/>
          <line num="18" count="0" type="stmt"/>
          <line num="22" count="0" type="cond" truecount="0" falsecount="2"/>
          <line num="23" count="0" type="stmt"/>
          <line num="26" count="0" type="stmt"/>
          <line num="27" count="0" type="stmt"/>
        </file>
        <file name="MainForm.tsx" path="/home/ioffikus/projects/template-basic/src/components/Login/MainForm.tsx">
          <metrics statements="16" coveredstatements="16" conditionals="14" coveredconditionals="10" methods="7" coveredmethods="7"/>
          <line num="3" count="3" type="stmt"/>
          <line num="5" count="6" type="stmt"/>
          <line num="6" count="6" type="stmt"/>
          <line num="7" count="9" type="stmt"/>
          <line num="9" count="6" type="stmt"/>
          <line num="10" count="2" type="stmt"/>
          <line num="11" count="2" type="stmt"/>
          <line num="12" count="2" type="cond" truecount="2" falsecount="0"/>
          <line num="13" count="1" type="stmt"/>
          <line num="20" count="6" type="stmt"/>
          <line num="23" count="6" type="stmt"/>
          <line num="24" count="6" type="stmt"/>
          <line num="25" count="6" type="stmt"/>
          <line num="27" count="6" type="cond" truecount="1" falsecount="1"/>
          <line num="28" count="6" type="cond" truecount="1" falsecount="1"/>
          <line num="29" count="6" type="stmt"/>
        </file>
        <file name="index.ts" path="/home/ioffikus/projects/template-basic/src/components/Login/index.ts">
          <metrics statements="0" coveredstatements="0" conditionals="0" coveredconditionals="0" methods="0" coveredmethods="0"/>
        </file>
      </package>
      <package name="src.components.NotFound">
        <metrics statements="13" coveredstatements="2" conditionals="4" coveredconditionals="0" methods="5" coveredmethods="0"/>
        <file name="NotFound.tsx" path="/home/ioffikus/projects/template-basic/src/components/NotFound/NotFound.tsx">
          <metrics statements="7" coveredstatements="2" conditionals="2" coveredconditionals="0" methods="3" coveredmethods="0"/>
          <line num="4" count="2" type="stmt"/>
          <line num="7" count="2" type="stmt"/>
          <line num="9" count="0" type="stmt"/>
          <line num="10" count="0" type="stmt"/>
          <line num="14" count="0" type="cond" truecount="0" falsecount="2"/>
          <line num="15" count="0" type="stmt"/>
          <line num="17" count="0" type="stmt"/>
        </file>
        <file name="RedirectTo404.tsx" path="/home/ioffikus/projects/template-basic/src/components/NotFound/RedirectTo404.tsx">
          <metrics statements="6" coveredstatements="0" conditionals="2" coveredconditionals="0" methods="2" coveredmethods="0"/>
          <line num="5" count="0" type="stmt"/>
          <line num="8" count="0" type="cond" truecount="0" falsecount="2"/>
          <line num="9" count="0" type="stmt"/>
          <line num="10" count="0" type="stmt"/>
          <line num="11" count="0" type="stmt"/>
          <line num="13" count="0" type="stmt"/>
        </file>
        <file name="index.ts" path="/home/ioffikus/projects/template-basic/src/components/NotFound/index.ts">
          <metrics statements="0" coveredstatements="0" conditionals="0" coveredconditionals="0" methods="0" coveredmethods="0"/>
        </file>
      </package>
      <package name="src.components.Page">
        <metrics statements="6" coveredstatements="2" conditionals="0" coveredconditionals="0" methods="4" coveredmethods="0"/>
        <file name="Page.tsx" path="/home/ioffikus/projects/template-basic/src/components/Page/Page.tsx">
          <metrics statements="6" coveredstatements="2" conditionals="0" coveredconditionals="0" methods="4" coveredmethods="0"/>
          <line num="4" count="2" type="stmt"/>
          <line num="7" count="2" type="stmt"/>
          <line num="9" count="0" type="stmt"/>
          <line num="10" count="0" type="stmt"/>
          <line num="14" count="0" type="stmt"/>
          <line num="15" count="0" type="stmt"/>
        </file>
        <file name="index.ts" path="/home/ioffikus/projects/template-basic/src/components/Page/index.ts">
          <metrics statements="0" coveredstatements="0" conditionals="0" coveredconditionals="0" methods="0" coveredmethods="0"/>
        </file>
      </package>
      <package name="src.components.PendingNavDataLoader">
        <metrics statements="39" coveredstatements="33" conditionals="16" coveredconditionals="10" methods="11" coveredmethods="9"/>
        <file name="PendingNavDataLoader.tsx" path="/home/ioffikus/projects/template-basic/src/components/PendingNavDataLoader/PendingNavDataLoader.tsx">
          <metrics statements="39" coveredstatements="33" conditionals="16" coveredconditionals="10" methods="11" coveredmethods="9"/>
          <line num="12" count="7" type="stmt"/>
          <line num="15" count="1" type="stmt"/>
          <line num="17" count="7" type="stmt"/>
          <line num="18" count="7" type="stmt"/>
          <line num="19" count="7" type="stmt"/>
          <line num="22" count="7" type="stmt"/>
          <line num="23" count="0" type="stmt"/>
          <line num="25" count="7" type="stmt"/>
          <line num="26" count="4" type="stmt"/>
          <line num="27" count="4" type="stmt"/>
          <line num="29" count="0" type="cond" truecount="0" falsecount="2"/>
          <line num="30" count="0" type="stmt"/>
          <line num="32" count="0" type="cond" truecount="0" falsecount="2"/>
          <line num="33" count="0" type="stmt"/>
          <line num="36" count="0" type="stmt"/>
          <line num="40" count="4" type="cond" truecount="2" falsecount="0"/>
          <line num="41" count="1" type="stmt"/>
          <line num="43" count="3" type="cond" truecount="1" falsecount="1"/>
          <line num="44" count="3" type="stmt"/>
          <line num="45" count="3" type="stmt"/>
          <line num="47" count="3" type="stmt"/>
          <line num="53" count="7" type="stmt"/>
          <line num="54" count="3" type="stmt"/>
          <line num="55" count="3" type="stmt"/>
          <line num="56" count="3" type="stmt"/>
          <line num="57" count="4" type="stmt"/>
          <line num="58" count="4" type="cond" truecount="2" falsecount="0"/>
          <line num="63" count="2" type="cond" truecount="1" falsecount="1"/>
          <line num="64" count="2" type="cond" truecount="2" falsecount="0"/>
          <line num="66" count="1" type="stmt"/>
          <line num="72" count="1" type="stmt"/>
          <line num="74" count="2" type="stmt"/>
          <line num="76" count="2" type="stmt"/>
          <line num="77" count="2" type="stmt"/>
          <line num="81" count="8" type="cond" truecount="2" falsecount="0"/>
          <line num="82" count="2" type="stmt"/>
          <line num="84" count="6" type="stmt"/>
          <line num="87" count="12" type="stmt"/>
          <line num="88" count="12" type="stmt"/>
        </file>
      </package>
      <package name="src.components.PreloadingImage">
        <metrics statements="11" coveredstatements="0" conditionals="2" coveredconditionals="0" methods="6" coveredmethods="0"/>
        <file name="PreloadingImage.tsx" path="/home/ioffikus/projects/template-basic/src/components/PreloadingImage/PreloadingImage.tsx">
          <metrics statements="11" coveredstatements="0" conditionals="2" coveredconditionals="0" methods="6" coveredmethods="0"/>
          <line num="6" count="0" type="stmt"/>
          <line num="7" count="0" type="stmt"/>
          <line num="10" count="0" type="stmt"/>
          <line num="11" count="0" type="stmt"/>
          <line num="12" count="0" type="stmt"/>
          <line num="13" count="0" type="stmt"/>
          <line num="17" count="0" type="stmt"/>
          <line num="21" count="0" type="stmt"/>
          <line num="24" count="0" type="cond" truecount="0" falsecount="2"/>
          <line num="25" count="0" type="stmt"/>
          <line num="29" count="0" type="stmt"/>
        </file>
        <file name="index.ts" path="/home/ioffikus/projects/template-basic/src/components/PreloadingImage/index.ts">
          <metrics statements="0" coveredstatements="0" conditionals="0" coveredconditionals="0" methods="0" coveredmethods="0"/>
        </file>
      </package>
      <package name="src.components.Price">
        <metrics statements="17" coveredstatements="2" conditionals="8" coveredconditionals="0" methods="5" coveredmethods="0"/>
        <file name="Price.tsx" path="/home/ioffikus/projects/template-basic/src/components/Price/Price.tsx">
          <metrics statements="17" coveredstatements="2" conditionals="8" coveredconditionals="0" methods="5" coveredmethods="0"/>
          <line num="4" count="12" type="stmt"/>
          <line num="9" count="12" type="stmt"/>
          <line num="11" count="0" type="stmt"/>
          <line num="12" count="0" type="stmt"/>
          <line num="13" count="0" type="stmt"/>
          <line num="14" count="0" type="stmt"/>
          <line num="15" count="0" type="cond" truecount="0" falsecount="2"/>
          <line num="16" count="0" type="stmt"/>
          <line num="20" count="0" type="cond" truecount="0" falsecount="2"/>
          <line num="24" count="0" type="stmt"/>
          <line num="32" count="0" type="stmt"/>
          <line num="33" count="0" type="stmt"/>
          <line num="34" count="0" type="cond" truecount="0" falsecount="2"/>
          <line num="35" count="0" type="stmt"/>
          <line num="37" count="0" type="stmt"/>
          <line num="41" count="0" type="stmt"/>
          <line num="42" count="0" type="stmt"/>
        </file>
        <file name="index.ts" path="/home/ioffikus/projects/template-basic/src/components/Price/index.ts">
          <metrics statements="0" coveredstatements="0" conditionals="0" coveredconditionals="0" methods="0" coveredmethods="0"/>
        </file>
      </package>
      <package name="src.components.Product">
        <metrics statements="67" coveredstatements="25" conditionals="14" coveredconditionals="0" methods="23" coveredmethods="8"/>
        <file name="Description.tsx" path="/home/ioffikus/projects/template-basic/src/components/Product/Description.tsx">
          <metrics statements="19" coveredstatements="18" conditionals="0" coveredconditionals="0" methods="7" coveredmethods="6"/>
          <line num="10" count="4" type="stmt"/>
          <line num="14" count="4" type="stmt"/>
          <line num="16" count="3" type="stmt"/>
          <line num="17" count="3" type="stmt"/>
          <line num="20" count="3" type="stmt"/>
          <line num="21" count="1" type="stmt"/>
          <line num="22" count="0" type="stmt"/>
          <line num="27" count="3" type="stmt"/>
          <line num="28" count="1" type="stmt"/>
          <line num="32" count="3" type="stmt"/>
          <line num="33" count="1" type="stmt"/>
          <line num="37" count="6" type="stmt"/>
          <line num="40" count="6" type="stmt"/>
          <line num="41" count="6" type="stmt"/>
          <line num="42" count="6" type="stmt"/>
          <line num="43" count="6" type="stmt"/>
          <line num="46" count="6" type="stmt"/>
          <line num="47" count="6" type="stmt"/>
          <line num="48" count="6" type="stmt"/>
        </file>
        <file name="Details.tsx" path="/home/ioffikus/projects/template-basic/src/components/Product/Details.tsx">
          <metrics statements="34" coveredstatements="2" conditionals="12" coveredconditionals="0" methods="10" coveredmethods="0"/>
          <line num="7" count="3" type="stmt"/>
          <line num="16" count="3" type="stmt"/>
          <line num="18" count="0" type="stmt"/>
          <line num="19" count="0" type="stmt"/>
          <line num="20" count="0" type="stmt"/>
          <line num="21" count="0" type="stmt"/>
          <line num="25" count="0" type="stmt"/>
          <line num="26" count="0" type="stmt"/>
          <line num="30" count="0" type="cond" truecount="0" falsecount="2"/>
          <line num="31" count="0" type="stmt"/>
          <line num="32" count="0" type="stmt"/>
          <line num="36" count="0" type="stmt"/>
          <line num="37" count="0" type="stmt"/>
          <line num="38" count="0" type="cond" truecount="0" falsecount="2"/>
          <line num="39" count="0" type="stmt"/>
          <line num="41" count="0" type="stmt"/>
          <line num="42" count="0" type="stmt"/>
          <line num="43" count="0" type="cond" truecount="0" falsecount="2"/>
          <line num="44" count="0" type="stmt"/>
          <line num="45" count="0" type="stmt"/>
          <line num="46" count="0" type="stmt"/>
          <line num="49" count="0" type="stmt"/>
          <line num="52" count="0" type="stmt"/>
          <line num="95" count="0" type="stmt"/>
          <line num="96" count="0" type="stmt"/>
          <line num="97" count="0" type="stmt"/>
          <line num="98" count="0" type="stmt"/>
          <line num="109" count="0" type="stmt"/>
          <line num="110" count="0" type="stmt"/>
          <line num="111" count="0" type="stmt"/>
          <line num="112" count="0" type="stmt"/>
          <line num="113" count="0" type="stmt"/>
          <line num="114" count="0" type="stmt"/>
          <line num="126" count="0" type="stmt"/>
        </file>
        <file name="Product.tsx" path="/home/ioffikus/projects/template-basic/src/components/Product/Product.tsx">
          <metrics statements="3" coveredstatements="3" conditionals="0" coveredconditionals="0" methods="2" coveredmethods="2"/>
          <line num="12" count="1" type="stmt"/>
          <line num="43" count="3" type="stmt"/>
          <line num="44" count="1" type="stmt"/>
        </file>
        <file name="SocialLinks.tsx" path="/home/ioffikus/projects/template-basic/src/components/Product/SocialLinks.tsx">
          <metrics statements="11" coveredstatements="2" conditionals="2" coveredconditionals="0" methods="4" coveredmethods="0"/>
          <line num="6" count="3" type="stmt"/>
          <line num="9" count="3" type="stmt"/>
          <line num="11" count="0" type="stmt"/>
          <line num="12" count="0" type="stmt"/>
          <line num="13" count="0" type="stmt"/>
          <line num="14" count="0" type="cond" truecount="0" falsecount="2"/>
          <line num="15" count="0" type="stmt"/>
          <line num="18" count="0" type="stmt"/>
          <line num="61" count="0" type="stmt"/>
          <line num="62" count="0" type="stmt"/>
          <line num="63" count="0" type="stmt"/>
        </file>
        <file name="index.ts" path="/home/ioffikus/projects/template-basic/src/components/Product/index.ts">
          <metrics statements="0" coveredstatements="0" conditionals="0" coveredconditionals="0" methods="0" coveredmethods="0"/>
        </file>
      </package>
      <package name="src.components.ProductImagePreview">
        <metrics statements="52" coveredstatements="2" conditionals="13" coveredconditionals="0" methods="26" coveredmethods="0"/>
        <file name="Cropper.tsx" path="/home/ioffikus/projects/template-basic/src/components/ProductImagePreview/Cropper.tsx">
          <metrics statements="19" coveredstatements="0" conditionals="2" coveredconditionals="0" methods="10" coveredmethods="0"/>
          <line num="7" count="0" type="stmt"/>
          <line num="8" count="0" type="stmt"/>
          <line num="12" count="0" type="stmt"/>
          <line num="13" count="0" type="stmt"/>
          <line num="15" count="0" type="stmt"/>
          <line num="16" count="0" type="stmt"/>
          <line num="18" count="0" type="stmt"/>
          <line num="19" count="0" type="stmt"/>
          <line num="20" count="0" type="stmt"/>
          <line num="24" count="0" type="stmt"/>
          <line num="25" count="0" type="stmt"/>
          <line num="28" count="0" type="stmt"/>
          <line num="30" count="0" type="stmt"/>
          <line num="31" count="0" type="stmt"/>
          <line num="35" count="0" type="cond" truecount="0" falsecount="2"/>
          <line num="36" count="0" type="stmt"/>
          <line num="40" count="0" type="stmt"/>
          <line num="41" count="0" type="stmt"/>
          <line num="115" count="0" type="stmt"/>
        </file>
        <file name="ProductImagePreview.tsx" path="/home/ioffikus/projects/template-basic/src/components/ProductImagePreview/ProductImagePreview.tsx">
          <metrics statements="9" coveredstatements="2" conditionals="11" coveredconditionals="0" methods="4" coveredmethods="0"/>
          <line num="7" count="3" type="stmt"/>
          <line num="13" count="3" type="stmt"/>
          <line num="15" count="0" type="stmt"/>
          <line num="16" count="0" type="stmt"/>
          <line num="21" count="0" type="stmt"/>
          <line num="24" count="0" type="stmt"/>
          <line num="25" count="0" type="stmt"/>
          <line num="26" count="0" type="stmt"/>
          <line num="27" count="0" type="stmt"/>
        </file>
        <file name="Slider.tsx" path="/home/ioffikus/projects/template-basic/src/components/ProductImagePreview/Slider.tsx">
          <metrics statements="24" coveredstatements="0" conditionals="0" coveredconditionals="0" methods="12" coveredmethods="0"/>
          <line num="7" count="0" type="stmt"/>
          <line num="8" count="0" type="stmt"/>
          <line num="11" count="0" type="stmt"/>
          <line num="20" count="0" type="stmt"/>
          <line num="24" count="0" type="stmt"/>
          <line num="29" count="0" type="stmt"/>
          <line num="30" count="0" type="stmt"/>
          <line num="33" count="0" type="stmt"/>
          <line num="35" count="0" type="stmt"/>
          <line num="36" count="0" type="stmt"/>
          <line num="40" count="0" type="stmt"/>
          <line num="41" count="0" type="stmt"/>
          <line num="42" count="0" type="stmt"/>
          <line num="44" count="0" type="stmt"/>
          <line num="45" count="0" type="stmt"/>
          <line num="46" count="0" type="stmt"/>
          <line num="48" count="0" type="stmt"/>
          <line num="49" count="0" type="stmt"/>
          <line num="51" count="0" type="stmt"/>
          <line num="52" count="0" type="stmt"/>
          <line num="56" count="0" type="stmt"/>
          <line num="57" count="0" type="stmt"/>
          <line num="108" count="0" type="stmt"/>
          <line num="114" count="0" type="stmt"/>
        </file>
        <file name="index.ts" path="/home/ioffikus/projects/template-basic/src/components/ProductImagePreview/index.ts">
          <metrics statements="0" coveredstatements="0" conditionals="0" coveredconditionals="0" methods="0" coveredmethods="0"/>
        </file>
      </package>
      <package name="src.components.ProductItems">
        <metrics statements="30" coveredstatements="0" conditionals="20" coveredconditionals="0" methods="10" coveredmethods="0"/>
        <file name="Item.tsx" path="/home/ioffikus/projects/template-basic/src/components/ProductItems/Item.tsx">
          <metrics statements="13" coveredstatements="0" conditionals="16" coveredconditionals="0" methods="1" coveredmethods="0"/>
          <line num="12" count="0" type="stmt"/>
          <line num="13" count="0" type="stmt"/>
          <line num="14" count="0" type="stmt"/>
          <line num="15" count="0" type="stmt"/>
          <line num="16" count="0" type="stmt"/>
          <line num="17" count="0" type="stmt"/>
          <line num="18" count="0" type="stmt"/>
          <line num="19" count="0" type="stmt"/>
          <line num="20" count="0" type="stmt"/>
          <line num="21" count="0" type="stmt"/>
          <line num="22" count="0" type="stmt"/>
          <line num="23" count="0" type="cond" truecount="0" falsecount="2"/>
          <line num="25" count="0" type="stmt"/>
        </file>
        <file name="ProductItems.tsx" path="/home/ioffikus/projects/template-basic/src/components/ProductItems/ProductItems.tsx">
          <metrics statements="17" coveredstatements="0" conditionals="4" coveredconditionals="0" methods="9" coveredmethods="0"/>
          <line num="12" count="0" type="stmt"/>
          <line num="13" count="0" type="stmt"/>
          <line num="16" count="0" type="stmt"/>
          <line num="17" count="0" type="stmt"/>
          <line num="19" count="0" type="stmt"/>
          <line num="20" count="0" type="stmt"/>
          <line num="24" count="0" type="stmt"/>
          <line num="25" count="0" type="stmt"/>
          <line num="26" count="0" type="stmt"/>
          <line num="31" count="0" type="stmt"/>
          <line num="32" count="0" type="stmt"/>
          <line num="33" count="0" type="stmt"/>
          <line num="34" count="0" type="stmt"/>
          <line num="35" count="0" type="stmt"/>
          <line num="39" count="0" type="stmt"/>
          <line num="40" count="0" type="stmt"/>
          <line num="51" count="0" type="stmt"/>
        </file>
        <file name="index.ts" path="/home/ioffikus/projects/template-basic/src/components/ProductItems/index.ts">
          <metrics statements="0" coveredstatements="0" conditionals="0" coveredconditionals="0" methods="0" coveredmethods="0"/>
        </file>
      </package>
      <package name="src.components.SiderMenu">
        <metrics statements="16" coveredstatements="1" conditionals="6" coveredconditionals="0" methods="8" coveredmethods="0"/>
        <file name="SiderMenu.tsx" path="/home/ioffikus/projects/template-basic/src/components/SiderMenu/SiderMenu.tsx">
          <metrics statements="16" coveredstatements="1" conditionals="6" coveredconditionals="0" methods="8" coveredmethods="0"/>
          <line num="7" count="0" type="stmt"/>
          <line num="8" count="0" type="stmt"/>
          <line num="12" count="0" type="stmt"/>
          <line num="13" count="0" type="stmt"/>
          <line num="17" count="0" type="stmt"/>
          <line num="18" count="0" type="stmt"/>
          <line num="22" count="0" type="stmt"/>
          <line num="23" count="0" type="cond" truecount="0" falsecount="2"/>
          <line num="24" count="0" type="stmt"/>
          <line num="25" count="0" type="cond" truecount="0" falsecount="2"/>
          <line num="26" count="0" type="stmt"/>
          <line num="29" count="0" type="stmt"/>
          <line num="34" count="0" type="stmt"/>
          <line num="37" count="0" type="stmt"/>
          <line num="40" count="0" type="stmt"/>
          <line num="126" count="4" type="stmt"/>
        </file>
        <file name="index.ts" path="/home/ioffikus/projects/template-basic/src/components/SiderMenu/index.ts">
          <metrics statements="0" coveredstatements="0" conditionals="0" coveredconditionals="0" methods="0" coveredmethods="0"/>
        </file>
      </package>
      <package name="src.components.Svg">
        <metrics statements="3" coveredstatements="2" conditionals="0" coveredconditionals="0" methods="2" coveredmethods="0"/>
        <file name="Sprite.tsx" path="/home/ioffikus/projects/template-basic/src/components/Svg/Sprite.tsx">
          <metrics statements="1" coveredstatements="0" conditionals="0" coveredconditionals="0" methods="1" coveredmethods="0"/>
          <line num="4" count="0" type="stmt"/>
        </file>
        <file name="Svg.tsx" path="/home/ioffikus/projects/template-basic/src/components/Svg/Svg.tsx">
          <metrics statements="2" coveredstatements="2" conditionals="0" coveredconditionals="0" methods="1" coveredmethods="0"/>
          <line num="2" count="12" type="stmt"/>
          <line num="5" count="12" type="stmt"/>
        </file>
        <file name="index.ts" path="/home/ioffikus/projects/template-basic/src/components/Svg/index.ts">
          <metrics statements="0" coveredstatements="0" conditionals="0" coveredconditionals="0" methods="0" coveredmethods="0"/>
        </file>
      </package>
      <package name="src.components.User">
        <metrics statements="26" coveredstatements="2" conditionals="6" coveredconditionals="0" methods="11" coveredmethods="0"/>
        <file name="User.tsx" path="/home/ioffikus/projects/template-basic/src/components/User/User.tsx">
          <metrics statements="26" coveredstatements="2" conditionals="6" coveredconditionals="0" methods="11" coveredmethods="0"/>
          <line num="11" count="2" type="stmt"/>
          <line num="15" count="2" type="stmt"/>
          <line num="17" count="0" type="stmt"/>
          <line num="18" count="0" type="stmt"/>
          <line num="19" count="0" type="stmt"/>
          <line num="20" count="0" type="stmt"/>
          <line num="21" count="0" type="stmt"/>
          <line num="22" count="0" type="stmt"/>
          <line num="24" count="0" type="stmt"/>
          <line num="25" count="0" type="stmt"/>
          <line num="28" count="0" type="stmt"/>
          <line num="29" count="0" type="stmt"/>
          <line num="30" count="0" type="cond" truecount="0" falsecount="2"/>
          <line num="31" count="0" type="stmt"/>
          <line num="32" count="0" type="cond" truecount="0" falsecount="2"/>
          <line num="33" count="0" type="stmt"/>
          <line num="38" count="0" type="stmt"/>
          <line num="39" count="0" type="stmt"/>
          <line num="43" count="0" type="stmt"/>
          <line num="46" count="0" type="cond" truecount="0" falsecount="2"/>
          <line num="47" count="0" type="stmt"/>
          <line num="51" count="0" type="stmt"/>
          <line num="52" count="0" type="stmt"/>
          <line num="55" count="0" type="stmt"/>
          <line num="56" count="0" type="stmt"/>
          <line num="57" count="0" type="stmt"/>
        </file>
        <file name="index.ts" path="/home/ioffikus/projects/template-basic/src/components/User/index.ts">
          <metrics statements="0" coveredstatements="0" conditionals="0" coveredconditionals="0" methods="0" coveredmethods="0"/>
        </file>
      </package>
      <package name="src.components.UserAccount">
        <metrics statements="26" coveredstatements="24" conditionals="8" coveredconditionals="4" methods="11" coveredmethods="9"/>
        <file name="MainForm.tsx" path="/home/ioffikus/projects/template-basic/src/components/UserAccount/MainForm.tsx">
          <metrics statements="20" coveredstatements="19" conditionals="4" coveredconditionals="3" methods="7" coveredmethods="6"/>
          <line num="4" count="4" type="stmt"/>
          <line num="6" count="5" type="stmt"/>
          <line num="7" count="5" type="stmt"/>
          <line num="10" count="5" type="stmt"/>
          <line num="11" count="1" type="stmt"/>
          <line num="12" count="1" type="stmt"/>
          <line num="17" count="5" type="stmt"/>
          <line num="18" count="1" type="stmt"/>
          <line num="19" count="1" type="stmt"/>
          <line num="20" count="1" type="cond" truecount="1" falsecount="1"/>
          <line num="21" count="1" type="stmt"/>
          <line num="22" count="1" type="stmt"/>
          <line num="27" count="1" type="stmt"/>
          <line num="28" count="0" type="stmt"/>
          <line num="37" count="8" type="stmt"/>
          <line num="38" count="8" type="stmt"/>
          <line num="39" count="8" type="stmt"/>
          <line num="40" count="8" type="stmt"/>
          <line num="41" count="8" type="stmt"/>
          <line num="45" count="8" type="stmt"/>
        </file>
        <file name="UserAccount.tsx" path="/home/ioffikus/projects/template-basic/src/components/UserAccount/UserAccount.tsx">
          <metrics statements="6" coveredstatements="5" conditionals="4" coveredconditionals="1" methods="4" coveredmethods="3"/>
          <line num="7" count="3" type="stmt"/>
          <line num="12" count="3" type="stmt"/>
          <line num="14" count="1" type="stmt"/>
          <line num="15" count="1" type="stmt"/>
          <line num="16" count="0" type="stmt"/>
          <line num="20" count="1" type="stmt"/>
        </file>
        <file name="index.ts" path="/home/ioffikus/projects/template-basic/src/components/UserAccount/index.ts">
          <metrics statements="0" coveredstatements="0" conditionals="0" coveredconditionals="0" methods="0" coveredmethods="0"/>
        </file>
      </package>
      <package name="src.components.UserOrders">
        <metrics statements="76" coveredstatements="63" conditionals="22" coveredconditionals="22" methods="28" coveredmethods="19"/>
        <file name="Actions.tsx" path="/home/ioffikus/projects/template-basic/src/components/UserOrders/Actions.tsx">
          <metrics statements="9" coveredstatements="9" conditionals="2" coveredconditionals="2" methods="4" coveredmethods="4"/>
          <line num="6" count="4" type="stmt"/>
          <line num="10" count="4" type="stmt"/>
          <line num="12" count="4" type="stmt"/>
          <line num="13" count="4" type="stmt"/>
          <line num="14" count="1" type="stmt"/>
          <line num="15" count="1" type="stmt"/>
          <line num="19" count="4" type="stmt"/>
          <line num="20" count="4" type="stmt"/>
          <line num="21" count="4" type="stmt"/>
        </file>
        <file name="CartItems.tsx" path="/home/ioffikus/projects/template-basic/src/components/UserOrders/CartItems.tsx">
          <metrics statements="19" coveredstatements="15" conditionals="0" coveredconditionals="0" methods="7" coveredmethods="4"/>
          <line num="9" count="2" type="stmt"/>
          <line num="10" count="2" type="stmt"/>
          <line num="11" count="2" type="stmt"/>
          <line num="12" count="1" type="stmt"/>
          <line num="13" count="1" type="stmt"/>
          <line num="14" count="1" type="stmt"/>
          <line num="15" count="1" type="stmt"/>
          <line num="16" count="1" type="stmt"/>
          <line num="17" count="1" type="stmt"/>
          <line num="18" count="1" type="stmt"/>
          <line num="19" count="1" type="stmt"/>
          <line num="20" count="1" type="stmt"/>
          <line num="25" count="2" type="stmt"/>
          <line num="26" count="2" type="stmt"/>
          <line num="31" count="0" type="stmt"/>
          <line num="38" count="0" type="stmt"/>
          <line num="46" count="0" type="stmt"/>
          <line num="47" count="0" type="stmt"/>
          <line num="51" count="2" type="stmt"/>
        </file>
        <file name="Status.tsx" path="/home/ioffikus/projects/template-basic/src/components/UserOrders/Status.tsx">
          <metrics statements="3" coveredstatements="3" conditionals="4" coveredconditionals="4" methods="1" coveredmethods="1"/>
          <line num="6" count="2" type="stmt"/>
          <line num="7" count="2" type="cond" truecount="2" falsecount="0"/>
          <line num="8" count="2" type="stmt"/>
        </file>
        <file name="TransactionInfo.tsx" path="/home/ioffikus/projects/template-basic/src/components/UserOrders/TransactionInfo.tsx">
          <metrics statements="3" coveredstatements="3" conditionals="4" coveredconditionals="4" methods="1" coveredmethods="1"/>
          <line num="4" count="4" type="stmt"/>
          <line num="5" count="4" type="stmt"/>
          <line num="6" count="4" type="stmt"/>
        </file>
        <file name="UserOrders.tsx" path="/home/ioffikus/projects/template-basic/src/components/UserOrders/UserOrders.tsx">
          <metrics statements="42" coveredstatements="33" conditionals="12" coveredconditionals="12" methods="15" coveredmethods="9"/>
          <line num="12" count="5" type="stmt"/>
          <line num="19" count="3" type="stmt"/>
          <line num="21" count="5" type="stmt"/>
          <line num="22" count="5" type="stmt"/>
          <line num="26" count="5" type="stmt"/>
          <line num="27" count="5" type="stmt"/>
          <line num="28" count="0" type="stmt"/>
          <line num="30" count="5" type="stmt"/>
          <line num="31" count="5" type="stmt"/>
          <line num="32" count="10" type="stmt"/>
          <line num="33" count="10" type="stmt"/>
          <line num="34" count="10" type="stmt"/>
          <line num="35" count="10" type="stmt"/>
          <line num="38" count="10" type="stmt"/>
          <line num="39" count="10" type="stmt"/>
          <line num="41" count="10" type="stmt"/>
          <line num="42" count="10" type="stmt"/>
          <line num="43" count="10" type="stmt"/>
          <line num="44" count="10" type="stmt"/>
          <line num="45" count="10" type="stmt"/>
          <line num="46" count="10" type="stmt"/>
          <line num="61" count="5" type="stmt"/>
          <line num="62" count="0" type="stmt"/>
          <line num="63" count="0" type="stmt"/>
          <line num="65" count="5" type="stmt"/>
          <line num="66" count="1" type="stmt"/>
          <line num="67" count="1" type="stmt"/>
          <line num="68" count="1" type="stmt"/>
          <line num="69" count="1" type="stmt"/>
          <line num="76" count="5" type="stmt"/>
          <line num="77" count="5" type="stmt"/>
          <line num="80" count="11" type="stmt"/>
          <line num="81" count="11" type="stmt"/>
          <line num="82" count="11" type="stmt"/>
          <line num="87" count="0" type="stmt"/>
          <line num="88" count="0" type="stmt"/>
          <line num="97" count="0" type="stmt"/>
          <line num="98" count="0" type="stmt"/>
          <line num="105" count="0" type="stmt"/>
          <line num="106" count="0" type="stmt"/>
          <line num="110" count="11" type="cond" truecount="2" falsecount="0"/>
          <line num="111" count="11" type="stmt"/>
        </file>
        <file name="index.ts" path="/home/ioffikus/projects/template-basic/src/components/UserOrders/index.ts">
          <metrics statements="0" coveredstatements="0" conditionals="0" coveredconditionals="0" methods="0" coveredmethods="0"/>
        </file>
      </package>
      <package name="src.components.UserPurchases">
        <metrics statements="37" coveredstatements="2" conditionals="10" coveredconditionals="0" methods="15" coveredmethods="0"/>
        <file name="CartPaidItems.tsx" path="/home/ioffikus/projects/template-basic/src/components/UserPurchases/CartPaidItems.tsx">
          <metrics statements="23" coveredstatements="0" conditionals="0" coveredconditionals="0" methods="8" coveredmethods="0"/>
          <line num="9" count="0" type="stmt"/>
          <line num="10" count="0" type="stmt"/>
          <line num="11" count="0" type="stmt"/>
          <line num="12" count="0" type="stmt"/>
          <line num="13" count="0" type="stmt"/>
          <line num="14" count="0" type="stmt"/>
          <line num="15" count="0" type="stmt"/>
          <line num="16" count="0" type="stmt"/>
          <line num="17" count="0" type="stmt"/>
          <line num="18" count="0" type="stmt"/>
          <line num="19" count="0" type="stmt"/>
          <line num="20" count="0" type="stmt"/>
          <line num="21" count="0" type="stmt"/>
          <line num="35" count="0" type="stmt"/>
          <line num="36" count="0" type="stmt"/>
          <line num="42" count="0" type="stmt"/>
          <line num="50" count="0" type="stmt"/>
          <line num="51" count="0" type="stmt"/>
          <line num="64" count="0" type="stmt"/>
          <line num="65" count="0" type="stmt"/>
          <line num="73" count="0" type="stmt"/>
          <line num="74" count="0" type="stmt"/>
          <line num="78" count="0" type="stmt"/>
        </file>
        <file name="UserPurchases.tsx" path="/home/ioffikus/projects/template-basic/src/components/UserPurchases/UserPurchases.tsx">
          <metrics statements="14" coveredstatements="2" conditionals="10" coveredconditionals="0" methods="7" coveredmethods="0"/>
          <line num="8" count="2" type="stmt"/>
          <line num="14" count="2" type="stmt"/>
          <line num="16" count="0" type="stmt"/>
          <line num="17" count="0" type="stmt"/>
          <line num="21" count="0" type="stmt"/>
          <line num="22" count="0" type="stmt"/>
          <line num="23" count="0" type="stmt"/>
          <line num="24" count="0" type="stmt"/>
          <line num="25" count="0" type="stmt"/>
          <line num="32" count="0" type="stmt"/>
          <line num="33" count="0" type="stmt"/>
          <line num="36" count="0" type="stmt"/>
          <line num="37" count="0" type="stmt"/>
          <line num="38" count="0" type="stmt"/>
        </file>
        <file name="index.ts" path="/home/ioffikus/projects/template-basic/src/components/UserPurchases/index.ts">
          <metrics statements="0" coveredstatements="0" conditionals="0" coveredconditionals="0" methods="0" coveredmethods="0"/>
        </file>
      </package>
      <package name="src.configs">
        <metrics statements="12" coveredstatements="12" conditionals="58" coveredconditionals="58" methods="0" coveredmethods="0"/>
        <file name="common.ts" path="/home/ioffikus/projects/template-basic/src/configs/common.ts">
          <metrics statements="1" coveredstatements="1" conditionals="10" coveredconditionals="10" methods="0" coveredmethods="0"/>
          <line num="1" count="26" type="stmt"/>
        </file>
        <file name="currencies.ts" path="/home/ioffikus/projects/template-basic/src/configs/currencies.ts">
          <metrics statements="1" coveredstatements="1" conditionals="0" coveredconditionals="0" methods="0" coveredmethods="0"/>
          <line num="2" count="1" type="stmt"/>
        </file>
        <file name="endpoints.ts" path="/home/ioffikus/projects/template-basic/src/configs/endpoints.ts">
          <metrics statements="1" coveredstatements="1" conditionals="0" coveredconditionals="0" methods="0" coveredmethods="0"/>
          <line num="2" count="25" type="stmt"/>
        </file>
        <file name="react.ts" path="/home/ioffikus/projects/template-basic/src/configs/react.ts">
          <metrics statements="1" coveredstatements="1" conditionals="2" coveredconditionals="2" methods="0" coveredmethods="0"/>
          <line num="1" count="1" type="stmt"/>
        </file>
        <file name="server.ts" path="/home/ioffikus/projects/template-basic/src/configs/server.ts">
          <metrics statements="8" coveredstatements="8" conditionals="46" coveredconditionals="46" methods="0" coveredmethods="0"/>
          <line num="4" count="26" type="stmt"/>
          <line num="46" count="26" type="stmt"/>
          <line num="48" count="26" type="stmt"/>
          <line num="49" count="26" type="stmt"/>
          <line num="53" count="26" type="stmt"/>
          <line num="54" count="26" type="stmt"/>
          <line num="55" count="26" type="stmt"/>
          <line num="56" count="26" type="stmt"/>
        </file>
      </package>
      <package name="src.configs.validators">
        <metrics statements="7" coveredstatements="7" conditionals="0" coveredconditionals="0" methods="6" coveredmethods="6"/>
        <file name="globalSchemaJoi.ts" path="/home/ioffikus/projects/template-basic/src/configs/validators/globalSchemaJoi.ts">
          <metrics statements="7" coveredstatements="7" conditionals="0" coveredconditionals="0" methods="6" coveredmethods="6"/>
          <line num="2" count="194" type="stmt"/>
          <line num="7" count="388" type="stmt"/>
          <line num="15" count="191" type="stmt"/>
          <line num="27" count="12" type="stmt"/>
          <line num="47" count="3" type="stmt"/>
          <line num="51" count="3" type="stmt"/>
          <line num="54" count="1" type="stmt"/>
        </file>
      </package>
      <package name="src.core">
        <metrics statements="23" coveredstatements="20" conditionals="18" coveredconditionals="13" methods="10" coveredmethods="9"/>
        <file name="API.ts" path="/home/ioffikus/projects/template-basic/src/core/API.ts">
          <metrics statements="23" coveredstatements="20" conditionals="18" coveredconditionals="13" methods="10" coveredmethods="9"/>
          <line num="3" count="25" type="stmt"/>
          <line num="4" count="25" type="stmt"/>
          <line num="5" count="53" type="cond" truecount="1" falsecount="1"/>
          <line num="6" count="53" type="stmt"/>
          <line num="7" count="53" type="cond" truecount="3" falsecount="1"/>
          <line num="8" count="0" type="stmt"/>
          <line num="11" count="53" type="stmt"/>
          <line num="13" count="0" type="stmt"/>
          <line num="15" count="25" type="stmt"/>
          <line num="16" count="34" type="cond" truecount="1" falsecount="1"/>
          <line num="17" count="34" type="stmt"/>
          <line num="18" count="34" type="cond" truecount="3" falsecount="1"/>
          <line num="19" count="0" type="stmt"/>
          <line num="22" count="34" type="stmt"/>
          <line num="24" count="19" type="stmt"/>
          <line num="26" count="25" type="stmt"/>
          <line num="27" count="53" type="cond" truecount="4" falsecount="0"/>
          <line num="29" count="53" type="cond" truecount="1" falsecount="1"/>
          <line num="30" count="53" type="stmt"/>
          <line num="34" count="39" type="stmt"/>
          <line num="35" count="25" type="stmt"/>
          <line num="36" count="25" type="stmt"/>
          <line num="37" count="25" type="stmt"/>
        </file>
      </package>
      <package name="src.ducks">
        <metrics statements="731" coveredstatements="634" conditionals="146" coveredconditionals="75" methods="229" coveredmethods="211"/>
        <file name="auth.ts" path="/home/ioffikus/projects/template-basic/src/ducks/auth.ts">
          <metrics statements="51" coveredstatements="51" conditionals="6" coveredconditionals="3" methods="22" coveredmethods="22"/>
          <line num="5" count="5" type="stmt"/>
          <line num="6" count="5" type="stmt"/>
          <line num="7" count="5" type="stmt"/>
          <line num="15" count="5" type="stmt"/>
          <line num="16" count="5" type="stmt"/>
          <line num="17" count="5" type="stmt"/>
[...]
          <line num="30" count="1" type="stmt"/>
          <line num="33" count="2" type="stmt"/>
          <line num="34" count="2" type="stmt"/>
        </file>
        <file name="product.ts" path="/home/ioffikus/projects/template-basic/src/ducks/product.ts">
          <metrics statements="26" coveredstatements="26" conditionals="10" coveredconditionals="5" methods="9" coveredmethods="9"/>
          <line num="7" count="4" type="stmt"/>
          <line num="8" count="4" type="stmt"/>
          <line num="9" count="4" type="stmt"/>
          <line num="20" count="4" type="stmt"/>
          <line num="21" count="4" type="stmt"/>
          <line num="22" count="4" type="cond" truecount="5" falsecount="5"/>
          <line num="23" count="4" type="stmt"/>
          <line num="24" count="4" type="stmt"/>
          <line num="25" count="4" type="stmt"/>
          <line num="26" count="4" type="stmt"/>
          <line num="27" count="4" type="stmt"/>
          <line num="28" count="2" type="stmt"/>
          <line num="29" count="2" type="stmt"/>
          <line num="30" count="2" type="stmt"/>
          <line num="31" count="2" type="stmt"/>
          <line num="32" count="2" type="stmt"/>
          <line num="33" count="2" type="stmt"/>
          <line num="37" count="1" type="stmt"/>
          <line num="38" count="1" type="stmt"/>
          <line num="39" count="1" type="stmt"/>
          <line num="42" count="1" type="stmt"/>
          <line num="43" count="1" type="stmt"/>
          <line num="46" count="1" type="stmt"/>
          <line num="47" count="1" type="stmt"/>
          <line num="48" count="1" type="stmt"/>
          <line num="49" count="1" type="stmt"/>
        </file>
        <file name="recommendItems.ts" path="/home/ioffikus/projects/template-basic/src/ducks/recommendItems.ts">
          <metrics statements="19" coveredstatements="19" conditionals="0" coveredconditionals="0" methods="8" coveredmethods="8"/>
          <line num="4" count="1" type="stmt"/>
          <line num="5" count="1" type="stmt"/>
          <line num="6" count="1" type="stmt"/>
          <line num="13" count="1" type="stmt"/>
          <line num="14" count="1" type="stmt"/>
          <line num="15" count="1" type="stmt"/>
          <line num="17" count="1" type="stmt"/>
          <line num="18" count="1" type="stmt"/>
          <line num="19" count="1" type="stmt"/>
          <line num="20" count="2" type="stmt"/>
          <line num="21" count="2" type="stmt"/>
          <line num="22" count="2" type="stmt"/>
          <line num="23" count="2" type="stmt"/>
          <line num="24" count="2" type="stmt"/>
          <line num="29" count="1" type="stmt"/>
          <line num="30" count="1" type="stmt"/>
          <line num="31" count="1" type="stmt"/>
          <line num="34" count="1" type="stmt"/>
          <line num="35" count="1" type="stmt"/>
        </file>
        <file name="ui.ts" path="/home/ioffikus/projects/template-basic/src/ducks/ui.ts">
          <metrics statements="10" coveredstatements="10" conditionals="0" coveredconditionals="0" methods="3" coveredmethods="1"/>
          <line num="2" count="2" type="stmt"/>
          <line num="3" count="2" type="stmt"/>
          <line num="4" count="2" type="stmt"/>
          <line num="8" count="2" type="stmt"/>
          <line num="9" count="2" type="stmt"/>
          <line num="10" count="2" type="stmt"/>
          <line num="11" count="2" type="stmt"/>
          <line num="12" count="2" type="stmt"/>
          <line num="13" count="2" type="stmt"/>
          <line num="14" count="2" type="stmt"/>
        </file>
        <file name="user.ts" path="/home/ioffikus/projects/template-basic/src/ducks/user.ts">
          <metrics statements="31" coveredstatements="31" conditionals="2" coveredconditionals="1" methods="13" coveredmethods="13"/>
          <line num="4" count="4" type="stmt"/>
          <line num="5" count="4" type="stmt"/>
          <line num="6" count="4" type="stmt"/>
          <line num="13" count="4" type="stmt"/>
          <line num="14" count="4" type="stmt"/>
          <line num="15" count="4" type="stmt"/>
          <line num="18" count="4" type="stmt"/>
          <line num="19" count="4" type="stmt"/>
          <line num="20" count="4" type="stmt"/>
          <line num="21" count="4" type="stmt"/>
          <line num="22" count="4" type="stmt"/>
          <line num="23" count="2" type="stmt"/>
          <line num="24" count="2" type="stmt"/>
          <line num="25" count="2" type="stmt"/>
          <line num="29" count="1" type="stmt"/>
          <line num="30" count="1" type="stmt"/>
          <line num="31" count="1" type="stmt"/>
          <line num="34" count="1" type="stmt"/>
          <line num="35" count="1" type="stmt"/>
          <line num="39" count="4" type="stmt"/>
          <line num="40" count="2" type="stmt"/>
          <line num="41" count="2" type="stmt"/>
          <line num="42" count="2" type="stmt"/>
          <line num="43" count="2" type="stmt"/>
          <line num="48" count="1" type="stmt"/>
          <line num="49" count="1" type="stmt"/>
          <line num="50" count="1" type="cond" truecount="1" falsecount="1"/>
          <line num="51" count="1" type="stmt"/>
          <line num="53" count="1" type="stmt"/>
          <line num="56" count="1" type="stmt"/>
          <line num="57" count="1" type="stmt"/>
        </file>
        <file name="userDelivery.ts" path="/home/ioffikus/projects/template-basic/src/ducks/userDelivery.ts">
          <metrics statements="8" coveredstatements="8" conditionals="0" coveredconditionals="0" methods="2" coveredmethods="2"/>
          <line num="2" count="1" type="stmt"/>
          <line num="3" count="1" type="stmt"/>
          <line num="4" count="1" type="stmt"/>
          <line num="15" count="1" type="stmt"/>
          <line num="16" count="1" type="stmt"/>
          <line num="17" count="1" type="stmt"/>
          <line num="26" count="1" type="stmt"/>
          <line num="27" count="1" type="stmt"/>
        </file>
        <file name="userOrders.ts" path="/home/ioffikus/projects/template-basic/src/ducks/userOrders.ts">
          <metrics statements="97" coveredstatements="71" conditionals="29" coveredconditionals="14" methods="27" coveredmethods="24"/>
          <line num="8" count="3" type="stmt"/>
          <line num="9" count="3" type="stmt"/>
          <line num="10" count="3" type="stmt"/>
          <line num="19" count="3" type="stmt"/>
          <line num="20" count="3" type="stmt"/>
          <line num="21" count="3" type="stmt"/>
          <line num="22" count="3" type="stmt"/>
          <line num="23" count="3" type="stmt"/>
          <line num="26" count="3" type="stmt"/>
          <line num="27" count="3" type="stmt"/>
          <line num="28" count="3" type="stmt"/>
          <line num="29" count="3" type="stmt"/>
          <line num="30" count="3" type="stmt"/>
          <line num="31" count="3" type="stmt"/>
          <line num="32" count="3" type="stmt"/>
          <line num="33" count="3" type="stmt"/>
          <line num="34" count="3" type="stmt"/>
          <line num="35" count="3" type="stmt"/>
          <line num="36" count="3" type="stmt"/>
          <line num="37" count="3" type="stmt"/>
          <line num="40" count="3" type="cond" truecount="1" falsecount="1"/>
          <line num="41" count="3" type="stmt"/>
          <line num="43" count="3" type="cond" truecount="1" falsecount="1"/>
          <line num="44" count="0" type="stmt"/>
          <line num="46" count="3" type="stmt"/>
          <line num="48" count="3" type="cond" truecount="1" falsecount="0"/>
          <line num="49" count="3" type="stmt"/>
          <line num="50" count="3" type="stmt"/>
          <line num="51" count="3" type="stmt"/>
          <line num="56" count="2" type="stmt"/>
          <line num="57" count="2" type="stmt"/>
          <line num="58" count="4" type="stmt"/>
          <line num="59" count="2" type="cond" truecount="2" falsecount="0"/>
          <line num="60" count="1" type="stmt"/>
          <line num="61" count="1" type="stmt"/>
          <line num="63" count="2" type="stmt"/>
          <line num="64" count="2" type="stmt"/>
          <line num="67" count="1" type="stmt"/>
          <line num="68" count="1" type="stmt"/>
          <line num="71" count="2" type="stmt"/>
          <line num="72" count="2" type="cond" truecount="3" falsecount="1"/>
          <line num="73" count="2" type="stmt"/>
          <line num="74" count="2" type="stmt"/>
          <line num="75" count="2" type="cond" truecount="2" falsecount="2"/>
          <line num="76" count="0" type="stmt"/>
          <line num="77" count="0" type="stmt"/>
          <line num="78" count="0" type="cond" truecount="0" falsecount="2"/>
          <line num="79" count="0" type="stmt"/>
          <line num="80" count="0" type="stmt"/>
          <line num="81" count="0" type="stmt"/>
          <line num="82" count="0" type="stmt"/>
          <line num="83" count="0" type="stmt"/>
          <line num="90" count="3" type="stmt"/>
          <line num="91" count="2" type="stmt"/>
          <line num="92" count="2" type="stmt"/>
          <line num="93" count="2" type="cond" truecount="1" falsecount="1"/>
          <line num="94" count="0" type="stmt"/>
          <line num="95" count="0" type="stmt"/>
          <line num="96" count="0" type="stmt"/>
          <line num="97" count="0" type="stmt"/>
          <line num="99" count="2" type="stmt"/>
          <line num="100" count="2" type="stmt"/>
          <line num="101" count="2" type="stmt"/>
          <line num="106" count="1" type="stmt"/>
          <line num="107" count="1" type="stmt"/>
          <line num="108" count="1" type="cond" truecount="1" falsecount="1"/>
          <line num="110" count="1" type="stmt"/>
          <line num="112" count="1" type="stmt"/>
          <line num="115" count="1" type="stmt"/>
          <line num="116" count="1" type="stmt"/>
          <line num="120" count="3" type="stmt"/>
          <line num="121" count="1" type="stmt"/>
          <line num="122" count="1" type="stmt"/>
          <line num="123" count="1" type="cond" truecount="1" falsecount="1"/>
          <line num="124" count="0" type="stmt"/>
          <line num="125" count="0" type="stmt"/>
          <line num="126" count="0" type="stmt"/>
          <line num="128" count="1" type="cond" truecount="1" falsecount="1"/>
          <line num="129" count="1" type="stmt"/>
          <line num="130" count="1" type="stmt"/>
          <line num="132" count="1" type="stmt"/>
          <line num="133" count="1" type="stmt"/>
          <line num="134" count="0" type="stmt"/>
          <line num="135" count="0" type="cond" truecount="0" falsecount="2"/>
          <line num="136" count="0" type="stmt"/>
          <line num="137" count="0" type="stmt"/>
          <line num="140" count="1" type="stmt"/>
          <line num="141" count="1" type="stmt"/>
          <line num="142" count="1" type="stmt"/>
          <line num="147" count="0" type="stmt"/>
          <line num="148" count="0" type="stmt"/>
          <line num="149" count="0" type="stmt"/>
          <line num="150" count="0" type="cond" truecount="0" falsecount="2"/>
          <line num="151" count="0" type="stmt"/>
          <line num="153" count="0" type="stmt"/>
          <line num="156" count="1" type="stmt"/>
          <line num="157" count="1" type="stmt"/>
        </file>
      </package>
      <package name="src.helpers">
        <metrics statements="47" coveredstatements="31" conditionals="24" coveredconditionals="10" methods="13" coveredmethods="5"/>
        <file name="configHelper.ts" path="/home/ioffikus/projects/template-basic/src/helpers/configHelper.ts">
          <metrics statements="9" coveredstatements="9" conditionals="2" coveredconditionals="1" methods="7" coveredmethods="2"/>
          <line num="1" count="25" type="stmt"/>
          <line num="8" count="25" type="cond" truecount="1" falsecount="1"/>
          <line num="9" count="25" type="stmt"/>
          <line num="10" count="25" type="stmt"/>
          <line num="11" count="25" type="stmt"/>
          <line num="12" count="25" type="stmt"/>
          <line num="13" count="25" type="stmt"/>
          <line num="14" count="25" type="stmt"/>
          <line num="15" count="120" type="stmt"/>
        </file>
        <file name="getCategoriesPath.ts" path="/home/ioffikus/projects/template-basic/src/helpers/getCategoriesPath.ts">
          <metrics statements="14" coveredstatements="14" conditionals="8" coveredconditionals="7" methods="2" coveredmethods="2"/>
          <line num="2" count="8" type="stmt"/>
          <line num="3" count="5" type="stmt"/>
          <line num="4" count="5" type="cond" truecount="2" falsecount="0"/>
          <line num="5" count="4" type="stmt"/>
          <line num="6" count="6" type="cond" truecount="2" falsecount="0"/>
          <line num="7" count="4" type="cond" truecount="2" falsecount="0"/>
          <line num="8" count="2" type="stmt"/>
          <line num="9" count="2" type="stmt"/>
          <line num="13" count="2" type="stmt"/>
          <line num="14" count="2" type="cond" truecount="1" falsecount="1"/>
          <line num="15" count="2" type="stmt"/>
          <line num="16" count="2" type="stmt"/>
          <line num="19" count="2" type="stmt"/>
          <line num="22" count="5" type="stmt"/>
        </file>
        <file name="normalizePictures.ts" path="/home/ioffikus/projects/template-basic/src/helpers/normalizePictures.ts">
          <metrics statements="8" coveredstatements="1" conditionals="4" coveredconditionals="0" methods="2" coveredmethods="0"/>
          <line num="1" count="3" type="stmt"/>
          <line num="2" count="0" type="stmt"/>
          <line num="3" count="0" type="cond" truecount="0" falsecount="2"/>
          <line num="4" count="0" type="stmt"/>
          <line num="5" count="0" type="cond" truecount="0" falsecount="2"/>
          <line num="6" count="0" type="stmt"/>
          <line num="9" count="0" type="stmt"/>
          <line num="13" count="0" type="stmt"/>
        </file>
        <file name="safelyParseJSON.ts" path="/home/ioffikus/projects/template-basic/src/helpers/safelyParseJSON.ts">
          <metrics statements="13" coveredstatements="6" conditionals="6" coveredconditionals="2" methods="1" coveredmethods="1"/>
          <line num="3" count="15" type="stmt"/>
          <line num="4" count="4" type="stmt"/>
          <line num="5" count="4" type="cond" truecount="2" falsecount="0"/>
          <line num="6" count="2" type="stmt"/>
          <line num="7" count="2" type="stmt"/>
          <line num="10" count="0" type="cond" truecount="0" falsecount="2"/>
          <line num="11" count="0" type="stmt"/>
          <line num="13" count="0" type="cond" truecount="0" falsecount="2"/>
          <line num="14" count="0" type="stmt"/>
          <line num="15" count="0" type="stmt"/>
          <line num="18" count="0" type="stmt"/>
          <line num="19" count="0" type="stmt"/>
          <line num="23" count="4" type="stmt"/>
        </file>
        <file name="sentryClient.ts" path="/home/ioffikus/projects/template-basic/src/helpers/sentryClient.ts">
          <metrics statements="3" coveredstatements="1" conditionals="4" coveredconditionals="0" methods="1" coveredmethods="0"/>
          <line num="4" count="1" type="stmt"/>
          <line num="6" count="0" type="stmt"/>
          <line num="10" count="0" type="cond" truecount="0" falsecount="4"/>
        </file>
      </package>
      <package name="src.server">
        <metrics statements="16" coveredstatements="11" conditionals="13" coveredconditionals="9" methods="2" coveredmethods="1"/>
        <file name="common.ts" path="/home/ioffikus/projects/template-basic/src/server/common.ts">
          <metrics statements="16" coveredstatements="11" conditionals="13" coveredconditionals="9" methods="2" coveredmethods="1"/>
          <line num="3" count="1" type="stmt"/>
          <line num="6" count="0" type="cond" truecount="0" falsecount="2"/>
          <line num="8" count="0" type="stmt"/>
          <line num="9" count="0" type="stmt"/>
          <line num="11" count="1" type="stmt"/>
          <line num="12" count="4" type="stmt"/>
          <line num="13" count="4" type="stmt"/>
          <line num="14" count="4" type="cond" truecount="1" falsecount="1"/>
          <line num="15" count="0" type="stmt"/>
          <line num="17" count="4" type="stmt"/>
          <line num="18" count="4" type="cond" truecount="4" falsecount="0"/>
          <line num="19" count="1" type="stmt"/>
          <line num="21" count="4" type="cond" truecount="3" falsecount="0"/>
          <line num="22" count="4" type="cond" truecount="1" falsecount="1"/>
          <line num="23" count="0" type="stmt"/>
          <line num="25" count="4" type="stmt"/>
        </file>
      </package>
      <package name="src.store">
        <metrics statements="40" coveredstatements="22" conditionals="24" coveredconditionals="8" methods="5" coveredmethods="4"/>
        <file name="common.ts" path="/home/ioffikus/projects/template-basic/src/store/common.ts">
          <metrics statements="31" coveredstatements="13" conditionals="20" coveredconditionals="5" methods="2" coveredmethods="1"/>
          <line num="6" count="21" type="stmt"/>
          <line num="7" count="0" type="stmt"/>
          <line num="8" count="0" type="stmt"/>
          <line num="11" count="0" type="stmt"/>
          <line num="14" count="21" type="stmt"/>
          <line num="15" count="3" type="cond" truecount="1" falsecount="1"/>
          <line num="16" count="3" type="cond" truecount="1" falsecount="1"/>
          <line num="17" count="0" type="stmt"/>
          <line num="18" count="0" type="stmt"/>
          <line num="20" count="3" type="stmt"/>
          <line num="21" count="3" type="stmt"/>
          <line num="22" count="3" type="stmt"/>
          <line num="23" count="3" type="stmt"/>
          <line num="24" count="3" type="stmt"/>
          <line num="25" count="3" type="stmt"/>
          <line num="26" count="3" type="stmt"/>
          <line num="27" count="3" type="cond" truecount="3" falsecount="1"/>
          <line num="28" count="3" type="stmt"/>
          <line num="30" count="0" type="cond" truecount="0" falsecount="2"/>
          <line num="31" count="0" type="stmt"/>
          <line num="33" count="0" type="cond" truecount="0" falsecount="2"/>
          <line num="34" count="0" type="stmt"/>
          <line num="36" count="0" type="cond" truecount="0" falsecount="2"/>
          <line num="37" count="0" type="stmt"/>
          <line num="39" count="0" type="cond" truecount="0" falsecount="2"/>
          <line num="40" count="0" type="stmt"/>
          <line num="42" count="0" type="cond" truecount="0" falsecount="2"/>
          <line num="43" count="0" type="stmt"/>
          <line num="45" count="0" type="cond" truecount="0" falsecount="2"/>
          <line num="46" count="0" type="stmt"/>
          <line num="49" count="0" type="stmt"/>
        </file>
        <file name="dispatch.ts" path="/home/ioffikus/projects/template-basic/src/store/dispatch.ts">
          <metrics statements="9" coveredstatements="9" conditionals="4" coveredconditionals="3" methods="3" coveredmethods="3"/>
          <line num="4" count="19" type="stmt"/>
          <line num="5" count="39" type="stmt"/>
          <line num="7" count="19" type="stmt"/>
          <line num="8" count="39" type="cond" truecount="2" falsecount="0"/>
          <line num="9" count="36" type="stmt"/>
          <line num="10" count="3" type="cond" truecount="1" falsecount="1"/>
          <line num="11" count="3" type="stmt"/>
          <line num="13" count="3" type="stmt"/>
          <line num="16" count="3" type="stmt"/>
        </file>
      </package>
    </metrics>
  </project>
</coverage>
