{"/home/ioffikus/projects/template-basic/jest/localStoragePolyfill.js": {"path":"/home/ioffikus/projects/template-basic/jest/localStoragePolyfill.js","statementMap":{"0":{"start":{"line":1,"column":0},"end":{"line":19,"column":1}},"1":{"start":{"line":2,"column":2},"end":{"line":18,"column":7}},"2":{"start":{"line":3,"column":18},"end":{"line":3,"column":20}},"3":{"start":{"line":4,"column":4},"end":{"line":17,"column":6}},"4":{"start":{"line":6,"column":8},"end":{"line":6,"column":26}},"5":{"start":{"line":9,"column":8},"end":{"line":9,"column":38}},"6":{"start":{"line":12,"column":8},"end":{"line":12,"column":19}},"7":{"start":{"line":15,"column":8},"end":{"line":15,"column":26}}},"fnMap":{"0":{"name":"(anonymous_0)","decl":{"start":{"line":2,"column":25},"end":{"line":2,"column":26}},"loc":{"start":{"line":2,"column":36},"end":{"line":18,"column":3}},"line":2},"1":{"name":"(anonymous_1)","decl":{"start":{"line":5,"column":15},"end":{"line":5,"column":16}},"loc":{"start":{"line":5,"column":29},"end":{"line":7,"column":7}},"line":5},"2":{"name":"(anonymous_2)","decl":{"start":{"line":8,"column":15},"end":{"line":8,"column":16}},"loc":{"start":{"line":8,"column":36},"end":{"line":10,"column":7}},"line":8},"3":{"name":"(anonymous_3)","decl":{"start":{"line":11,"column":13},"end":{"line":11,"column":14}},"loc":{"start":{"line":11,"column":24},"end":{"line":13,"column":7}},"line":11},"4":{"name":"(anonymous_4)","decl":{"start":{"line":14,"column":18},"end":{"line":14,"column":19}},"loc":{"start":{"line":14,"column":32},"end":{"line":16,"column":7}},"line":14}},"branchMap":{"0":{"loc":{"start":{"line":1,"column":0},"end":{"line":19,"column":1}},"type":"if","locations":[{"start":{"line":1,"column":0},"end":{"line":19,"column":1}},{"start":{"line":1,"column":0},"end":{"line":19,"column":1}}],"line":1}},"s":{"0":62,"1":62,"2":62,"3":62,"4":7,"5":17,"6":0,"7":20},"f":{"0":62,"1":7,"2":17,"3":0,"4":20},"b":{"0":[62,0]},"_coverageSchema":"332fd63041d2c1bcb487cc26dd0d5f7d97098a6c","hash":"12567267a9bbf75b8772391a8144afb7eb723ca2"}
,"/home/ioffikus/projects/template-basic/jest/matchMediaMock.js": {"path":"/home/ioffikus/projects/template-basic/jest/matchMediaMock.js","statementMap":{"0":{"start":{"line":1,"column":0},"end":{"line":9,"column":1}},"1":{"start":{"line":2,"column":2},"end":{"line":8,"column":4}},"2":{"start":{"line":3,"column":4},"end":{"line":7,"column":6}}},"fnMap":{"0":{"name":"(anonymous_0)","decl":{"start":{"line":2,"column":22},"end":{"line":2,"column":23}},"loc":{"start":{"line":2,"column":33},"end":{"line":8,"column":3}},"line":2}},"branchMap":{"0":{"loc":{"start":{"line":1,"column":0},"end":{"line":9,"column":1}},"type":"if","locations":[{"start":{"line":1,"column":0},"end":{"line":9,"column":1}},{"start":{"line":1,"column":0},"end":{"line":9,"column":1}}],"line":1}},"s":{"0":62,"1":62,"2":0},"f":{"0":0},"b":{"0":[62,0]},"_coverageSchema":"332fd63041d2c1bcb487cc26dd0d5f7d97098a6c","hash":"f7724355ed817cc8b5abc93750d40ef51ca1e6a3"}
,"/home/ioffikus/projects/template-basic/jest/setupEnv.js": {"path":"/home/ioffikus/projects/template-basic/jest/setupEnv.js","statementMap":{"0":{"start":{"line":1,"column":0},"end":{"line":1,"column":32}}},"fnMap":{},"branchMap":{},"s":{"0":62},"f":{},"b":{},"_coverageSchema":"332fd63041d2c1bcb487cc26dd0d5f7d97098a6c","hash":"653b5430863319fdee0b13d0e2b3e1464a557e97"}
,"/home/ioffikus/projects/template-basic/jest/setupEnzyme.js": {"path":"/home/ioffikus/projects/template-basic/jest/setupEnzyme.js","statementMap":{"0":{"start":{"line":1,"column":15},"end":{"line":1,"column":32}},"1":{"start":{"line":2,"column":16},"end":{"line":2,"column":50}},"2":{"start":{"line":4,"column":0},"end":{"line":4,"column":45}}},"fnMap":{},"branchMap":{},"s":{"0":62,"1":62,"2":62},"f":{},"b":{},"_coverageSchema":"332fd63041d2c1bcb487cc26dd0d5f7d97098a6c","hash":"0c1e2ade4607e0cc5c68269909b448e0d9ead412"}
,"/home/ioffikus/projects/template-basic/jest/windowLocationPolyfill.js": {"path":"/home/ioffikus/projects/template-basic/jest/windowLocationPolyfill.js","statementMap":{"0":{"start":{"line":1,"column":0},"end":{"line":3,"column":3}}},"fnMap":{},"branchMap":{},"s":{"0":62},"f":{},"b":{},"_coverageSchema":"332fd63041d2c1bcb487cc26dd0d5f7d97098a6c","hash":"b32eeb5c44c754c74bfb9bf49118a615c4d46fb2"}
,"/home/ioffikus/projects/template-basic/src/routes.ts": {"path":"/home/ioffikus/projects/template-basic/src/routes.ts","statementMap":{"0":{"start":{"line":10,"column":15},"end":{"line":58,"column":1}}},"fnMap":{},"branchMap":{},"s":{"0":2},"f":{},"b":{},"inputSourceMap":{"version":3,"file":"routes.js","sourceRoot":"","sources":["routes.ts"],"names":[],"mappings":"AACA,OAAO,SAAS,MAAM,0BAA0B,CAAC;AACjD,OAAO,aAAa,MAAM,8BAA8B,CAAC;AACzD,OAAO,UAAU,MAAM,2BAA2B,CAAC;AACnD,OAAO,IAAI,MAAM,qBAAqB,CAAC;AACvC,OAAO,KAAK,MAAM,sBAAsB,CAAC;AACzC,OAAO,QAAQ,EAAE,EAAE,aAAa,EAAE,MAAM,yBAAyB,CAAC;AAClE,OAAO,IAAI,MAAM,qBAAqB,CAAC;AACvC,OAAO,OAAO,MAAM,wBAAwB,CAAC;AAC7C,OAAO,IAAI,MAAM,qBAAqB,CAAC;AAEvC,MAAM,MAAM,GAAkB;IAC5B;QACE,IAAI,EAAE,MAAM;QACZ,SAAS,EAAE,QAAQ;KACpB;IACD;QACE,SAAS,EAAE,SAAS;QACpB,MAAM,EAAE;YACN;gBACE,IAAI,EAAE,GAAG;gBACT,KAAK,EAAE,IAAI;gBACX,SAAS,EAAE,UAAU;aACtB;YACD;gBACE,IAAI,EAAE,WAAW;gBACjB,SAAS,EAAE,aAAa;aACzB;YACD;gBACE,IAAI,EAAE,QAAQ;gBACd,SAAS,EAAE,KAAK;aACjB;YACD;gBACE,IAAI,EAAE,eAAe;gBACrB,SAAS,EAAE,OAAO;aACnB;YACD;gBACE,IAAI,EAAE,OAAO;gBACb,SAAS,EAAE,IAAI;aAChB;YACD;gBACE,IAAI,EAAE,cAAc;gBACpB,SAAS,EAAE,IAAI;aAChB;YACD;gBACE,IAAI,EAAE,OAAO;gBACb,KAAK,EAAE,IAAI;gBACX,SAAS,EAAE,IAAI;aAChB;YACD;gBACE,IAAI,EAAE,YAAY;gBAClB,SAAS,EAAE,IAAI;aAChB;YACD;gBACE,IAAI,EAAE,GAAG;gBACT,SAAS,EAAE,aAAa;aACzB;SACF;KACF;CACF,CAAC;AAEF,eAAe,MAAM,CAAC","sourcesContent":["import { RouteConfig } from 'react-router-config';\nimport AppLayout from 'src/components/AppLayout';\nimport CatalogLayout from 'src/components/CatalogLayout';\nimport HomeLayout from 'src/components/HomeLayout';\nimport Cart from 'src/components/Cart';\nimport Login from 'src/components/Login';\nimport NotFound, { RedirectTo404 } from 'src/components/NotFound';\nimport Page from 'src/components/Page';\nimport Product from 'src/components/Product';\nimport User from 'src/components/User';\n\nconst routes: RouteConfig[] = [\n  {\n    path: '/404',\n    component: NotFound,\n  },\n  {\n    component: AppLayout,\n    routes: [\n      {\n        path: '/',\n        exact: true,\n        component: HomeLayout,\n      },\n      {\n        path: '/catalog*', // FIXED: use `*`, matchRoutes for SSR does not work with /catalog?search=xxx, only with /catalog/?search=xxx\n        component: CatalogLayout,\n      },\n      {\n        path: '/login',\n        component: Login,\n      },\n      {\n        path: '/product/:uid',\n        component: Product,\n      },\n      {\n        path: '/cart',\n        component: Cart,\n      },\n      {\n        path: '/pages/:slug',\n        component: Page,\n      },\n      {\n        path: '/user',\n        exact: true,\n        component: User,\n      },\n      {\n        path: '/user/:key',\n        component: User,\n      },\n      {\n        path: '*',\n        component: RedirectTo404,\n      },\n    ],\n  },\n];\n\nexport default routes;\n"]},"_coverageSchema":"332fd63041d2c1bcb487cc26dd0d5f7d97098a6c","hash":"90fb003ddbf1901da8f0e688b325cf4f18de59d7"}
,"/home/ioffikus/projects/template-basic/src/client/mediaQueries.ts": {"path":"/home/ioffikus/projects/template-basic/src/client/mediaQueries.ts","statementMap":{"0":{"start":{"line":1,"column":11},"end":{"line":7,"column":1}}},"fnMap":{},"branchMap":{},"s":{"0":6},"f":{},"b":{},"inputSourceMap":{"version":3,"file":"mediaQueries.js","sourceRoot":"","sources":["mediaQueries.ts"],"names":[],"mappings":"AAAA,MAAM,EAAE,GAAG;IACT,QAAQ,EAAE,OAAO;IACjB,QAAQ,EAAE,OAAO;IACjB,QAAQ,EAAE,OAAO;IACjB,QAAQ,EAAE,QAAQ;IAClB,QAAQ,EAAE,QAAQ;CACnB,CAAC;AAEF,eAAe,EAAE,CAAC","sourcesContent":["const mq = {\n  screenXS: '480px',\n  screenSM: '768px',\n  screenMD: '992px',\n  screenLG: '1200px',\n  screenXL: '1600px',\n};\n\nexport default mq;\n"]},"_coverageSchema":"332fd63041d2c1bcb487cc26dd0d5f7d97098a6c","hash":"ae7d1f34393f45f25707d7110d2f48e75f8de1f3"}
,"/home/ioffikus/projects/template-basic/src/components/AppLayout/AppLayout.tsx": {"path":"/home/ioffikus/projects/template-basic/src/components/AppLayout/AppLayout.tsx","statementMap":{"0":{"start":{"line":13,"column":24},"end":{"line":18,"column":2}},"1":{"start":{"line":13,"column":36},"end":{"line":18,"column":1}},"2":{"start":{"line":19,"column":25},"end":{"line":308,"column":8}},"3":{"start":{"line":21,"column":83},"end":{"line":21,"column":93}},"4":{"start":{"line":22,"column":12},"end":{"line":302,"column":16}},"5":{"start":{"line":306,"column":8},"end":{"line":306,"column":45}}},"fnMap":{"0":{"name":"(anonymous_0)","decl":{"start":{"line":13,"column":24},"end":{"line":13,"column":25}},"loc":{"start":{"line":13,"column":36},"end":{"line":18,"column":1}},"line":13},"1":{"name":"(anonymous_1)","decl":{"start":{"line":20,"column":8},"end":{"line":20,"column":9}},"loc":{"start":{"line":20,"column":17},"end":{"line":303,"column":9}},"line":20},"2":{"name":"(anonymous_2)","decl":{"start":{"line":305,"column":19},"end":{"line":305,"column":20}},"loc":{"start":{"line":305,"column":33},"end":{"line":307,"column":5}},"line":305}},"branchMap":{"0":{"loc":{"start":{"line":300,"column":11},"end":{"line":300,"column":52}},"type":"binary-expr","locations":[{"start":{"line":300,"column":11},"end":{"line":300,"column":31}},{"start":{"line":300,"column":35},"end":{"line":300,"column":52}}],"line":300}},"s":{"0":2,"1":4,"2":2,"3":4,"4":4,"5":1},"f":{"0":4,"1":4,"2":1},"b":{"0":[4,1]},"inputSourceMap":{"version":3,"file":"AppLayout.jsx","sourceRoot":"","sources":["AppLayout.tsx"],"names":[],"mappings":"AAAA,OAAO,KAAK,MAAM,OAAO,CAAC;AAC1B,OAAO,EAAE,OAAO,EAAE,MAAM,aAAa,CAAC;AACtC,OAAO,EAAE,MAAM,EAAE,MAAM,cAAc,CAAC;AACtC,OAAO,EAAE,MAAM,EAAE,IAAI,EAAE,MAAM,MAAM,CAAC;AACpC,OAAO,EAAe,YAAY,EAAE,MAAM,qBAAqB,CAAC;AAChE,OAAO,QAAQ,MAAM,oBAAoB,CAAC;AAC1C,OAAO,EAAE,OAAO,EAAE,MAAM,gBAAgB,CAAC;AACzC,OAAO,YAAY,MAAM,0BAA0B,CAAC;AACpD,OAAO,MAAM,MAAM,uBAAuB,CAAC;AAC3C,OAAO,MAAM,MAAM,uBAAuB,CAAC;AAC3C,OAAO,EAAE,KAAK,IAAI,aAAa,EAAE,MAAM,yBAAyB,CAAC;AACjE,OAAO,MAAM,MAAM,2BAA2B,CAAC;AAiB/C,MAAM,eAAe,GAAG,CAAC,KAAmB,KAAK,CAAC;IAChD,KAAK,EAAE,KAAK,CAAC,IAAI,CAAC,KAAK;IACvB,WAAW,EAAE,KAAK,CAAC,IAAI,CAAC,WAAW;IACnC,QAAQ,EAAE,KAAK,CAAC,IAAI,CAAC,QAAQ;IAC7B,SAAS,EAAE,KAAK,CAAC,QAAQ,CAAC,SAAS;CACpC,CAAC,CAAC;AAEH,MAAM,gBAAgB,GAAG,OAAO,CAAwC,eAAe,CAAC,OACtF,eAAgB,SAAQ,KAAK,CAAC,SAAyB;QAKrD,MAAM;YACJ,MAAM,EAAE,KAAK,EAAE,EAAE,MAAM,EAAE,EAAE,KAAK,EAAE,WAAW,EAAE,QAAQ,EAAE,SAAS,EAAE,GAAG,IAAI,CAAC,KAAK,CAAC;YAClF,MAAM,CAAC,CACL,CAAC,GAAG,CAAC,SAAS,CAAC,MAAM,CACnB;UAAA,CAAC,KAAK,CAAC,GAAG,CAAC,MAAM,CAAC,CAAC;;;;;;;;;;;;;;;;;;;;;;;;;;;;;;;;;;;;;;;;;;;;;;;;;;;;;;;;;;;;;;;;;;;;;;;;;;;;;;;;;;;;;;;;;;;;;;;;;;;;;;;;;;;;;;;;;;;;;;;;;;;;;;;;;;;;;;;;;;;;;;;;;;;;;;;;;;;;;;;;;;;;;;;;;;;;;;;;;;;;;;;;;;;;;;;;;;;;;;;;;;;;;;;;;;;;;;;;;;;;;;;;;;;;WAoOlB,CAAC,EAAE,KAAK,CACT;UAAA,CAAC,KAAK,CAAC,GAAG,CAAC,CAAC;;;;;;;;;;;;;;;;;;;;;;;;;;;;;WA6BX,CAAC,EAAE,KAAK,CACT;UAAA,CAAC,MAAM,CACL;YAAA,CAAC,KAAK,CAAC,CAAC,KAAK,CAAC,EAAE,KAAK,CACrB;YAAA,CAAC,IAAI,CAAC,IAAI,CAAC,aAAa,CAAC,OAAO,CAAC,CAAC,WAAW,CAAC,EAC9C;YAAA,CAAC,IAAI,CAAC,IAAI,CAAC,UAAU,CAAC,OAAO,CAAC,CAAC,QAAQ,CAAC,EAC1C;UAAA,EAAE,MAAM,CACR;UAAA,CAAC,MAAM,CAAC,SAAS,CAAC,QAAQ,CACxB;YAAA,CAAC,MAAM,CAAC,MAAM,CACZ;cAAA,CAAC,MAAM,GACT;YAAA,EAAE,MAAM,CAAC,MAAM,CACf;YAAA,CAAC,MAAM,CAAC,OAAO,CACb;cAAA,CAAC,IAAI,CAAC,QAAQ,CAAC,CAAC,SAAS,CAAC,CAAC,IAAI,CAAC,OAAO,CAAC,gBAAgB,CAAC,aAAa,CACpE;gBAAA,CAAC,YAAY,CAAC,MAAM,CAAC,CACvB;cAAA,EAAE,IAAI,CACR;YAAA,EAAE,MAAM,CAAC,OAAO,CAChB;YAAA,CAAC,MAAM,CAAC,MAAM,CACZ;cAAA,CAAC,MAAM,GACT;YAAA,EAAE,MAAM,CAAC,MAAM,CACjB;UAAA,EAAE,MAAM,CACR;UAAA,CAAC,YAAY,CAAC,KAAK,EAAE,IAAI,CAAC,aAAa,GAAG,CAC1C;UAAA,CAAC,MAAM,GACT;QAAA,EAAE,GAAG,CAAC,CACP,CAAC;QACJ,CAAC;KACF;IAlSQ,YAAS,GAAuB,UAAU;QAC/C,MAAM,CAAC,QAAQ,CAAC,OAAO,CAAC,UAAU,CAAC,CAAC,CAAC;IACvC,CAAE;QAiSL,CAAC;AAEF,eAAe,gBAAgB,CAAC","sourcesContent":["import React from 'react';\nimport { connect } from 'react-redux';\nimport { Helmet } from 'react-helmet';\nimport { Layout, Spin } from 'antd';\nimport { RouteConfig, renderRoutes } from 'react-router-config';\nimport dispatch from 'src/store/dispatch';\nimport { getMeta } from 'src/ducks/meta';\nimport ConfigHelper from 'src/helpers/configHelper';\nimport Header from 'src/components/Header';\nimport Footer from 'src/components/Footer';\nimport { Frame as DevToolsFrame } from 'src/components/DevTools';\nimport Sprite from 'src/components/Svg/Sprite';\n\ninterface IOwnProps {\n  route: RouteConfig;\n}\n\ninterface IConnectedState {\n  title: string;\n  description: string;\n  keywords: string;\n  isLoading: boolean;\n}\n\ntype IProps = IOwnProps & IConnectedState;\n\ninterface IState {}\n\nconst mapStateToProps = (state: Store.IState) => ({\n  title: state.meta.title,\n  description: state.meta.description,\n  keywords: state.meta.keywords,\n  isLoading: state.progress.isLoading,\n});\n\nconst WrappedAppLayout = connect<IConnectedState, undefined, IOwnProps>(mapStateToProps)(\n  class AppLayout extends React.Component<IProps, IState> {\n    static fetchData: Store.IFetchDataFn = abortToken => {\n      return dispatch(getMeta(abortToken));\n    };\n\n    render() {\n      const { route: { routes }, title, description, keywords, isLoading } = this.props;\n      return (\n        <div className=\"root\">\n          <style jsx global>{`\n            body {\n              background-color: white;\n              font-family: 'Ubuntu', sans-serif;\n            }\n            * {\n              min-height: 0;\n              min-width: 0;\n            }\n            .app-icon-svg {\n              fill: currentColor;\n              width: 19px;\n              height: 19px;\n              pointer-events: none;\n            }\n            .ant-popover-arrow {\n              display: none;\n            }\n            .app-main-menu {\n              max-width: 100%;\n              overflow: hidden;\n              font-weight: bold;\n              letter-spacing: 2px;\n              text-transform: uppercase;\n              transition: max-width 0.2s;\n            }\n            .app-main-menu .ant-menu-inline {\n              border: 0;\n            }\n            .app-main-menu .ant-menu-item,\n            .app-main-menu .ant-menu-inline .ant-menu-submenu-title,\n            .app-main-menu .ant-menu-sub.ant-menu-inline > .ant-menu-item,\n            .app-main-menu .ant-menu-sub.ant-menu-inline > .ant-menu-submenu > .ant-menu-submenu-title {\n              height: auto;\n              line-height: 1;\n              padding: 19px 38px;\n            }\n            .app-main-menu .ant-menu-sub.ant-menu-inline > .ant-menu-item,\n            .app-main-menu .ant-menu-sub.ant-menu-inline > .ant-menu-submenu > .ant-menu-submenu-title {\n              font-size: 9px;\n            }\n            .app-main-menu .ant-menu-submenu-title:after {\n              right: 23px;\n              margin-top: 18px;\n            }\n            .app-main-menu .ant-menu:not(.ant-menu-horizontal) .ant-menu-item-selected {\n              background-color: transparent;\n            }\n            .app-main-menu .ant-menu-item-selected:after {\n              display: none;\n            }\n            .app-main-menu .ant-menu-submenu-selected .ant-menu-submenu-title {\n              color: #ff0959;\n            }\n            .app-icon-flag-svg {\n              width: 16px;\n              height: 16px;\n            }\n            .ant-modal-body {\n              padding: 9px 16px 0;\n            }\n            .ant-modal-content {\n              box-shadow: 0 2px 16px 0 rgba(6, 47, 73, 0.5);\n            }\n            .ant-modal-close {\n              display: none;\n            }\n            .ant-btn {\n              text-transform: uppercase;\n              letter-spacing: 2px;\n            }\n            .ant-btn-lg {\n              font-size: 11px;\n            }\n            .ant-tabs-nav .ant-tabs-tab {\n              margin-right: 0;\n              text-transform: uppercase;\n              letter-spacing: 2px;\n              font-weight: bold;\n              padding-bottom: 13px;\n            }\n            .ant-select {\n              color: #a7b4c3;\n            }\n            .ant-select-arrow {\n              color: #062f49;\n            }\n            .app-no-image {\n              font-size: 16px;\n              line-height: 1.375;\n              font-weight: bold;\n              text-align: center;\n              color: #b2bdcb;\n              -webkit-font-smoothing: antialiased;\n              backface-visibility: hidden;\n            }\n            .ant-dropdown-menu-item {\n              font-size: 14px;\n              padding: 10px 20px;\n            }\n            .ant-badge-count {\n              font-family: inherit;\n            }\n            .ant-btn:hover,\n            .ant-btn:focus {\n              border-color: transparent;\n            }\n            .app-text-empty {\n              color: #b2bdcb;\n              text-align: center;\n            }\n            .ant-form-item-control {\n              padding-left: 2px;\n              padding-right: 2px;\n            }\n            .swiper-button-prev,\n            .swiper-button-next {\n              height: 45px;\n              width: 45px;\n              z-index: 2;\n              top: 50%;\n              background: none;\n            }\n            .swiper-button-prev {\n              left: 10%;\n              transform: rotate(-45deg);\n            }\n            .swiper-button-next {\n              right: 10%;\n              transform: rotate(135deg);\n            }\n            .swiper-button-prev::after,\n            .swiper-button-prev::before,\n            .swiper-button-next::after,\n            .swiper-button-next::before {\n              content: '';\n              position: absolute;\n              top: 0;\n              left: 0;\n              border-width: 7px;\n              border-color: #e9ecf1;\n              border-radius: 8px;\n            }\n            .swiper-button-prev::after,\n            .swiper-button-next::after {\n              border-left-style: solid;\n              height: 100%;\n            }\n            .swiper-button-prev::before,\n            .swiper-button-next::before {\n              width: 100%;\n              border-top-style: solid;\n            }\n            .app-text-right {\n              text-align: right;\n            }\n            .app-text-center {\n              text-align: center;\n            }\n            .app-section {\n              margin-bottom: 24px;\n            }\n            .app-title {\n              margin-bottom: 30px;\n              font-size: 24px;\n              font-weight: 500;\n              letter-spacing: 2px;\n              color: #062f49;\n              line-height: 19px;\n              text-transform: uppercase;\n            }\n            .app-cart {\n              background: transparent;\n            }\n            .app-cart .ant-card-head {\n              height: auto;\n              line-height: 1.3;\n              border-bottom: 0;\n              background: transparent;\n            }\n            .app-cart .ant-card-head-title {\n              font-size: 24px;\n              line-height: 1.16;\n              color: inherit;\n              float: none;\n            }\n            .app-cart .ant-card-body {\n              padding-top: 15px;\n            }\n            .app-text {\n              line-height: 1.7;\n            }\n            .app-container {\n              margin: 0 auto;\n              max-width: 900px;\n              width: 100%;\n              padding: 25px 20px 0;\n            }\n            .app-image-blur {\n              position: absolute;\n              top: 50%;\n              left: 50%;\n              z-index: 1;\n              transform: translate(-50%, -50%);\n              min-width: 100%;\n              min-height: 100%;\n              max-height: 100%;\n              max-width: 100%;\n              filter: blur(20px);\n              opacity: 0.9;\n              backface-visibility: hidden;\n            }\n            .app-show-more-button {\n              width: 100%;\n              display: block;\n              font-weight: bold;\n            }\n            .swiper-slide-duplicate .ant-spin-spinning,\n            .swiper-slide-duplicate .ant-spin-blur::after {\n              opacity: 0;\n            }\n            .swiper-slide-duplicate .ant-spin-blur {\n              opacity: 1;\n              filter: blur(0);\n            }\n            .layout-spin > .ant-spin-blur {\n              overflow: inherit;\n            }\n          `}</style>\n          <style jsx>{`\n            .root :global(.layout) {\n              height: 100%;\n              min-height: 100vh;\n              overflow: hidden;\n            }\n            .root :global(.ant-layout-header) {\n              position: relative;\n              z-index: 12;\n              border-bottom: 1px solid #e5ecf4;\n              height: 115px;\n              line-height: 1;\n            }\n            .root :global(.layout .ant-layout-content) {\n              display: flex;\n            }\n            .root :global(.layout-spin),\n            .root :global(.layout-spin > .ant-spin-container) {\n              flex: auto;\n              display: flex;\n            }\n            .root :global(.layout-spin .ant-spin-blur .ant-spin-spinning),\n            .root :global(.layout-spin .ant-spin-blur .ant-spin-blur::after) {\n              opacity: 0;\n            }\n            .root :global(.layout-spin .ant-spin-blur .ant-spin-blur) {\n              opacity: 1;\n              filter: blur(0);\n            }\n          `}</style>\n          <Helmet>\n            <title>{title}</title>\n            <meta name=\"description\" content={description} />\n            <meta name=\"keywords\" content={keywords} />\n          </Helmet>\n          <Layout className=\"layout\">\n            <Layout.Header>\n              <Header />\n            </Layout.Header>\n            <Layout.Content>\n              <Spin spinning={isLoading} size=\"large\" wrapperClassName=\"layout-spin\">\n                {renderRoutes(routes)}\n              </Spin>\n            </Layout.Content>\n            <Layout.Footer>\n              <Footer />\n            </Layout.Footer>\n          </Layout>\n          {ConfigHelper.isDev() && <DevToolsFrame />}\n          <Sprite />\n        </div>\n      );\n    }\n  },\n);\n\nexport default WrappedAppLayout;\n"]},"_coverageSchema":"332fd63041d2c1bcb487cc26dd0d5f7d97098a6c","hash":"d4128470b9c9d62d48947c90a84f4280bb155fb7"}
,"/home/ioffikus/projects/template-basic/src/components/AppLayout/index.ts": {"path":"/home/ioffikus/projects/template-basic/src/components/AppLayout/index.ts","statementMap":{},"fnMap":{},"branchMap":{},"s":{},"f":{},"b":{},"inputSourceMap":{"version":3,"file":"index.js","sourceRoot":"","sources":["index.ts"],"names":[],"mappings":"AAAA,OAAO,SAAS,MAAM,aAAa,CAAC;AAEpC,eAAe,SAAS,CAAC","sourcesContent":["import AppLayout from './AppLayout';\n\nexport default AppLayout;\n"]},"_coverageSchema":"332fd63041d2c1bcb487cc26dd0d5f7d97098a6c","hash":"bc2c1a3ce9ed5437ee181e48f359726741aac56a"}
,"/home/ioffikus/projects/template-basic/src/components/Breadcrumbs/Breadcrumbs.tsx": {"path":"/home/ioffikus/projects/template-basic/src/components/Breadcrumbs/Breadcrumbs.tsx","statementMap":{"0":{"start":{"line":8,"column":24},"end":{"line":13,"column":2}},"1":{"start":{"line":8,"column":46},"end":{"line":13,"column":1}},"2":{"start":{"line":14,"column":27},"end":{"line":55,"column":2}},"3":{"start":{"line":16,"column":31},"end":{"line":16,"column":61}},"4":{"start":{"line":17,"column":33},"end":{"line":17,"column":53}},"5":{"start":{"line":18,"column":8},"end":{"line":20,"column":9}},"6":{"start":{"line":19,"column":12},"end":{"line":19,"column":24}},"7":{"start":{"line":21,"column":8},"end":{"line":53,"column":16}},"8":{"start":{"line":39,"column":45},"end":{"line":50,"column":32}}},"fnMap":{"0":{"name":"(anonymous_0)","decl":{"start":{"line":8,"column":24},"end":{"line":8,"column":25}},"loc":{"start":{"line":8,"column":46},"end":{"line":13,"column":1}},"line":8},"1":{"name":"(anonymous_1)","decl":{"start":{"line":15,"column":4},"end":{"line":15,"column":5}},"loc":{"start":{"line":15,"column":13},"end":{"line":54,"column":5}},"line":15},"2":{"name":"(anonymous_2)","decl":{"start":{"line":39,"column":32},"end":{"line":39,"column":33}},"loc":{"start":{"line":39,"column":45},"end":{"line":50,"column":32}},"line":39}},"branchMap":{"0":{"loc":{"start":{"line":9,"column":20},"end":{"line":12,"column":10}},"type":"binary-expr","locations":[{"start":{"line":9,"column":21},"end":{"line":9,"column":47}},{"start":{"line":9,"column":51},"end":{"line":9,"column":75}},{"start":{"line":10,"column":9},"end":{"line":10,"column":35}},{"start":{"line":11,"column":12},"end":{"line":11,"column":123}},{"start":{"line":12,"column":8},"end":{"line":12,"column":10}}],"line":9},"1":{"loc":{"start":{"line":18,"column":8},"end":{"line":20,"column":9}},"type":"if","locations":[{"start":{"line":18,"column":8},"end":{"line":20,"column":9}},{"start":{"line":18,"column":8},"end":{"line":20,"column":9}}],"line":18}},"s":{"0":6,"1":4,"2":6,"3":4,"4":4,"5":4,"6":2,"7":2,"8":5},"f":{"0":4,"1":4,"2":5},"b":{"0":[4,2,3,2,1],"1":[2,2]},"inputSourceMap":{"version":3,"file":"Breadcrumbs.jsx","sourceRoot":"","sources":["Breadcrumbs.tsx"],"names":[],"mappings":"AAAA,OAAO,KAAK,MAAM,OAAO,CAAC;AAC1B,OAAO,EAAE,OAAO,EAAE,MAAM,aAAa,CAAC;AACtC,OAAO,EAAE,UAAU,EAAE,MAAM,MAAM,CAAC;AAClC,OAAO,EAAE,IAAI,EAAE,MAAM,kBAAkB,CAAC;AACxC,OAAO,CAAC,MAAM,QAAQ,CAAC;AACvB,OAAO,WAAW,MAAM,cAAc,CAAC;AACvC,OAAO,iBAAiB,MAAM,+BAA+B,CAAC;AAc9D,MAAM,eAAe,GAAG,CAAC,KAAmB,EAAE,QAAmB,KAAK,CAAC;IACrE,cAAc,EACZ,CAAC,QAAQ,CAAC,GAAG,KAAK,SAAS,IAAI,KAAK,CAAC,OAAO,CAAC,UAAU,CAAC;QACxD,CAAC,QAAQ,CAAC,GAAG,KAAK,SAAS;YACzB,iBAAiB,CACf,KAAK,CAAC,cAAc,CAAC,OAAO,EAC5B,CAAC,CAAC,GAAG,CAAC,KAAK,CAAC,YAAY,CAAC,SAAS,EAAE,mBAAmB,EAAE,IAAI,CAAC,CAC/D,CAAC;QACJ,EAAE;CACL,CAAC,CAAC;AAEH,MAAM,kBAAkB,GAAG,OAAO,CAAwC,eAAe,CAAC,CACxF,iBAAkB,SAAQ,KAAK,CAAC,SAAyB;IACvD,MAAM;QACJ,MAAM,cAAc,GAAG,CAAC,GAAG,IAAI,CAAC,KAAK,CAAC,cAAc,CAAC,CAAC;QACtD,MAAM,gBAAgB,GAAG,cAAc,CAAC,GAAG,EAAE,CAAC;QAC9C,EAAE,CAAC,CAAC,CAAC,gBAAgB,CAAC,CAAC,CAAC;YACtB,MAAM,CAAC,IAAI,CAAC;QACd,CAAC;QACD,MAAM,CAAC,CACL,CAAC,GAAG,CAAC,SAAS,CAAC,MAAM,CACnB;UAAA,CAAC,KAAK,CAAC,GAAG,CAAC,CAAC;;;;;;;;;;;;;;;WAeX,CAAC,EAAE,KAAK,CACT;UAAA,CAAC,UAAU,CAAC,SAAS,CAAC,GAAG,CACvB;YAAA,CAAC,cAAc,CAAC,GAAG,CAAC,QAAQ,IAAI,CAC9B,CAAC,UAAU,CAAC,IAAI,CAAC,GAAG,CAAC,CAAC,QAAQ,CAAC,EAAE,CAAC,CAChC;gBAAA,CAAC,IAAI,CACH,EAAE,CAAC,CAAC;YACF,QAAQ,EAAE,UAAU;YACpB,MAAM,EAAE,WAAW,CAAC,SAAS,CAAC;gBAC5B,MAAM,EAAE,IAAI,CAAC,SAAS,CAAC;oBACrB,cAAc,EAAE,CAAC,QAAQ,CAAC,EAAE,CAAC;iBAC9B,CAAC;aACH,CAAC;SACH,CAAC,CAEF;kBAAA,CAAC,QAAQ,CAAC,IAAI,CAChB;gBAAA,EAAE,IAAI,CACR;cAAA,EAAE,UAAU,CAAC,IAAI,CAAC,CACnB,CAAC,CACF;YAAA,CAAC,UAAU,CAAC,IAAI,CAAC,GAAG,CAAC,CAAC,gBAAgB,CAAC,EAAE,CAAC,CAAC,CAAC,gBAAgB,CAAC,IAAI,CAAC,EAAE,UAAU,CAAC,IAAI,CACrF;UAAA,EAAE,UAAU,CACd;QAAA,EAAE,GAAG,CAAC,CACP,CAAC;IACJ,CAAC;CACF,CACF,CAAC;AAEF,eAAe,kBAAkB,CAAC","sourcesContent":["import React from 'react';\nimport { connect } from 'react-redux';\nimport { Breadcrumb } from 'antd';\nimport { Link } from 'react-router-dom';\nimport _ from 'lodash';\nimport queryString from 'query-string';\nimport getCategoriesPath from 'src/helpers/getCategoriesPath';\n\ninterface IOwnProps {\n  for: 'product' | 'catalog';\n}\n\ninterface IConnectedState {\n  categoriesPath: Alicanto.Models.Category[];\n}\n\ntype IProps = IOwnProps & IConnectedState;\n\ninterface IState {}\n\nconst mapStateToProps = (state: Store.IState, ownProps: IOwnProps) => ({\n  categoriesPath:\n    (ownProps.for === 'product' && state.product.categories) ||\n    (ownProps.for === 'catalog' &&\n      getCategoriesPath(\n        state.categoriesMenu.content,\n        _.get(state.catalogQuery.filterObj, 'categories__in[0]', null),\n      )) ||\n    [],\n});\n\nconst WrappedBreadcrumbs = connect<IConnectedState, undefined, IOwnProps>(mapStateToProps)(\n  class Breadcrumbs extends React.Component<IProps, IState> {\n    render() {\n      const openCategories = [...this.props.categoriesPath];\n      const selectedCategory = openCategories.pop();\n      if (!selectedCategory) {\n        return null;\n      }\n      return (\n        <div className=\"root\">\n          <style jsx>{`\n            .root :global(.ant-breadcrumb a) {\n              color: #b2bdcb;\n              font-size: 14px;\n              letter-spacing: 2px;\n              font-weight: bold;\n            }\n            .root :global(.ant-breadcrumb-separator) {\n              margin: 0 14px;\n            }\n            .root :global(.ant-breadcrumb > span:last-child) {\n              color: #062f49;\n              font-size: 2em;\n              font-weight: bold;\n            }\n          `}</style>\n          <Breadcrumb separator=\" \">\n            {openCategories.map(category => (\n              <Breadcrumb.Item key={category.id}>\n                <Link\n                  to={{\n                    pathname: '/catalog',\n                    search: queryString.stringify({\n                      filter: JSON.stringify({\n                        categories__in: [category.id],\n                      }),\n                    }),\n                  }}\n                >\n                  {category.name}\n                </Link>\n              </Breadcrumb.Item>\n            ))}\n            <Breadcrumb.Item key={selectedCategory.id}>{selectedCategory.name}</Breadcrumb.Item>\n          </Breadcrumb>\n        </div>\n      );\n    }\n  },\n);\n\nexport default WrappedBreadcrumbs;\n"]},"_coverageSchema":"332fd63041d2c1bcb487cc26dd0d5f7d97098a6c","hash":"b7c7bc7468967d63fff9494dc37997f4f0cacb67"}
,"/home/ioffikus/projects/template-basic/src/components/Breadcrumbs/index.ts": {"path":"/home/ioffikus/projects/template-basic/src/components/Breadcrumbs/index.ts","statementMap":{},"fnMap":{},"branchMap":{},"s":{},"f":{},"b":{},"inputSourceMap":{"version":3,"file":"index.js","sourceRoot":"","sources":["index.ts"],"names":[],"mappings":"AAAA,OAAO,WAAW,MAAM,eAAe,CAAC;AAExC,eAAe,WAAW,CAAC","sourcesContent":["import Breadcrumbs from './Breadcrumbs';\n\nexport default Breadcrumbs;\n"]},"_coverageSchema":"332fd63041d2c1bcb487cc26dd0d5f7d97098a6c","hash":"6790339f8e9930813a55384daf9a27e8495ee932"}
,"/home/ioffikus/projects/template-basic/src/components/Cart/Cart.tsx": {"path":"/home/ioffikus/projects/template-basic/src/components/Cart/Cart.tsx","statementMap":{"0":{"start":{"line":9,"column":24},"end":{"line":13,"column":2}},"1":{"start":{"line":9,"column":36},"end":{"line":13,"column":1}},"2":{"start":{"line":14,"column":20},"end":{"line":80,"column":2}},"3":{"start":{"line":16,"column":8},"end":{"line":16,"column":28}},"4":{"start":{"line":17,"column":8},"end":{"line":19,"column":10}},"5":{"start":{"line":20,"column":8},"end":{"line":22,"column":10}},"6":{"start":{"line":21,"column":12},"end":{"line":21,"column":42}},"7":{"start":{"line":25,"column":8},"end":{"line":25,"column":43}},"8":{"start":{"line":29,"column":25},"end":{"line":29,"column":87}},"9":{"start":{"line":30,"column":23},"end":{"line":30,"column":48}},"10":{"start":{"line":31,"column":8},"end":{"line":78,"column":16}}},"fnMap":{"0":{"name":"(anonymous_0)","decl":{"start":{"line":9,"column":24},"end":{"line":9,"column":25}},"loc":{"start":{"line":9,"column":36},"end":{"line":13,"column":1}},"line":9},"1":{"name":"(anonymous_1)","decl":{"start":{"line":15,"column":4},"end":{"line":15,"column":5}},"loc":{"start":{"line":15,"column":18},"end":{"line":23,"column":5}},"line":15},"2":{"name":"(anonymous_2)","decl":{"start":{"line":20,"column":30},"end":{"line":20,"column":31}},"loc":{"start":{"line":20,"column":36},"end":{"line":22,"column":9}},"line":20},"3":{"name":"(anonymous_3)","decl":{"start":{"line":24,"column":4},"end":{"line":24,"column":5}},"loc":{"start":{"line":24,"column":24},"end":{"line":26,"column":5}},"line":24},"4":{"name":"(anonymous_4)","decl":{"start":{"line":27,"column":4},"end":{"line":27,"column":5}},"loc":{"start":{"line":27,"column":13},"end":{"line":79,"column":5}},"line":27}},"branchMap":{"0":{"loc":{"start":{"line":57,"column":11},"end":{"line":77,"column":22}},"type":"binary-expr","locations":[{"start":{"line":57,"column":11},"end":{"line":57,"column":31}},{"start":{"line":58,"column":13},"end":{"line":77,"column":21}}],"line":57},"1":{"loc":{"start":{"line":58,"column":13},"end":{"line":77,"column":21}},"type":"cond-expr","locations":[{"start":{"line":58,"column":44},"end":{"line":58,"column":117}},{"start":{"line":58,"column":122},"end":{"line":77,"column":20}}],"line":58}},"s":{"0":3,"1":3,"2":3,"3":3,"4":3,"5":3,"6":1,"7":3,"8":6,"9":6,"10":6},"f":{"0":3,"1":3,"2":1,"3":3,"4":6},"b":{"0":[6,3],"1":[1,2]},"inputSourceMap":{"version":3,"file":"Cart.jsx","sourceRoot":"","sources":["Cart.tsx"],"names":[],"mappings":"AAAA,OAAO,KAAK,MAAM,OAAO,CAAC;AAC1B,OAAO,EAAE,OAAO,EAAE,MAAM,aAAa,CAAC;AACtC,OAAO,EAAE,GAAG,EAAE,GAAG,EAAE,MAAM,EAAE,MAAM,MAAM,CAAC;AACxC,OAAO,CAAC,MAAM,QAAQ,CAAC;AACvB,OAAO,QAAQ,MAAM,oBAAoB,CAAC;AAC1C,OAAO,EAAE,iBAAiB,EAAE,MAAM,sBAAsB,CAAC;AACzD,OAAO,SAAS,MAAM,0BAA0B,CAAC;AACjD,OAAO,KAAK,MAAM,sBAAsB,CAAC;AAgBzC,MAAM,eAAe,GAAG,CAAC,KAAmB,KAAK,CAAC;IAChD,EAAE,EAAE,KAAK,CAAC,EAAE;IACZ,KAAK,EAAE,KAAK,CAAC,IAAI,CAAC,KAAK;IACvB,UAAU,EAAE,KAAK,CAAC,IAAI,CAAC,UAAU;CAClC,CAAC,CAAC;AAEH,MAAM,WAAW,GAAG,OAAO,CAAwC,eAAe,CAAC,CACjF,UAAW,SAAQ,KAAK,CAAC,SAAyB;IAAlD;;QACE,UAAK,GAAW;YACd,SAAS,EAAE,KAAK;SACjB,CAAC;QAEF,mBAAc,GAAG;YACf,QAAQ,CAAC,iBAAiB,EAAE,CAAC,CAAC;QAChC,CAAC,CAAC;IAsEJ,CAAC;IApEC,iBAAiB;QACf,IAAI,CAAC,QAAQ,CAAC,EAAE,SAAS,EAAE,IAAI,EAAE,CAAC,CAAC;IACrC,CAAC;IAED,MAAM;QACJ,cAAc;QACd,MAAM,QAAQ,GAAW,CAAC,CAAC,GAAG,CAAC,IAAI,CAAC,KAAK,EAAE,uCAAuC,EAAE,EAAE,CAAC,CAAC;QACxF,MAAM,MAAM,GAAG,IAAI,CAAC,KAAK,CAAC,EAAE,CAAC,MAAM,CAAC,IAAI,CAAC;QACzC,MAAM,CAAC,CACL,CAAC,GAAG,CAAC,SAAS,CAAC,oBAAoB,CACjC;UAAA,CAAC,KAAK,CAAC,GAAG,CAAC,CAAC;;;;;;;;;;;;;;;;;;;;;;;;WAwBX,CAAC,EAAE,KAAK,CACT;UAAA,CAAC,IAAI,CAAC,KAAK,CAAC,SAAS;YACnB,CAAC,CAAC,CAAC,OAAO,CAAC,IAAI,CAAC,KAAK,CAAC,KAAK,CAAC,GAAG,CAC7B,CAAC,EAAE,CAAC,SAAS,CAAC,gBAAgB,CAAC,CAAC,MAAM,CAAC,WAAW,CAAC,IAAI,CAAC,WAAW,CAAC,EAAE,EAAE,CAAC,CAC1E,GAAG,CACF,CAAC,GAAG,CACF;gBAAA,CAAC,GAAG,CAAC,SAAS,CAAC,mBAAmB,CAChC;kBAAA,CAAC,SAAS,CACR,oBAAoB,CAAC,mBAAmB,CACxC,cAAc,CAAC,CAAC,IAAI,CAAC,CACrB,oBAAoB,CAAC,CAAC,IAAI,CAAC,CAC3B,IAAI,CAAC,OAAO,EAEhB;gBAAA,EAAE,GAAG,CACL;gBAAA,CAAC,GAAG,CAAC,IAAI,CAAC,MAAM,CAAC,OAAO,CAAC,KAAK,CAAC,KAAK,CAAC,QAAQ,CAC3C;kBAAA,CAAC,GAAG,CAAC,IAAI,CAAC,CAAC,EAAE,CAAC,CAAC,IAAI,CAAC,CAAC,CAAC,CAAC,CACrB;oBAAA,CAAC,GAAG,CAAC,SAAS,CAAC,OAAO,CACpB;sBAAA,CAAC,IAAI,CAAC,KAAK,CAAC,EAAE,CAAC,MAAM,CAAC,IAAI,CAAC,KAAK,CAAC,IAAI,CAAC,WAAW,CAAC;sBAClD,CAAC,IAAI,CAAC,SAAS,CAAC,eAAe,CAC7B;wBAAA,CAAC,KAAK,CAAC,KAAK,CAAC,CAAC,IAAI,CAAC,KAAK,CAAC,UAAU,CAAC,CAAC,QAAQ,CAAC,CAAC,QAAQ,CAAC,EAC1D;sBAAA,EAAE,IAAI,CACR;oBAAA,EAAE,GAAG,CACP;kBAAA,EAAE,GAAG,CACP;gBAAA,EAAE,GAAG,CACL;gBAAA,CAAC,GAAG,CAAC,SAAS,CAAC,gBAAgB,CAC7B;kBAAA,CAAC,MAAM,CAAC,IAAI,CAAC,SAAS,CAAC,IAAI,CAAC,OAAO,CAAC,OAAO,CAAC,CAAC,IAAI,CAAC,cAAc,CAAC,CAC/D;oBAAA,CAAC,MAAM,CAAC,QAAQ,CAAC,IAAI,CAAC,WAAW,CACnC;kBAAA,EAAE,MAAM,CACV;gBAAA,EAAE,GAAG,CACP;cAAA,EAAE,GAAG,CAAC,CACP,CAAC,CACN;QAAA,EAAE,GAAG,CAAC,CACP,CAAC;IACJ,CAAC;CACF,CACF,CAAC;AAEF,eAAe,WAAW,CAAC","sourcesContent":["import React from 'react';\nimport { connect } from 'react-redux';\nimport { Row, Col, Button } from 'antd';\nimport _ from 'lodash';\nimport dispatch from 'src/store/dispatch';\nimport { checkoutUserOrder } from 'src/ducks/userOrders';\nimport CartItems from 'src/components/CartItems';\nimport Price from 'src/components/Price';\n\ninterface IOwnProps {}\n\ninterface IConnectedState {\n  ui: Alicanto.Models.UI;\n  items: Alicanto.Models.CatalogItem[];\n  totalPrice: number;\n}\n\ntype IProps = IOwnProps & IConnectedState;\n\ninterface IState {\n  isMounted: boolean;\n}\n\nconst mapStateToProps = (state: Store.IState) => ({\n  ui: state.ui,\n  items: state.cart.items,\n  totalPrice: state.cart.totalPrice,\n});\n\nconst WrappedCart = connect<IConnectedState, undefined, IOwnProps>(mapStateToProps)(\n  class Cart extends React.Component<IProps, IState> {\n    state: IState = {\n      isMounted: false,\n    };\n\n    handleCheckout = () => {\n      dispatch(checkoutUserOrder());\n    };\n\n    componentDidMount() {\n      this.setState({ isMounted: true });\n    }\n\n    render() {\n      // TODO ch1333\n      const currency: string = _.get(this.props, 'items[0].schema_fields.currency.value', '');\n      const cartUI = this.props.ui.routes.cart;\n      return (\n        <div className=\"root app-container\">\n          <style jsx>{`\n            .root {\n              padding-bottom: 30px;\n            }\n            .root :global(.total) {\n              text-align: right;\n              font-size: 10px;\n              color: #b2bdcb;\n            }\n            .root :global(.price-wrapper) {\n              margin-left: 5px;\n              color: #062f49;\n              font-size: 18px;\n              font-weight: bold;\n            }\n            .cart-menu-wrapper {\n              margin-bottom: 25px;\n            }\n            .button-wrapper {\n              text-align: right;\n            }\n            .total {\n              margin-bottom: 30px;\n            }\n          `}</style>\n          {this.state.isMounted &&\n            (_.isEmpty(this.props.items) ? (\n              <h2 className=\"app-text-empty\">{cartUI.emptyStatus.i18n.defaultText}</h2>\n            ) : (\n              <div>\n                <div className=\"cart-menu-wrapper\">\n                  <CartItems\n                    cssModificationClass=\"has-border-bottom\"\n                    mayDeleteItems={true}\n                    mayChangeAmountItems={true}\n                    size=\"large\"\n                  />\n                </div>\n                <Row type=\"flex\" justify=\"end\" align=\"middle\">\n                  <Col span={23} pull={1}>\n                    <div className=\"total\">\n                      {this.props.ui.routes.cart.total.i18n.defaultText}:\n                      <span className=\"price-wrapper\">\n                        <Price price={this.props.totalPrice} currency={currency} />\n                      </span>\n                    </div>\n                  </Col>\n                </Row>\n                <div className=\"button-wrapper\">\n                  <Button type=\"primary\" size=\"large\" onClick={this.handleCheckout}>\n                    {cartUI.checkout.i18n.defaultText}\n                  </Button>\n                </div>\n              </div>\n            ))}\n        </div>\n      );\n    }\n  },\n);\n\nexport default WrappedCart;\n"]},"_coverageSchema":"332fd63041d2c1bcb487cc26dd0d5f7d97098a6c","hash":"d2ebd706934d494ca3f2de4742b5c7837f8a705d"}
,"/home/ioffikus/projects/template-basic/src/components/Cart/index.ts": {"path":"/home/ioffikus/projects/template-basic/src/components/Cart/index.ts","statementMap":{},"fnMap":{},"branchMap":{},"s":{},"f":{},"b":{},"inputSourceMap":{"version":3,"file":"index.js","sourceRoot":"","sources":["index.ts"],"names":[],"mappings":"AAAA,OAAO,IAAI,MAAM,QAAQ,CAAC;AAE1B,eAAe,IAAI,CAAC","sourcesContent":["import Cart from './Cart';\n\nexport default Cart;\n"]},"_coverageSchema":"332fd63041d2c1bcb487cc26dd0d5f7d97098a6c","hash":"43a260e2ea806a34c54ad1761c75992ce316ca1b"}
,"/home/ioffikus/projects/template-basic/src/components/CartItems/Amount.tsx": {"path":"/home/ioffikus/projects/template-basic/src/components/CartItems/Amount.tsx","statementMap":{"0":{"start":{"line":6,"column":24},"end":{"line":6,"column":39}},"1":{"start":{"line":6,"column":36},"end":{"line":6,"column":38}},"2":{"start":{"line":7,"column":22},"end":{"line":126,"column":8}},"3":{"start":{"line":9,"column":12},"end":{"line":9,"column":32}},"4":{"start":{"line":10,"column":12},"end":{"line":12,"column":14}},"5":{"start":{"line":13,"column":12},"end":{"line":21,"column":14}},"6":{"start":{"line":14,"column":16},"end":{"line":17,"column":17}},"7":{"start":{"line":15,"column":20},"end":{"line":15,"column":64}},"8":{"start":{"line":16,"column":20},"end":{"line":16,"column":50}},"9":{"start":{"line":18,"column":16},"end":{"line":20,"column":51}},"10":{"start":{"line":19,"column":20},"end":{"line":19,"column":56}},"11":{"start":{"line":22,"column":12},"end":{"line":32,"column":14}},"12":{"start":{"line":23,"column":16},"end":{"line":26,"column":17}},"13":{"start":{"line":24,"column":20},"end":{"line":24,"column":64}},"14":{"start":{"line":25,"column":20},"end":{"line":25,"column":50}},"15":{"start":{"line":27,"column":16},"end":{"line":31,"column":17}},"16":{"start":{"line":28,"column":20},"end":{"line":30,"column":55}},"17":{"start":{"line":29,"column":24},"end":{"line":29,"column":61}},"18":{"start":{"line":33,"column":12},"end":{"line":48,"column":14}},"19":{"start":{"line":34,"column":16},"end":{"line":47,"column":17}},"20":{"start":{"line":35,"column":43},"end":{"line":35,"column":53}},"21":{"start":{"line":36,"column":20},"end":{"line":36,"column":40}},"22":{"start":{"line":37,"column":20},"end":{"line":46,"column":21}},"23":{"start":{"line":38,"column":24},"end":{"line":40,"column":28}},"24":{"start":{"line":39,"column":28},"end":{"line":39,"column":48}},"25":{"start":{"line":43,"column":24},"end":{"line":45,"column":28}},"26":{"start":{"line":44,"column":28},"end":{"line":44,"column":48}},"27":{"start":{"line":51,"column":12},"end":{"line":55,"column":13}},"28":{"start":{"line":52,"column":16},"end":{"line":54,"column":17}},"29":{"start":{"line":53,"column":20},"end":{"line":53,"column":64}},"30":{"start":{"line":58,"column":52},"end":{"line":58,"column":62}},"31":{"start":{"line":59,"column":12},"end":{"line":119,"column":16}}},"fnMap":{"0":{"name":"(anonymous_0)","decl":{"start":{"line":6,"column":24},"end":{"line":6,"column":25}},"loc":{"start":{"line":6,"column":36},"end":{"line":6,"column":38}},"line":6},"1":{"name":"(anonymous_1)","decl":{"start":{"line":8,"column":8},"end":{"line":8,"column":9}},"loc":{"start":{"line":8,"column":22},"end":{"line":49,"column":9}},"line":8},"2":{"name":"(anonymous_2)","decl":{"start":{"line":13,"column":32},"end":{"line":13,"column":33}},"loc":{"start":{"line":13,"column":38},"end":{"line":21,"column":13}},"line":13},"3":{"name":"(anonymous_3)","decl":{"start":{"line":18,"column":59},"end":{"line":18,"column":60}},"loc":{"start":{"line":18,"column":65},"end":{"line":20,"column":17}},"line":18},"4":{"name":"(anonymous_4)","decl":{"start":{"line":22,"column":32},"end":{"line":22,"column":33}},"loc":{"start":{"line":22,"column":38},"end":{"line":32,"column":13}},"line":22},"5":{"name":"(anonymous_5)","decl":{"start":{"line":28,"column":63},"end":{"line":28,"column":64}},"loc":{"start":{"line":28,"column":69},"end":{"line":30,"column":21}},"line":28},"6":{"name":"(anonymous_6)","decl":{"start":{"line":33,"column":38},"end":{"line":33,"column":39}},"loc":{"start":{"line":33,"column":49},"end":{"line":48,"column":13}},"line":33},"7":{"name":"(anonymous_7)","decl":{"start":{"line":38,"column":55},"end":{"line":38,"column":56}},"loc":{"start":{"line":38,"column":61},"end":{"line":40,"column":25}},"line":38},"8":{"name":"(anonymous_8)","decl":{"start":{"line":43,"column":55},"end":{"line":43,"column":56}},"loc":{"start":{"line":43,"column":61},"end":{"line":45,"column":25}},"line":43},"9":{"name":"(anonymous_9)","decl":{"start":{"line":50,"column":8},"end":{"line":50,"column":9}},"loc":{"start":{"line":50,"column":31},"end":{"line":56,"column":9}},"line":50},"10":{"name":"(anonymous_10)","decl":{"start":{"line":57,"column":8},"end":{"line":57,"column":9}},"loc":{"start":{"line":57,"column":17},"end":{"line":120,"column":9}},"line":57}},"branchMap":{"0":{"loc":{"start":{"line":14,"column":16},"end":{"line":17,"column":17}},"type":"if","locations":[{"start":{"line":14,"column":16},"end":{"line":17,"column":17}},{"start":{"line":14,"column":16},"end":{"line":17,"column":17}}],"line":14},"1":{"loc":{"start":{"line":23,"column":16},"end":{"line":26,"column":17}},"type":"if","locations":[{"start":{"line":23,"column":16},"end":{"line":26,"column":17}},{"start":{"line":23,"column":16},"end":{"line":26,"column":17}}],"line":23},"2":{"loc":{"start":{"line":27,"column":16},"end":{"line":31,"column":17}},"type":"if","locations":[{"start":{"line":27,"column":16},"end":{"line":31,"column":17}},{"start":{"line":27,"column":16},"end":{"line":31,"column":17}}],"line":27},"3":{"loc":{"start":{"line":34,"column":16},"end":{"line":47,"column":17}},"type":"if","locations":[{"start":{"line":34,"column":16},"end":{"line":47,"column":17}},{"start":{"line":34,"column":16},"end":{"line":47,"column":17}}],"line":34},"4":{"loc":{"start":{"line":37,"column":20},"end":{"line":46,"column":21}},"type":"if","locations":[{"start":{"line":37,"column":20},"end":{"line":46,"column":21}},{"start":{"line":37,"column":20},"end":{"line":46,"column":21}}],"line":37},"5":{"loc":{"start":{"line":51,"column":12},"end":{"line":55,"column":13}},"type":"if","locations":[{"start":{"line":51,"column":12},"end":{"line":55,"column":13}},{"start":{"line":51,"column":12},"end":{"line":55,"column":13}}],"line":51},"6":{"loc":{"start":{"line":52,"column":16},"end":{"line":54,"column":17}},"type":"if","locations":[{"start":{"line":52,"column":16},"end":{"line":54,"column":17}},{"start":{"line":52,"column":16},"end":{"line":54,"column":17}}],"line":52},"7":{"loc":{"start":{"line":116,"column":11},"end":{"line":118,"column":30}},"type":"cond-expr","locations":[{"start":{"line":116,"column":35},"end":{"line":118,"column":19}},{"start":{"line":118,"column":24},"end":{"line":118,"column":29}}],"line":116}},"s":{"0":11,"1":8,"2":11,"3":8,"4":8,"5":8,"6":8,"7":2,"8":2,"9":8,"10":3,"11":8,"12":3,"13":3,"14":3,"15":3,"16":2,"17":1,"18":8,"19":8,"20":8,"21":8,"22":8,"23":1,"24":0,"25":7,"26":3,"27":1,"28":1,"29":1,"30":12,"31":12},"f":{"0":8,"1":8,"2":8,"3":3,"4":3,"5":1,"6":8,"7":0,"8":3,"9":1,"10":12},"b":{"0":[2,6],"1":[3,0],"2":[2,1],"3":[8,0],"4":[1,7],"5":[1,0],"6":[1,0],"7":[11,1]},"inputSourceMap":{"version":3,"file":"Amount.jsx","sourceRoot":"","sources":["Amount.tsx"],"names":[],"mappings":"AAAA,OAAO,KAAK,MAAM,OAAO,CAAC;AAC1B,OAAO,EAAE,OAAO,EAAE,MAAM,aAAa,CAAC;AACtC,OAAO,EAAE,WAAW,EAAE,IAAI,EAAE,MAAM,MAAM,CAAC;AACzC,OAAO,QAAQ,MAAM,oBAAoB,CAAC;AAC1C,OAAO,EAAE,gBAAgB,EAAE,gBAAgB,EAAE,MAAM,gBAAgB,CAAC;AAkBpE,MAAM,eAAe,GAAG,CAAC,KAAmB,KAAK,CAAC,EAAE,CAAC,CAAC;AAEtD,MAAM,aAAa,GAAG,OAAO,CAAwC,eAAe,CAAC,OACnF,YAAa,SAAQ,KAAK,CAAC,SAAyB;QAApD;;YAQE,UAAK,GAAW;gBACd,UAAU,EAAE,KAAK;aAClB,CAAC;YAEF,iBAAY,GAAG;gBACb,EAAE,CAAC,CAAC,CAAC,CAAC,IAAI,CAAC,iBAAiB,CAAC,CAAC,CAAC;oBAC7B,MAAM,CAAC,YAAY,CAAC,IAAI,CAAC,iBAAiB,CAAC,CAAC;oBAC5C,IAAI,CAAC,iBAAiB,GAAG,IAAI,CAAC;gBAChC,CAAC;gBACD,IAAI,CAAC,iBAAiB,GAAG,MAAM,CAAC,UAAU,CAAC;oBACzC,IAAI,CAAC,QAAQ,CAAC,EAAE,UAAU,EAAE,IAAI,EAAE,CAAC,CAAC;gBACtC,CAAC,EAAE,IAAI,CAAC,KAAK,CAAC,mBAAmB,CAAC,CAAC;YACrC,CAAC,CAAC;YAEF,iBAAY,GAAG;gBACb,EAAE,CAAC,CAAC,CAAC,CAAC,IAAI,CAAC,iBAAiB,CAAC,CAAC,CAAC;oBAC7B,MAAM,CAAC,YAAY,CAAC,IAAI,CAAC,iBAAiB,CAAC,CAAC;oBAC5C,IAAI,CAAC,iBAAiB,GAAG,IAAI,CAAC;gBAChC,CAAC;gBACD,EAAE,CAAC,CAAC,IAAI,CAAC,KAAK,CAAC,UAAU,CAAC,CAAC,CAAC;oBAC1B,IAAI,CAAC,iBAAiB,GAAG,MAAM,CAAC,UAAU,CAAC;wBACzC,IAAI,CAAC,QAAQ,CAAC,EAAE,UAAU,EAAE,KAAK,EAAE,CAAC,CAAC;oBACvC,CAAC,EAAE,IAAI,CAAC,KAAK,CAAC,mBAAmB,CAAC,CAAC;gBACrC,CAAC;YACH,CAAC,CAAC;YAEF,uBAAkB,GAAG,CAAC,KAAa;gBACjC,EAAE,CAAC,CAAC,OAAO,CAAC,GAAG,CAAC,OAAO,CAAC,CAAC,CAAC;oBACxB,MAAM,EAAE,GAAG,EAAE,KAAK,EAAE,GAAG,IAAI,CAAC,KAAK,CAAC;oBAClC,IAAI,CAAC,YAAY,EAAE,CAAC;oBACpB,EAAE,CAAC,CAAC,KAAK,GAAG,KAAK,CAAC,CAAC,CAAC;wBAClB,QAAQ,CACN,gBAAgB,CAAC,GAAG,EAAE;4BACpB,IAAI,CAAC,YAAY,EAAE,CAAC;wBACtB,CAAC,CAAC,CACH,CAAC;oBACJ,CAAC;oBAAC,IAAI,CAAC,CAAC;wBACN,QAAQ,CACN,gBAAgB,CAAC,GAAG,EAAE;4BACpB,IAAI,CAAC,YAAY,EAAE,CAAC;wBACtB,CAAC,CAAC,CACH,CAAC;oBACJ,CAAC;gBACH,CAAC;YACH,CAAC,CAAC;QAgFJ,CAAC;QA9EC,oBAAoB;YAClB,EAAE,CAAC,CAAC,OAAO,CAAC,GAAG,CAAC,OAAO,CAAC,CAAC,CAAC;gBACxB,EAAE,CAAC,CAAC,CAAC,CAAC,IAAI,CAAC,iBAAiB,CAAC,CAAC,CAAC;oBAC7B,MAAM,CAAC,YAAY,CAAC,IAAI,CAAC,iBAAiB,CAAC,CAAC;gBAC9C,CAAC;YACH,CAAC;QACH,CAAC;QAED,MAAM;YACJ,MAAM,EAAE,oBAAoB,EAAE,KAAK,EAAE,GAAG,IAAI,CAAC,KAAK,CAAC;YACnD,MAAM,CAAC,CACL,CAAC,GAAG,CAAC,SAAS,CAAC,MAAM,CACnB;UAAA,CAAC,KAAK,CAAC,GAAG,CAAC,CAAC;;;;;;;;;;;;;;;;;;;;;;;;;;;;;;;;;;;;;;;;;;;;;;;;;;;;;;;WAuDX,CAAC,EAAE,KAAK,CACT;UAAA,CAAC,oBAAoB,GAAG,CACtB,CAAC,IAAI,CAAC,QAAQ,CAAC,CAAC,IAAI,CAAC,KAAK,CAAC,UAAU,CAAC,CACpC;cAAA,CAAC,WAAW,CAAC,GAAG,CAAC,CAAC,CAAC,CAAC,CAAC,KAAK,CAAC,CAAC,KAAK,CAAC,CAAC,QAAQ,CAAC,CAAC,IAAI,CAAC,kBAAkB,CAAC,EACvE;YAAA,EAAE,IAAI,CAAC,CACR,GAAG,CACF,KAAK,CACN,CACH;QAAA,EAAE,GAAG,CAAC,CACP,CAAC;QACJ,CAAC;KACF;IAnIQ,eAAY,GAAG;QACpB,mBAAmB,EAAE,GAAG;QACxB,mBAAmB,EAAE,GAAG;KACxB;QAiIL,CAAC;AAEF,eAAe,aAAa,CAAC","sourcesContent":["import React from 'react';\nimport { connect } from 'react-redux';\nimport { InputNumber, Spin } from 'antd';\nimport dispatch from 'src/store/dispatch';\nimport { increaseQuantity, decreaseQuantity } from 'src/ducks/cart';\n\ninterface IOwnProps {\n  mayChangeAmountItems: boolean;\n  uid: string;\n  count: number;\n  pendingShowSpinning?: number;\n  pendingHideSpinning?: number;\n}\n\ninterface IConnectedState {}\n\ntype IProps = IOwnProps & IConnectedState;\n\ninterface IState {\n  isSpinning: boolean;\n}\n\nconst mapStateToProps = (state: Store.IState) => ({});\n\nconst WrappedAmount = connect<IConnectedState, undefined, IOwnProps>(mapStateToProps)(\n  class Amount extends React.Component<IProps, IState> {\n    static defaultProps = {\n      pendingShowSpinning: 400,\n      pendingHideSpinning: 300,\n    };\n\n    spinningTimeoutId: number;\n\n    state: IState = {\n      isSpinning: false,\n    };\n\n    showSpinning = () => {\n      if (!!this.spinningTimeoutId) {\n        window.clearTimeout(this.spinningTimeoutId);\n        this.spinningTimeoutId = null;\n      }\n      this.spinningTimeoutId = window.setTimeout(() => {\n        this.setState({ isSpinning: true });\n      }, this.props.pendingShowSpinning);\n    };\n\n    hideSpinning = () => {\n      if (!!this.spinningTimeoutId) {\n        window.clearTimeout(this.spinningTimeoutId);\n        this.spinningTimeoutId = null;\n      }\n      if (this.state.isSpinning) {\n        this.spinningTimeoutId = window.setTimeout(() => {\n          this.setState({ isSpinning: false });\n        }, this.props.pendingHideSpinning);\n      }\n    };\n\n    handleChangeAmount = (value: number) => {\n      if (process.env.BROWSER) {\n        const { uid, count } = this.props;\n        this.showSpinning();\n        if (count < value) {\n          dispatch(\n            increaseQuantity(uid, () => {\n              this.hideSpinning();\n            }),\n          );\n        } else {\n          dispatch(\n            decreaseQuantity(uid, () => {\n              this.hideSpinning();\n            }),\n          );\n        }\n      }\n    };\n\n    componentWillUnmount() {\n      if (process.env.BROWSER) {\n        if (!!this.spinningTimeoutId) {\n          window.clearTimeout(this.spinningTimeoutId);\n        }\n      }\n    }\n\n    render() {\n      const { mayChangeAmountItems, count } = this.props;\n      return (\n        <div className=\"root\">\n          <style jsx>{`\n            .root {\n              display: inline-block;\n              vertical-align: top;\n            }\n            .root :global(.ant-input-number) {\n              border: 0;\n              display: flex;\n              justify-content: center;\n              background: transparent;\n              color: #062f49;\n            }\n            .root :global(.ant-input-number:hover) {\n              border-color: transparent;\n            }\n            .root :global(.ant-input-number-focused) {\n              box-shadow: none;\n              border-color: transparent;\n            }\n            .root :global(.ant-input-number-handler-wrap) {\n              border: 0;\n              opacity: 1;\n              width: 100%;\n              display: flex;\n              flex-direction: row-reverse;\n              background: transparent;\n            }\n            .root :global(.ant-input-number-input-wrap) {\n              position: relative;\n              z-index: 3;\n              width: 32px;\n              height: 32px;\n            }\n            .root :global(.ant-input-number-handler) {\n              width: 50%;\n              height: 100%;\n              border: 0;\n              top: 0;\n              bottom: 0;\n              background: transparent;\n            }\n            .root :global(.ant-input-number-handler:hover) {\n              height: 100% !important;\n            }\n            .root :global(.ant-input-number-handler-down-inner) {\n              right: auto;\n              left: 4px;\n            }\n            .root :global(.ant-input-number-input) {\n              background-color: #e5ecf4;\n              border-radius: 8px;\n              color: inherit;\n              text-align: right;\n              font-weight: bold;\n            }\n          `}</style>\n          {mayChangeAmountItems ? (\n            <Spin spinning={this.state.isSpinning}>\n              <InputNumber min={1} value={count} onChange={this.handleChangeAmount} />\n            </Spin>\n          ) : (\n            count\n          )}\n        </div>\n      );\n    }\n  },\n);\n\nexport default WrappedAmount;\n"]},"_coverageSchema":"332fd63041d2c1bcb487cc26dd0d5f7d97098a6c","hash":"71b25e893789d739b12b05d3bdfd24d49b009a5b"}
,"/home/ioffikus/projects/template-basic/src/components/CartItems/CartItems.tsx": {"path":"/home/ioffikus/projects/template-basic/src/components/CartItems/CartItems.tsx","statementMap":{"0":{"start":{"line":11,"column":24},"end":{"line":14,"column":2}},"1":{"start":{"line":11,"column":36},"end":{"line":14,"column":1}},"2":{"start":{"line":15,"column":25},"end":{"line":162,"column":2}},"3":{"start":{"line":17,"column":8},"end":{"line":17,"column":28}},"4":{"start":{"line":18,"column":8},"end":{"line":37,"column":10}},"5":{"start":{"line":19,"column":12},"end":{"line":36,"column":15}},"6":{"start":{"line":20,"column":28},"end":{"line":20,"column":37}},"7":{"start":{"line":21,"column":30},"end":{"line":21,"column":53}},"8":{"start":{"line":22,"column":37},"end":{"line":22,"column":55}},"9":{"start":{"line":23,"column":35},"end":{"line":23,"column":79}},"10":{"start":{"line":24,"column":29},"end":{"line":24,"column":66}},"11":{"start":{"line":25,"column":41},"end":{"line":25,"column":91}},"12":{"start":{"line":26,"column":33},"end":{"line":26,"column":74}},"13":{"start":{"line":27,"column":30},"end":{"line":27,"column":67}},"14":{"start":{"line":28,"column":16},"end":{"line":35,"column":18}},"15":{"start":{"line":40,"column":100},"end":{"line":40,"column":110}},"16":{"start":{"line":41,"column":23},"end":{"line":41,"column":48}},"17":{"start":{"line":42,"column":24},"end":{"line":83,"column":9}},"18":{"start":{"line":47,"column":65},"end":{"line":47,"column":71}},"19":{"start":{"line":48,"column":20},"end":{"line":48,"column":87}},"20":{"start":{"line":55,"column":76},"end":{"line":55,"column":82}},"21":{"start":{"line":56,"column":20},"end":{"line":56,"column":93}},"22":{"start":{"line":63,"column":43},"end":{"line":63,"column":49}},"23":{"start":{"line":64,"column":20},"end":{"line":64,"column":105}},"24":{"start":{"line":71,"column":48},"end":{"line":71,"column":59}},"25":{"start":{"line":72,"column":20},"end":{"line":72,"column":70}},"26":{"start":{"line":79,"column":36},"end":{"line":79,"column":42}},"27":{"start":{"line":80,"column":20},"end":{"line":80,"column":79}},"28":{"start":{"line":84,"column":8},"end":{"line":160,"column":16}}},"fnMap":{"0":{"name":"(anonymous_0)","decl":{"start":{"line":11,"column":24},"end":{"line":11,"column":25}},"loc":{"start":{"line":11,"column":36},"end":{"line":14,"column":1}},"line":11},"1":{"name":"(anonymous_1)","decl":{"start":{"line":16,"column":4},"end":{"line":16,"column":5}},"loc":{"start":{"line":16,"column":18},"end":{"line":38,"column":5}},"line":16},"2":{"name":"(anonymous_2)","decl":{"start":{"line":18,"column":29},"end":{"line":18,"column":30}},"loc":{"start":{"line":18,"column":35},"end":{"line":37,"column":9}},"line":18},"3":{"name":"(anonymous_3)","decl":{"start":{"line":19,"column":40},"end":{"line":19,"column":41}},"loc":{"start":{"line":19,"column":48},"end":{"line":36,"column":13}},"line":19},"4":{"name":"(anonymous_4)","decl":{"start":{"line":39,"column":4},"end":{"line":39,"column":5}},"loc":{"start":{"line":39,"column":13},"end":{"line":161,"column":5}},"line":39},"5":{"name":"(anonymous_5)","decl":{"start":{"line":46,"column":24},"end":{"line":46,"column":25}},"loc":{"start":{"line":46,"column":42},"end":{"line":49,"column":17}},"line":46},"6":{"name":"(anonymous_6)","decl":{"start":{"line":54,"column":24},"end":{"line":54,"column":25}},"loc":{"start":{"line":54,"column":42},"end":{"line":57,"column":17}},"line":54},"7":{"name":"(anonymous_7)","decl":{"start":{"line":62,"column":24},"end":{"line":62,"column":25}},"loc":{"start":{"line":62,"column":42},"end":{"line":65,"column":17}},"line":62},"8":{"name":"(anonymous_8)","decl":{"start":{"line":70,"column":24},"end":{"line":70,"column":25}},"loc":{"start":{"line":70,"column":42},"end":{"line":73,"column":17}},"line":70},"9":{"name":"(anonymous_9)","decl":{"start":{"line":78,"column":24},"end":{"line":78,"column":25}},"loc":{"start":{"line":78,"column":42},"end":{"line":81,"column":17}},"line":78}},"branchMap":{"0":{"loc":{"start":{"line":154,"column":11},"end":{"line":159,"column":19}},"type":"cond-expr","locations":[{"start":{"line":154,"column":31},"end":{"line":154,"column":106}},{"start":{"line":154,"column":111},"end":{"line":159,"column":18}}],"line":154},"1":{"loc":{"start":{"line":158,"column":15},"end":{"line":158,"column":71}},"type":"binary-expr","locations":[{"start":{"line":158,"column":15},"end":{"line":158,"column":21}},{"start":{"line":158,"column":25},"end":{"line":158,"column":71}}],"line":158}},"s":{"0":10,"1":2,"2":10,"3":2,"4":2,"5":1,"6":3,"7":3,"8":3,"9":3,"10":3,"11":3,"12":3,"13":3,"14":3,"15":2,"16":2,"17":2,"18":0,"19":0,"20":0,"21":0,"22":0,"23":0,"24":0,"25":0,"26":0,"27":0,"28":2},"f":{"0":2,"1":2,"2":1,"3":3,"4":2,"5":0,"6":0,"7":0,"8":0,"9":0},"b":{"0":[1,1],"1":[1,0]},"inputSourceMap":{"version":3,"file":"CartItems.jsx","sourceRoot":"","sources":["CartItems.tsx"],"names":[],"mappings":"AAAA,OAAO,KAAK,MAAM,OAAO,CAAC;AAC1B,OAAO,EAAE,OAAO,EAAE,MAAM,aAAa,CAAC;AACtC,OAAO,EAAE,KAAK,EAAE,MAAM,MAAM,CAAC;AAC7B,OAAO,EAAE,MAAM,YAAY,CAAC;AAC5B,OAAO,CAAC,MAAM,QAAQ,CAAC;AACvB,OAAO,KAAK,MAAM,sBAAsB,CAAC;AACzC,OAAO,gBAAgB,MAAM,iCAAiC,CAAC;AAC/D,OAAO,IAAI,MAAM,QAAQ,CAAC;AAC1B,OAAO,MAAM,MAAM,UAAU,CAAC;AAC9B,OAAO,MAAM,MAAM,UAAU,CAAC;AAkC9B,MAAM,eAAe,GAAG,CAAC,KAAmB,KAAK,CAAC;IAChD,EAAE,EAAE,KAAK,CAAC,EAAE;IACZ,KAAK,EAAE,KAAK,CAAC,IAAI,CAAC,KAAK;CACxB,CAAC,CAAC;AAEH,MAAM,gBAAgB,GAAG,OAAO,CAAwC,eAAe,CAAC,CACtF,eAAgB,SAAQ,KAAK,CAAC,SAAyB;IAAvD;;QACE,kBAAa,GAAG;YACd,MAAM,CAAC,IAAI,CAAC,KAAK,CAAC,KAAK,CAAC,GAAG,CAAC,IAAI;gBAC9B,MAAM,GAAG,GAAG,IAAI,CAAC,IAAI,CAAC;gBACtB,MAAM,KAAK,GAAG,CAAC,CAAC,GAAG,CAAC,IAAI,EAAE,OAAO,EAAE,CAAC,CAAC,CAAC;gBACtC,MAAM,YAAY,GAAG,IAAI,CAAC,aAAa,CAAC;gBACxC,MAAM,UAAU,GAAG,CAAC,CAAC,GAAG,CAAC,YAAY,EAAE,mBAAmB,EAAE,EAAE,CAAC,CAAC;gBAChE,MAAM,IAAI,GAAG,CAAC,CAAC,GAAG,CAAC,YAAY,EAAE,YAAY,EAAE,EAAE,CAAC,CAAC;gBACnD,MAAM,gBAAgB,GAAG,CAAC,CAAC,GAAG,CAAC,YAAY,EAAE,yBAAyB,EAAE,EAAE,CAAC,CAAC;gBAC5E,MAAM,QAAQ,GAAG,CAAC,CAAC,GAAG,CAAC,YAAY,EAAE,gBAAgB,EAAE,EAAE,CAAC,CAAC;gBAC3D,MAAM,KAAK,GAAG,CAAC,CAAC,GAAG,CAAC,YAAY,EAAE,aAAa,EAAE,CAAC,CAAC,CAAC;gBACpD,MAAM,CAAC;oBACL,UAAU;oBACV,KAAK;oBACL,GAAG;oBACH,IAAI,EAAE,EAAE,KAAK,EAAE,QAAQ,EAAE;oBACzB,UAAU,EAAE,EAAE,gBAAgB,EAAE,IAAI,EAAE;oBACtC,GAAG,EAAE,GAAG;iBACT,CAAC;YACJ,CAAC,CAAC,CAAC;QACL,CAAC,CAAC;IAqIJ,CAAC;IAnIC,MAAM;QACJ,MAAM,EAAE,oBAAoB,EAAE,cAAc,EAAE,oBAAoB,EAAE,IAAI,EAAE,KAAK,EAAE,MAAM,EAAE,GAAG,IAAI,CAAC,KAAK,CAAC;QACvG,MAAM,MAAM,GAAG,IAAI,CAAC,KAAK,CAAC,EAAE,CAAC,MAAM,CAAC,IAAI,CAAC;QACzC,MAAM,OAAO,GAAG;YACd;gBACE,GAAG,EAAE,OAAO;gBACZ,SAAS,EAAE,WAAW;gBACtB,MAAM,EAAE,CAAC,IAAY,EAAE,MAAe;oBACpC,MAAM,EAAE,UAAU,EAAE,UAAU,EAAE,EAAE,IAAI,EAAE,EAAE,GAAG,MAAM,CAAC;oBACpD,MAAM,CAAC,CAAC,gBAAgB,CAAC,UAAU,CAAC,CAAC,UAAU,CAAC,CAAC,QAAQ,CAAC,CAAC,IAAI,CAAC,EAAG,CAAC;gBACtE,CAAC;aACF;YACD;gBACE,GAAG,EAAE,MAAM;gBACX,SAAS,EAAE,UAAU;gBACrB,MAAM,EAAE,CAAC,IAAY,EAAE,MAAe;oBACpC,MAAM,EAAE,GAAG,EAAE,UAAU,EAAE,EAAE,IAAI,EAAE,gBAAgB,EAAE,EAAE,GAAG,MAAM,CAAC;oBAC/D,MAAM,CAAC,CAAC,IAAI,CAAC,GAAG,CAAC,CAAC,GAAG,CAAC,CAAC,IAAI,CAAC,CAAC,IAAI,CAAC,CAAC,gBAAgB,CAAC,CAAC,gBAAgB,CAAC,EAAG,CAAC;gBAC5E,CAAC;aACF;YACD;gBACE,GAAG,EAAE,OAAO;gBACZ,SAAS,EAAE,WAAW;gBACtB,MAAM,EAAE,CAAC,IAAY,EAAE,MAAe;oBACpC,MAAM,EAAE,GAAG,EAAE,KAAK,EAAE,GAAG,MAAM,CAAC;oBAC9B,MAAM,CAAC,CAAC,MAAM,CAAC,oBAAoB,CAAC,CAAC,oBAAoB,CAAC,CAAC,GAAG,CAAC,CAAC,GAAG,CAAC,CAAC,KAAK,CAAC,CAAC,KAAK,CAAC,EAAG,CAAC;gBACxF,CAAC;aACF;YACD;gBACE,GAAG,EAAE,MAAM;gBACX,SAAS,EAAE,UAAU;gBACrB,MAAM,EAAE,CAAC,IAAY,EAAE,MAAe;oBACpC,MAAM,EAAE,KAAK,EAAE,QAAQ,EAAE,GAAG,MAAM,CAAC,IAAI,CAAC;oBACxC,MAAM,CAAC,CAAC,KAAK,CAAC,KAAK,CAAC,CAAC,KAAK,CAAC,CAAC,QAAQ,CAAC,CAAC,QAAQ,CAAC,EAAG,CAAC;gBACrD,CAAC;aACF;YACD;gBACE,GAAG,EAAE,QAAQ;gBACb,SAAS,EAAE,YAAY;gBACvB,MAAM,EAAE,CAAC,IAAY,EAAE,MAAe;oBACpC,MAAM,EAAE,GAAG,EAAE,GAAG,MAAM,CAAC;oBACvB,MAAM,CAAC,CAAC,MAAM,CAAC,cAAc,CAAC,CAAC,cAAc,CAAC,CAAC,GAAG,CAAC,CAAC,GAAG,CAAC,EAAG,CAAC;gBAC9D,CAAC;aACF;SACF,CAAC;QACF,MAAM,CAAC,CACL,CAAC,GAAG,CACF,SAAS,CAAC,CAAC,EAAE,CAAC,MAAM,EAAE;YACpB,CAAC,oBAAoB,CAAC,EAAE,CAAC,CAAC,oBAAoB;YAC9C,KAAK,EAAE,IAAI,KAAK,OAAO;SACxB,CAAC,CAAC,CAEH;UAAA,CAAC,KAAK,CAAC,GAAG,CAAC,CAAC;;;;;;;;;;;;;;;;;;;;;;;;;;;;;;;;;;;;;;;;;;;;;;;;;;;;;;;;;;;;;;;;;WAiEX,CAAC,EAAE,KAAK,CACT;UAAA,CAAC,CAAC,CAAC,OAAO,CAAC,KAAK,CAAC,GAAG,CAClB,CAAC,GAAG,CAAC,SAAS,CAAC,gBAAgB,CAAC,CAAC,MAAM,CAAC,WAAW,CAAC,IAAI,CAAC,WAAW,CAAC,EAAE,GAAG,CAAC,CAC5E,GAAG,CACF,CAAC,GAAG,CAAC,SAAS,CAAC,OAAO,CACpB;cAAA,CAAC,GAAG,CAAC,SAAS,CAAC,MAAM,CACnB;gBAAA,CAAC,KAAK,CAAC,OAAO,CAAC,CAAC,OAAO,CAAC,CAAC,UAAU,CAAC,CAAC,IAAI,CAAC,aAAa,EAAE,CAAC,CAAC,UAAU,CAAC,CAAC,KAAK,CAAC,CAAC,UAAU,CAAC,CAAC,KAAK,CAAC,EAClG;cAAA,EAAE,GAAG,CACL;cAAA,CAAC,MAAM,IAAI,CAAC,GAAG,CAAC,SAAS,CAAC,gBAAgB,CAAC,CAAC,MAAM,CAAC,EAAE,GAAG,CAAC,CAC3D;YAAA,EAAE,GAAG,CAAC,CACP,CACH;QAAA,EAAE,GAAG,CAAC,CACP,CAAC;IACJ,CAAC;CACF,CACF,CAAC;AAEF,eAAe,gBAAgB,CAAC","sourcesContent":["import React from 'react';\nimport { connect } from 'react-redux';\nimport { Table } from 'antd';\nimport cx from 'classnames';\nimport _ from 'lodash';\nimport Price from 'src/components/Price';\nimport CartProductImage from 'src/components/CartProductImage';\nimport Name from './Name';\nimport Amount from './Amount';\nimport Delete from './Delete';\n\ninterface IRecord {\n  pictureUrl: string;\n  nameFields: {\n    name: string;\n    shortDescription: string;\n  };\n  uid: string;\n  key: string;\n  count: number;\n  cost: {\n    currency: string;\n    price: number;\n  };\n}\n\ninterface IOwnProps {\n  mayDeleteItems?: boolean;\n  mayChangeAmountItems?: boolean;\n  footer?: React.ReactNode;\n  cssModificationClass?: string;\n  size?: 'large';\n}\n\ninterface IConnectedState {\n  ui: Alicanto.Models.UI;\n  items: Alicanto.Models.CatalogItem[];\n}\n\ntype IProps = IOwnProps & IConnectedState;\n\ninterface IState {}\n\nconst mapStateToProps = (state: Store.IState) => ({\n  ui: state.ui,\n  items: state.cart.items,\n});\n\nconst WrappedCartItems = connect<IConnectedState, undefined, IOwnProps>(mapStateToProps)(\n  class CartItems extends React.Component<IProps, IState> {\n    getDataSource = (): IRecord[] => {\n      return this.props.items.map(item => {\n        const uid = item.item;\n        const count = _.get(item, 'count', 0);\n        const schemaFields = item.schema_fields;\n        const pictureUrl = _.get(schemaFields, 'picture_url.value', '');\n        const name = _.get(schemaFields, 'name.value', '');\n        const shortDescription = _.get(schemaFields, 'short_description.value', '');\n        const currency = _.get(schemaFields, 'currency.value', '');\n        const price = _.get(schemaFields, 'price.value', 0);\n        return {\n          pictureUrl,\n          count,\n          uid,\n          cost: { price, currency },\n          nameFields: { shortDescription, name },\n          key: uid,\n        };\n      });\n    };\n\n    render() {\n      const { mayChangeAmountItems, mayDeleteItems, cssModificationClass, size, items, footer } = this.props;\n      const cartUI = this.props.ui.routes.cart;\n      const columns = [\n        {\n          key: 'image',\n          className: 'image-col',\n          render: (text: string, record: IRecord) => {\n            const { pictureUrl, nameFields: { name } } = record;\n            return <CartProductImage pictureUrl={pictureUrl} imageAlt={name} />;\n          },\n        },\n        {\n          key: 'name',\n          className: 'name-col',\n          render: (text: string, record: IRecord) => {\n            const { uid, nameFields: { name, shortDescription } } = record;\n            return <Name uid={uid} name={name} shortDescription={shortDescription} />;\n          },\n        },\n        {\n          key: 'count',\n          className: 'count-col',\n          render: (text: string, record: IRecord) => {\n            const { uid, count } = record;\n            return <Amount mayChangeAmountItems={mayChangeAmountItems} uid={uid} count={count} />;\n          },\n        },\n        {\n          key: 'cost',\n          className: 'cost-col',\n          render: (text: string, record: IRecord) => {\n            const { price, currency } = record.cost;\n            return <Price price={price} currency={currency} />;\n          },\n        },\n        {\n          key: 'delete',\n          className: 'delete-col',\n          render: (text: string, record: IRecord) => {\n            const { uid } = record;\n            return <Delete mayDeleteItems={mayDeleteItems} uid={uid} />;\n          },\n        },\n      ];\n      return (\n        <div\n          className={cx('root', {\n            [cssModificationClass]: !!cssModificationClass,\n            large: size === 'large',\n          })}\n        >\n          <style jsx>{`\n            .root {\n              width: 540px;\n              max-width: 100%;\n              font-size: 14px;\n              font-weight: bold;\n              padding: 15px 0;\n            }\n            .large {\n              width: 100%;\n              padding-bottom: 0;\n            }\n            .root :global(.list) {\n              margin-bottom: 16px;\n            }\n            .root :global(.name-col) {\n              width: 100%;\n              max-width: 0;\n            }\n            .root :global(.image-col) {\n              padding-left: 0;\n            }\n            .root :global(.delete-col) {\n              padding-right: 0;\n            }\n            .root :global(.cost-col) {\n              text-align: right;\n              white-space: nowrap;\n            }\n            .large :global(.cost-col) {\n              padding-left: 30px;\n            }\n            .root :global(.ant-row-flex:not(:last-of-type)) {\n              margin-bottom: 9px;\n              padding-bottom: 8px;\n            }\n            .root :global(.button-wrapper) {\n              text-align: right;\n            }\n            .root :global(.button) {\n              min-width: 192px;\n              letter-spacing: 2px;\n              text-transform: uppercase;\n              font-weight: 500;\n              font-size: 11px;\n              line-height: 32px;\n              text-decoration: none;\n            }\n            .root :global(.button + .button) {\n              margin-left: 12px;\n            }\n            .has-border-bottom {\n              border-bottom: 2px solid #e5ecf4;\n            }\n            .has-border-bottom :global(.ant-table-tbody > tr:not(:last-of-type) > td) {\n              border-bottom: 1px solid #e5ecf4;\n            }\n            .root :global(.ant-table-tbody > tr > td) {\n              padding-top: 9px;\n              padding-bottom: 9px;\n              border: 0;\n            }\n            .root :global(.ant-table-tbody > tr:hover > td) {\n              background: transparent;\n            }\n          `}</style>\n          {_.isEmpty(items) ? (\n            <div className=\"app-text-empty\">{cartUI.emptyStatus.i18n.defaultText}</div>\n          ) : (\n            <div className=\"inner\">\n              <div className=\"list\">\n                <Table columns={columns} dataSource={this.getDataSource()} pagination={false} showHeader={false} />\n              </div>\n              {footer && <div className=\"button-wrapper\">{footer}</div>}\n            </div>\n          )}\n        </div>\n      );\n    }\n  },\n);\n\nexport default WrappedCartItems;\n"]},"_coverageSchema":"332fd63041d2c1bcb487cc26dd0d5f7d97098a6c","hash":"13dc89055b498f4884429ceee8b97557f9e65939"}
,"/home/ioffikus/projects/template-basic/src/components/CartItems/Delete.tsx": {"path":"/home/ioffikus/projects/template-basic/src/components/CartItems/Delete.tsx","statementMap":{"0":{"start":{"line":7,"column":24},"end":{"line":7,"column":39}},"1":{"start":{"line":7,"column":36},"end":{"line":7,"column":38}},"2":{"start":{"line":8,"column":22},"end":{"line":36,"column":2}},"3":{"start":{"line":10,"column":8},"end":{"line":10,"column":28}},"4":{"start":{"line":11,"column":8},"end":{"line":13,"column":10}},"5":{"start":{"line":11,"column":37},"end":{"line":13,"column":9}},"6":{"start":{"line":12,"column":12},"end":{"line":12,"column":42}},"7":{"start":{"line":16,"column":40},"end":{"line":16,"column":50}},"8":{"start":{"line":17,"column":8},"end":{"line":34,"column":16}}},"fnMap":{"0":{"name":"(anonymous_0)","decl":{"start":{"line":7,"column":24},"end":{"line":7,"column":25}},"loc":{"start":{"line":7,"column":36},"end":{"line":7,"column":38}},"line":7},"1":{"name":"(anonymous_1)","decl":{"start":{"line":9,"column":4},"end":{"line":9,"column":5}},"loc":{"start":{"line":9,"column":18},"end":{"line":14,"column":5}},"line":9},"2":{"name":"(anonymous_2)","decl":{"start":{"line":11,"column":28},"end":{"line":11,"column":29}},"loc":{"start":{"line":11,"column":37},"end":{"line":13,"column":9}},"line":11},"3":{"name":"(anonymous_3)","decl":{"start":{"line":11,"column":37},"end":{"line":11,"column":38}},"loc":{"start":{"line":11,"column":43},"end":{"line":13,"column":9}},"line":11},"4":{"name":"(anonymous_4)","decl":{"start":{"line":15,"column":4},"end":{"line":15,"column":5}},"loc":{"start":{"line":15,"column":13},"end":{"line":35,"column":5}},"line":15}},"branchMap":{"0":{"loc":{"start":{"line":31,"column":11},"end":{"line":33,"column":35}},"type":"cond-expr","locations":[{"start":{"line":31,"column":29},"end":{"line":33,"column":21}},{"start":{"line":33,"column":26},"end":{"line":33,"column":34}}],"line":31}},"s":{"0":11,"1":3,"2":11,"3":3,"4":3,"5":2,"6":1,"7":3,"8":3},"f":{"0":3,"1":3,"2":2,"3":1,"4":3},"b":{"0":[2,1]},"inputSourceMap":{"version":3,"file":"Delete.jsx","sourceRoot":"","sources":["Delete.tsx"],"names":[],"mappings":"AAAA,OAAO,KAAK,MAAM,OAAO,CAAC;AAC1B,OAAO,EAAE,OAAO,EAAE,MAAM,aAAa,CAAC;AACtC,OAAO,EAAE,MAAM,EAAE,MAAM,MAAM,CAAC;AAC9B,OAAO,QAAQ,MAAM,oBAAoB,CAAC;AAC1C,OAAO,EAAE,cAAc,EAAE,MAAM,gBAAgB,CAAC;AAChD,OAAO,GAAG,MAAM,oBAAoB,CAAC;AAarC,MAAM,eAAe,GAAG,CAAC,KAAmB,KAAK,CAAC,EAAE,CAAC,CAAC;AAEtD,MAAM,aAAa,GAAG,OAAO,CAAwC,eAAe,CAAC,CACnF,YAAa,SAAQ,KAAK,CAAC,SAAyB;IAApD;;QACE,iBAAY,GAAG,CAAC,GAAW,KAAK;YAC9B,QAAQ,CAAC,cAAc,CAAC,GAAG,CAAC,CAAC,CAAC;QAChC,CAAC,CAAC;IA6BJ,CAAC;IA3BC,MAAM;QACJ,MAAM,EAAE,cAAc,EAAE,GAAG,EAAE,GAAG,IAAI,CAAC,KAAK,CAAC;QAC3C,MAAM,CAAC,CACL,CAAC,GAAG,CAAC,SAAS,CAAC,MAAM,CACnB;UAAA,CAAC,KAAK,CAAC,GAAG,CAAC,CAAC;;;;;;;;;;;;WAYX,CAAC,EAAE,KAAK,CACT;UAAA,CAAC,cAAc,GAAG,CAChB,CAAC,MAAM,CAAC,KAAK,CAAC,QAAQ,CAAC,OAAO,CAAC,CAAC,IAAI,CAAC,YAAY,CAAC,GAAG,CAAC,CAAC,CAAC,SAAS,CAAC,eAAe,CAC/E;cAAA,CAAC,GAAG,CAAC,IAAI,CAAC,OAAO,CAAC,SAAS,CAAC,gBAAgB,EAC9C;YAAA,EAAE,MAAM,CAAC,CACV,GAAG,CACF,CAAC,IAAI,GAAG,CACT,CACH;QAAA,EAAE,GAAG,CAAC,CACP,CAAC;IACJ,CAAC;CACF,CACF,CAAC;AAEF,eAAe,aAAa,CAAC","sourcesContent":["import React from 'react';\nimport { connect } from 'react-redux';\nimport { Button } from 'antd';\nimport dispatch from 'src/store/dispatch';\nimport { deleteFromCart } from 'src/ducks/cart';\nimport Svg from 'src/components/Svg';\n\ninterface IOwnProps {\n  mayDeleteItems: boolean;\n  uid: string;\n}\n\ninterface IConnectedState {}\n\ntype IProps = IOwnProps & IConnectedState;\n\ninterface IState {}\n\nconst mapStateToProps = (state: Store.IState) => ({});\n\nconst WrappedDelete = connect<IConnectedState, undefined, IOwnProps>(mapStateToProps)(\n  class Delete extends React.Component<IProps, IState> {\n    handleDelete = (uid: string) => () => {\n      dispatch(deleteFromCart(uid));\n    };\n\n    render() {\n      const { mayDeleteItems, uid } = this.props;\n      return (\n        <div className=\"root\">\n          <style jsx>{`\n            .root {\n              text-align: right;\n            }\n            .root :global(.button-delete) {\n              background: transparent;\n              color: #b2bdcb;\n            }\n            .root :global(.icon-svg-trash) {\n              height: 15px;\n              width: 14px;\n            }\n          `}</style>\n          {mayDeleteItems ? (\n            <Button shape=\"circle\" onClick={this.handleDelete(uid)} className=\"button-delete\">\n              <Svg name=\"trash\" className=\"icon-svg-trash\" />\n            </Button>\n          ) : (\n            <span />\n          )}\n        </div>\n      );\n    }\n  },\n);\n\nexport default WrappedDelete;\n"]},"_coverageSchema":"332fd63041d2c1bcb487cc26dd0d5f7d97098a6c","hash":"10894840ad8fb177efa4e00244fd37296b6b2229"}
,"/home/ioffikus/projects/template-basic/src/components/CartItems/Name.tsx": {"path":"/home/ioffikus/projects/template-basic/src/components/CartItems/Name.tsx","statementMap":{"0":{"start":{"line":5,"column":48},"end":{"line":5,"column":58}},"1":{"start":{"line":6,"column":8},"end":{"line":30,"column":14}}},"fnMap":{"0":{"name":"(anonymous_0)","decl":{"start":{"line":4,"column":4},"end":{"line":4,"column":5}},"loc":{"start":{"line":4,"column":13},"end":{"line":31,"column":5}},"line":4}},"branchMap":{},"s":{"0":1,"1":1},"f":{"0":1},"b":{},"inputSourceMap":{"version":3,"file":"Name.jsx","sourceRoot":"","sources":["Name.tsx"],"names":[],"mappings":"AAAA,OAAO,KAAK,MAAM,OAAO,CAAC;AAC1B,OAAO,EAAE,IAAI,EAAE,MAAM,kBAAkB,CAAC;AAUxC,eAAgB,SAAQ,KAAK,CAAC,SAAyB;IACrD,MAAM;QACJ,MAAM,EAAE,GAAG,EAAE,gBAAgB,EAAE,IAAI,EAAE,GAAG,IAAI,CAAC,KAAK,CAAC;QACnD,MAAM,CAAC,CACL,CAAC,GAAG,CAAC,SAAS,CAAC,MAAM,CACnB;QAAA,CAAC,KAAK,CAAC,GAAG,CAAC,CAAC;;;;;;;;;;;;;;;;;;SAkBX,CAAC,EAAE,KAAK,CACT;QAAA,CAAC,IAAI,CAAC,EAAE,CAAC,CAAC,YAAY,GAAG,EAAE,CAAC,CAAC,SAAS,CAAC,MAAM,CAAC,KAAK,CAAC,CAAC,gBAAgB,CAAC,CACpE;UAAA,CAAC,IAAI,CACP;QAAA,EAAE,IAAI,CACN;QAAA,CAAC,GAAG,CAAC,SAAS,CAAC,MAAM,CAAC,EAAE,CAAC,GAAG,CAAC,EAAE,GAAG,CACpC;MAAA,EAAE,GAAG,CAAC,CACP,CAAC;IACJ,CAAC;CACF;AAED,eAAe,SAAS,CAAC","sourcesContent":["import React from 'react';\nimport { Link } from 'react-router-dom';\n\ninterface IProps {\n  uid: string;\n  shortDescription: string;\n  name: string;\n}\n\ninterface IState {}\n\nclass Copyright extends React.Component<IProps, IState> {\n  render() {\n    const { uid, shortDescription, name } = this.props;\n    return (\n      <div className=\"root\">\n        <style jsx>{`\n          .root {\n            font-size: 16px;\n            line-height: 1.3;\n            font-weight: bold;\n            overflow: hidden;\n            text-overflow: ellipsis;\n            white-space: nowrap;\n          }\n\n          .root :global(.name) {\n            color: inherit;\n            white-space: nowrap;\n          }\n          .root :global(.code) {\n            color: #b2bdcb;\n            font-size: 12px;\n          }\n        `}</style>\n        <Link to={`/product/${uid}`} className=\"name\" title={shortDescription}>\n          {name}\n        </Link>\n        <div className=\"code\"># {uid}</div>\n      </div>\n    );\n  }\n}\n\nexport default Copyright;\n"]},"_coverageSchema":"332fd63041d2c1bcb487cc26dd0d5f7d97098a6c","hash":"6640b38f740ce75386c4e893fb56873e4c6c2493"}
,"/home/ioffikus/projects/template-basic/src/components/CartItems/index.ts": {"path":"/home/ioffikus/projects/template-basic/src/components/CartItems/index.ts","statementMap":{},"fnMap":{},"branchMap":{},"s":{},"f":{},"b":{},"inputSourceMap":{"version":3,"file":"index.js","sourceRoot":"","sources":["index.ts"],"names":[],"mappings":"AAAA,OAAO,SAAS,MAAM,aAAa,CAAC;AAEpC,eAAe,SAAS,CAAC","sourcesContent":["import CartItems from './CartItems';\n\nexport default CartItems;\n"]},"_coverageSchema":"332fd63041d2c1bcb487cc26dd0d5f7d97098a6c","hash":"b667bc58a1d8f4397c06c2056a53ed06b07225c8"}
,"/home/ioffikus/projects/template-basic/src/components/CartProductImage/CartProductImage.tsx": {"path":"/home/ioffikus/projects/template-basic/src/components/CartProductImage/CartProductImage.tsx","statementMap":{"0":{"start":{"line":5,"column":8},"end":{"line":33,"column":14}}},"fnMap":{"0":{"name":"(anonymous_0)","decl":{"start":{"line":4,"column":4},"end":{"line":4,"column":5}},"loc":{"start":{"line":4,"column":13},"end":{"line":34,"column":5}},"line":4}},"branchMap":{"0":{"loc":{"start":{"line":31,"column":9},"end":{"line":31,"column":178}},"type":"binary-expr","locations":[{"start":{"line":31,"column":9},"end":{"line":31,"column":30}},{"start":{"line":31,"column":35},"end":{"line":31,"column":177}}],"line":31},"1":{"loc":{"start":{"line":32,"column":9},"end":{"line":32,"column":95}},"type":"binary-expr","locations":[{"start":{"line":32,"column":9},"end":{"line":32,"column":30}},{"start":{"line":32,"column":34},"end":{"line":32,"column":95}}],"line":32}},"s":{"0":2},"f":{"0":2},"b":{"0":[2,1],"1":[2,1]},"inputSourceMap":{"version":3,"file":"CartProductImage.jsx","sourceRoot":"","sources":["CartProductImage.tsx"],"names":[],"mappings":"AAAA,OAAO,KAAK,MAAM,OAAO,CAAC;AAC1B,OAAO,eAAe,MAAM,gCAAgC,CAAC;AAS7D,sBAAuB,SAAQ,KAAK,CAAC,SAAyB;IAC5D,MAAM;QACJ,MAAM,CAAC,CACL,CAAC,GAAG,CAAC,SAAS,CAAC,MAAM,CACnB;QAAA,CAAC,KAAK,CAAC,GAAG,CAAC,CAAC;;;;;;;;;;;;;;;;;;;;;;;;SAwBX,CAAC,EAAE,KAAK,CACT;QAAA,CAAC,IAAI,CAAC,KAAK,CAAC,UAAU,IAAI,CACxB,CAAC,eAAe,CACd,GAAG,CAAC,CAAC,IAAI,CAAC,KAAK,CAAC,UAAU,CAAC,CAC3B,UAAU,CAAC,OAAO,CAClB,YAAY,CAAC,eAAe,CAC5B,QAAQ,CAAC,OAAO,CAChB,QAAQ,CAAC,CAAC,IAAI,CAAC,KAAK,CAAC,QAAQ,CAAC,EAC9B,CACH,CACD;QAAA,CAAC,IAAI,CAAC,KAAK,CAAC,UAAU,IAAI,CAAC,GAAG,CAAC,SAAS,CAAC,gBAAgB,CAAC,GAAG,CAAC,CAAC,IAAI,CAAC,KAAK,CAAC,UAAU,CAAC,EAAG,CAC1F;MAAA,EAAE,GAAG,CAAC,CACP,CAAC;IACJ,CAAC;CACF;AAED,eAAe,gBAAgB,CAAC","sourcesContent":["import React from 'react';\nimport PreloadingImage from 'src/components/PreloadingImage';\n\ninterface IProps {\n  pictureUrl: string;\n  imageAlt?: string;\n}\n\ninterface IState {}\n\nclass CartProductImage extends React.Component<IProps, IState> {\n  render() {\n    return (\n      <div className=\"root\">\n        <style jsx>{`\n          .root {\n            position: relative;\n            display: flex;\n            align-items: center;\n            justify-content: center;\n            height: 50px;\n            width: 50px;\n            min-width: 50px;\n            overflow: hidden;\n            border: 1px solid rgba(6, 47, 73, 0.1);\n            border-radius: 4px;\n            background-color: #f5f8fb;\n          }\n          .root :global(.image-spinner) {\n            width: 100%;\n            height: 100%;\n          }\n          .root :global(.image) {\n            position: relative;\n            z-index: 2;\n            max-height: 100%;\n            max-width: 100%;\n          }\n        `}</
[...]
,"/home/ioffikus/projects/template-basic/src/server/common.ts": {"path":"/home/ioffikus/projects/template-basic/src/server/common.ts","statementMap":{"0":{"start":{"line":3,"column":24},"end":{"line":10,"column":1}},"1":{"start":{"line":6,"column":4},"end":{"line":6,"column":79}},"2":{"start":{"line":8,"column":4},"end":{"line":8,"column":38}},"3":{"start":{"line":9,"column":4},"end":{"line":9,"column":20}},"4":{"start":{"line":11,"column":18},"end":{"line":26,"column":1}},"5":{"start":{"line":12,"column":24},"end":{"line":12,"column":65}},"6":{"start":{"line":13,"column":21},"end":{"line":13,"column":55}},"7":{"start":{"line":14,"column":4},"end":{"line":16,"column":5}},"8":{"start":{"line":15,"column":8},"end":{"line":15,"column":49}},"9":{"start":{"line":17,"column":15},"end":{"line":17,"column":30}},"10":{"start":{"line":18,"column":4},"end":{"line":20,"column":5}},"11":{"start":{"line":19,"column":8},"end":{"line":19,"column":34}},"12":{"start":{"line":21,"column":19},"end":{"line":21,"column":52}},"13":{"start":{"line":22,"column":4},"end":{"line":24,"column":5}},"14":{"start":{"line":23,"column":8},"end":{"line":23,"column":87}},"15":{"start":{"line":25,"column":4},"end":{"line":25,"column":18}}},"fnMap":{"0":{"name":"(anonymous_0)","decl":{"start":{"line":3,"column":24},"end":{"line":3,"column":25}},"loc":{"start":{"line":3,"column":33},"end":{"line":10,"column":1}},"line":3},"1":{"name":"(anonymous_1)","decl":{"start":{"line":11,"column":18},"end":{"line":11,"column":19}},"loc":{"start":{"line":11,"column":27},"end":{"line":26,"column":1}},"line":11}},"branchMap":{"0":{"loc":{"start":{"line":6,"column":15},"end":{"line":6,"column":78}},"type":"cond-expr","locations":[{"start":{"line":6,"column":41},"end":{"line":6,"column":58}},{"start":{"line":6,"column":61},"end":{"line":6,"column":78}}],"line":6},"1":{"loc":{"start":{"line":14,"column":4},"end":{"line":16,"column":5}},"type":"if","locations":[{"start":{"line":14,"column":4},"end":{"line":16,"column":5}},{"start":{"line":14,"column":4},"end":{"line":16,"column":5}}],"line":14},"2":{"loc":{"start":{"line":18,"column":4},"end":{"line":20,"column":5}},"type":"if","locations":[{"start":{"line":18,"column":4},"end":{"line":20,"column":5}},{"start":{"line":18,"column":4},"end":{"line":20,"column":5}}],"line":18},"3":{"loc":{"start":{"line":18,"column":8},"end":{"line":18,"column":40}},"type":"binary-expr","locations":[{"start":{"line":18,"column":8},"end":{"line":18,"column":12}},{"start":{"line":18,"column":16},"end":{"line":18,"column":40}}],"line":18},"4":{"loc":{"start":{"line":21,"column":19},"end":{"line":21,"column":52}},"type":"binary-expr","locations":[{"start":{"line":21,"column":19},"end":{"line":21,"column":30}},{"start":{"line":21,"column":34},"end":{"line":21,"column":44}},{"start":{"line":21,"column":48},"end":{"line":21,"column":52}}],"line":21},"5":{"loc":{"start":{"line":22,"column":4},"end":{"line":24,"column":5}},"type":"if","locations":[{"start":{"line":22,"column":4},"end":{"line":24,"column":5}},{"start":{"line":22,"column":4},"end":{"line":24,"column":5}}],"line":22}},"s":{"0":1,"1":0,"2":0,"3":0,"4":1,"5":4,"6":4,"7":4,"8":0,"9":4,"10":4,"11":1,"12":4,"13":4,"14":0,"15":4},"f":{"0":0,"1":4},"b":{"0":[0,0],"1":[0,4],"2":[1,3],"3":[4,4],"4":[4,2,2],"5":[0,4]},"inputSourceMap":{"version":3,"file":"common.js","sourceRoot":"","sources":["common.ts"],"names":[],"mappings":"AAAA,OAAO,CAAC,MAAM,QAAQ,CAAC;AACvB,OAAO,SAAS,MAAM,oBAAoB,CAAC;AAG3C,MAAM,eAAe,GAAG,CAAC,GAAW;IAClC,IAAI,QAAQ,CAAC;IAEb,gEAAgE;IAChE,QAAQ,GAAG,GAAG,CAAC,OAAO,CAAC,KAAK,CAAC,GAAG,CAAC,CAAC,GAAG,GAAG,CAAC,KAAK,CAAC,GAAG,CAAC,CAAC,CAAC,CAAC,GAAG,GAAG,CAAC,KAAK,CAAC,GAAG,CAAC,CAAC,CAAC,CAAC,CAAC;IAE3E,4BAA4B;IAC5B,QAAQ,GAAG,QAAQ,CAAC,KAAK,CAAC,GAAG,CAAC,CAAC,CAAC,CAAC,CAAC;IAElC,MAAM,CAAC,QAAQ,CAAC;AAClB,CAAC,CAAC;AAEF,MAAM,SAAS,GAAG,CAAC,GAAuB;IACxC,MAAM,WAAW,GAAG,CAAC,CAAC,GAAG,CAAC,GAAG,EAAE,uBAAuB,EAAE,IAAI,CAAC,CAAC;IAE9D,IAAI,UAAU,GAAG,CAAC,CAAC,GAAG,CAAC,GAAG,EAAE,gBAAgB,EAAE,IAAI,CAAC,CAAC;IAEpD,EAAE,CAAC,CAAC,UAAU,CAAC,CAAC,CAAC;QACf,UAAU,GAAG,eAAe,CAAC,UAAU,CAAC,CAAC;IAC3C,CAAC;IAED,IAAI,IAAI,GAAG,GAAG,CAAC,GAAG,CAAC,MAAM,CAAC,CAAC;IAE3B,EAAE,CAAC,CAAC,IAAI,IAAI,IAAI,CAAC,OAAO,CAAC,GAAG,CAAC,KAAK,CAAC,CAAC,CAAC,CAAC,CAAC;QACrC,IAAI,GAAG,IAAI,CAAC,KAAK,CAAC,GAAG,CAAC,CAAC,CAAC,CAAC,CAAC;IAC5B,CAAC;IAED,MAAM,MAAM,GAAG,WAAW,IAAI,UAAU,IAAI,IAAI,CAAC;IAEjD,EAAE,CAAC,CAAC,MAAM,KAAK,SAAS,CAAC,IAAI,CAAC,CAAC,CAAC;QAC9B,MAAM,IAAI,KAAK,CAAC,6DAA6D,CAAC,CAAC;IACjF,CAAC;IAED,MAAM,CAAC,MAAM,CAAC;AAChB,CAAC,CAAC;AAEF,eAAe;IACb,SAAS;CACV,CAAC","sourcesContent":["import _ from 'lodash';\nimport ServerCfg from 'src/configs/server';\nimport { IReactRouteRequest } from 'src/core/interfaces/IReactRouteRequest';\n\nconst extractHostname = (url: string) => {\n  let hostname;\n\n  // find & remove protocol (http, ftp, etc.) and get the hostname\n  hostname = url.indexOf('://') > -1 ? url.split('/')[2] : url.split('/')[0];\n\n  // find & remove port number\n  hostname = hostname.split(':')[0];\n\n  return hostname;\n};\n\nconst getDomain = (req: IReactRouteRequest) => {\n  const xShopDomain = _.get(req, 'headers.x-shop-domain', null);\n\n  let originHost = _.get(req, 'headers.origin', null);\n\n  if (originHost) {\n    originHost = extractHostname(originHost);\n  }\n\n  let host = req.get('host');\n\n  if (host && host.indexOf(':') !== -1) {\n    host = host.split(':')[0];\n  }\n\n  const result = xShopDomain || originHost || host;\n\n  if (result === ServerCfg.HOST) {\n    throw new Error('Invalid domain, may be xShopHeaders is not set in API call.');\n  }\n\n  return result;\n};\n\nexport default {\n  getDomain,\n};\n"]},"_coverageSchema":"332fd63041d2c1bcb487cc26dd0d5f7d97098a6c","hash":"61f600e1c2d2e4537f39a0124131d128a06b5b74"}
,"/home/ioffikus/projects/template-basic/src/store/common.ts": {"path":"/home/ioffikus/projects/template-basic/src/store/common.ts","statementMap":{"0":{"start":{"line":6,"column":24},"end":{"line":13,"column":1}},"1":{"start":{"line":7,"column":4},"end":{"line":12,"column":5}},"2":{"start":{"line":8,"column":8},"end":{"line":8,"column":57}},"3":{"start":{"line":11,"column":8},"end":{"line":11,"column":38}},"4":{"start":{"line":14,"column":25},"end":{"line":52,"column":1}},"5":{"start":{"line":15,"column":4},"end":{"line":51,"column":5}},"6":{"start":{"line":16,"column":8},"end":{"line":19,"column":9}},"7":{"start":{"line":17,"column":12},"end":{"line":17,"column":41}},"8":{"start":{"line":18,"column":12},"end":{"line":18,"column":19}},"9":{"start":{"line":20,"column":31},"end":{"line":20,"column":80}},"10":{"start":{"line":21,"column":29},"end":{"line":21,"column":64}},"11":{"start":{"line":22,"column":29},"end":{"line":22,"column":64}},"12":{"start":{"line":23,"column":28},"end":{"line":23,"column":62}},"13":{"start":{"line":24,"column":29},"end":{"line":24,"column":64}},"14":{"start":{"line":25,"column":29},"end":{"line":25,"column":63}},"15":{"start":{"line":26,"column":29},"end":{"line":26,"column":63}},"16":{"start":{"line":27,"column":8},"end":{"line":50,"column":9}},"17":{"start":{"line":28,"column":12},"end":{"line":28,"column":91}},"18":{"start":{"line":30,"column":13},"end":{"line":50,"column":9}},"19":{"start":{"line":31,"column":12},"end":{"line":31,"column":86}},"20":{"start":{"line":33,"column":13},"end":{"line":50,"column":9}},"21":{"start":{"line":34,"column":12},"end":{"line":34,"column":86}},"22":{"start":{"line":36,"column":13},"end":{"line":50,"column":9}},"23":{"start":{"line":37,"column":12},"end":{"line":37,"column":103}},"24":{"start":{"line":39,"column":13},"end":{"line":50,"column":9}},"25":{"start":{"line":40,"column":12},"end":{"line":40,"column":102}},"26":{"start":{"line":42,"column":13},"end":{"line":50,"column":9}},"27":{"start":{"line":43,"column":12},"end":{"line":43,"column":103}},"28":{"start":{"line":45,"column":13},"end":{"line":50,"column":9}},"29":{"start":{"line":46,"column":12},"end":{"line":46,"column":103}},"30":{"start":{"line":49,"column":12},"end":{"line":49,"column":96}}},"fnMap":{"0":{"name":"(anonymous_0)","decl":{"start":{"line":6,"column":24},"end":{"line":6,"column":25}},"loc":{"start":{"line":6,"column":37},"end":{"line":13,"column":1}},"line":6},"1":{"name":"(anonymous_1)","decl":{"start":{"line":14,"column":25},"end":{"line":14,"column":26}},"loc":{"start":{"line":14,"column":36},"end":{"line":52,"column":1}},"line":14}},"branchMap":{"0":{"loc":{"start":{"line":15,"column":4},"end":{"line":51,"column":5}},"type":"if","locations":[{"start":{"line":15,"column":4},"end":{"line":51,"column":5}},{"start":{"line":15,"column":4},"end":{"line":51,"column":5}}],"line":15},"1":{"loc":{"start":{"line":16,"column":8},"end":{"line":19,"column":9}},"type":"if","locations":[{"start":{"line":16,"column":8},"end":{"line":19,"column":9}},{"start":{"line":16,"column":8},"end":{"line":19,"column":9}}],"line":16},"2":{"loc":{"start":{"line":27,"column":8},"end":{"line":50,"column":9}},"type":"if","locations":[{"start":{"line":27,"column":8},"end":{"line":50,"column":9}},{"start":{"line":27,"column":8},"end":{"line":50,"column":9}}],"line":27},"3":{"loc":{"start":{"line":27,"column":12},"end":{"line":27,"column":42}},"type":"binary-expr","locations":[{"start":{"line":27,"column":12},"end":{"line":27,"column":25}},{"start":{"line":27,"column":29},"end":{"line":27,"column":42}}],"line":27},"4":{"loc":{"start":{"line":30,"column":13},"end":{"line":50,"column":9}},"type":"if","locations":[{"start":{"line":30,"column":13},"end":{"line":50,"column":9}},{"start":{"line":30,"column":13},"end":{"line":50,"column":9}}],"line":30},"5":{"loc":{"start":{"line":33,"column":13},"end":{"line":50,"column":9}},"type":"if","locations":[{"start":{"line":33,"column":13},"end":{"line":50,"column":9}},{"start":{"line":33,"column":13},"end":{"line":50,"column":9}}],"line":33},"6":{"loc":{"start":{"line":36,"column":13},"end":{"line":50,"column":9}},"type":"if","locations":[{"start":{"line":36,"column":13},"end":{"line":50,"column":9}},{"start":{"line":36,"column":13},"end":{"line":50,"column":9}}],"line":36},"7":{"loc":{"start":{"line":39,"column":13},"end":{"line":50,"column":9}},"type":"if","locations":[{"start":{"line":39,"column":13},"end":{"line":50,"column":9}},{"start":{"line":39,"column":13},"end":{"line":50,"column":9}}],"line":39},"8":{"loc":{"start":{"line":42,"column":13},"end":{"line":50,"column":9}},"type":"if","locations":[{"start":{"line":42,"column":13},"end":{"line":50,"column":9}},{"start":{"line":42,"column":13},"end":{"line":50,"column":9}}],"line":42},"9":{"loc":{"start":{"line":45,"column":13},"end":{"line":50,"column":9}},"type":"if","locations":[{"start":{"line":45,"column":13},"end":{"line":50,"column":9}},{"start":{"line":45,"column":13},"end":{"line":50,"column":9}}],"line":45}},"s":{"0":21,"1":0,"2":0,"3":0,"4":21,"5":3,"6":3,"7":0,"8":0,"9":3,"10":3,"11":3,"12":3,"13":3,"14":3,"15":3,"16":3,"17":3,"18":0,"19":0,"20":0,"21":0,"22":0,"23":0,"24":0,"25":0,"26":0,"27":0,"28":0,"29":0,"30":0},"f":{"0":0,"1":3},"b":{"0":[3,0],"1":[0,3],"2":[3,0],"3":[3,3],"4":[0,0],"5":[0,0],"6":[0,0],"7":[0,0],"8":[0,0],"9":[0,0]},"inputSourceMap":{"version":3,"file":"common.js","sourceRoot":"","sources":["common.ts"],"names":[],"mappings":"AACA,OAAO,CAAC,MAAM,QAAQ,CAAC;AACvB,OAAO,EAAE,OAAO,EAAE,MAAM,MAAM,CAAC;AAC/B,OAAO,EAAE,SAAS,EAAE,MAAM,YAAY,CAAC;AAEvC,MAAM,yBAA0B,SAAQ,SAAS;CAAG;AAEpD,MAAM,eAAe,GAAG,CAAC,OAAe;IACtC,IAAI,CAAC;QACH,MAAM,CAAC,IAAI,CAAC,SAAS,CAAC,OAAO,CAAC,CAAC,OAAO,CAAC,IAAI,EAAE,EAAE,CAAC,CAAC;IACnD,CAAC;IAAC,KAAK,CAAC,CAAC,CAAC,CAAC,CAAC,CAAC;QACX,MAAM,CAAC,sBAAsB,CAAC;IAChC,CAAC;AACH,CAAC,CAAC;AAEF,MAAM,CAAC,MAAM,SAAS,GAAG,CAAC,KAAsC;IAC9D,EAAE,CAAC,CAAC,OAAO,CAAC,GAAG,CAAC,OAAO,CAAC,CAAC,CAAC;QACxB,EAAE,CAAC,CAAC,KAAK,YAAY,kBAAkB,CAAC,CAAC,CAAC;YACxC,OAAO,CAAC,KAAK,CAAC,KAAK,CAAC,OAAO,CAAC,CAAC;YAC7B,MAAM,CAAC;QACT,CAAC;QACD,MAAM,cAAc,GAAG,CAAC,CAAC,GAAG,CAAC,KAAK,EAAE,iBAAiB,EAAE,gBAAgB,CAAC,CAAC;QACzE,MAAM,YAAY,GAAG,CAAC,CAAC,GAAG,CAAC,KAAK,EAAE,eAAe,EAAE,IAAI,CAAC,CAAC;QACzD,MAAM,YAAY,GAAG,CAAC,CAAC,GAAG,CAAC,KAAK,EAAE,eAAe,EAAE,IAAI,CAAC,CAAC;QACzD,MAAM,WAAW,GAAG,CAAC,CAAC,GAAG,CAAC,YAAY,EAAE,OAAO,EAAE,IAAI,CAAC,CAAC;QACvD,MAAM,YAAY,GAAG,CAAC,CAAC,GAAG,CAAC,WAAW,EAAE,SAAS,EAAE,IAAI,CAAC,CAAC;QACzD,MAAM,YAAY,GAAG,CAAC,CAAC,GAAG,CAAC,WAAW,EAAE,QAAQ,EAAE,IAAI,CAAC,CAAC;QACxD,MAAM,YAAY,GAAG,CAAC,CAAC,GAAG,CAAC,WAAW,EAAE,QAAQ,EAAE,IAAI,CAAC,CAAC;QACxD,EAAE,CAAC,CAAC,CAAC,YAAY,IAAI,CAAC,YAAY,CAAC,CAAC,CAAC;YACnC,OAAO,CAAC,KAAK,CAAC,gBAAgB,cAAc,iCAAiC,CAAC,CAAC;QACjF,CAAC;QAAC,IAAI,CAAC,EAAE,CAAC,CAAC,YAAY,CAAC,CAAC,CAAC;YACxB,OAAO,CAAC,KAAK,CAAC,gBAAgB,cAAc,cAAc,YAAY,EAAE,CAAC,CAAC;QAC5E,CAAC;QAAC,IAAI,CAAC,EAAE,CAAC,CAAC,YAAY,CAAC,CAAC,CAAC;YACxB,OAAO,CAAC,KAAK,CAAC,gBAAgB,cAAc,cAAc,YAAY,EAAE,CAAC,CAAC;QAC5E,CAAC;QAAC,IAAI,CAAC,EAAE,CAAC,CAAC,YAAY,CAAC,CAAC,CAAC;YACxB,OAAO,CAAC,KAAK,CAAC,gBAAgB,cAAc,cAAc,eAAe,CAAC,YAAY,CAAC,EAAE,CAAC,CAAC;QAC7F,CAAC;QAAC,IAAI,CAAC,EAAE,CAAC,CAAC,WAAW,CAAC,CAAC,CAAC;YACvB,OAAO,CAAC,KAAK,CAAC,gBAAgB,cAAc,cAAc,eAAe,CAAC,WAAW,CAAC,EAAE,CAAC,CAAC;QAC5F,CAAC;QAAC,IAAI,CAAC,EAAE,CAAC,CAAC,CAAC,CAAC,CAAC,MAAM,CAAC,YAAY,CAAC,CAAC,CAAC,CAAC;YACnC,OAAO,CAAC,KAAK,CAAC,gBAAgB,cAAc,cAAc,eAAe,CAAC,YAAY,CAAC,EAAE,CAAC,CAAC;QAC7F,CAAC;QAAC,IAAI,CAAC,EAAE,CAAC,CAAC,CAAC,CAAC,CAAC,MAAM,CAAC,YAAY,CAAC,CAAC,CAAC,CAAC;YACnC,OAAO,CAAC,KAAK,CAAC,gBAAgB,cAAc,cAAc,eAAe,CAAC,YAAY,CAAC,EAAE,CAAC,CAAC;QAC7F,CAAC;QAAC,IAAI,CAAC,CAAC;YACN,OAAO,CAAC,KAAK,CAAC,gBAAgB,cAAc,cAAc,eAAe,CAAC,KAAK,CAAC,EAAE,CAAC,CAAC;QACtF,CAAC;IACH,CAAC;AACH,CAAC,CAAC;AAEF,iBAAiB;AACjB,8EAA8E;AAC9E,oEAAoE;AACpE,qBAAqB;AACrB,UAAU;AACV,6DAA6D;AAC7D,kBAAkB;AAClB,uBAAuB;AACvB,MAAM;AACN,sEAAsE;AACtE,KAAK","sourcesContent":["import { AxiosError } from 'axios';\nimport _ from 'lodash';\nimport { message } from 'antd';\nimport { BaseError } from 'make-error';\n\nexport class BusinessLogicError extends BaseError {}\n\nconst beautifyMessage = (message: object) => {\n  try {\n    return JSON.stringify(message).replace(/\"/g, '');\n  } catch (e) {\n    return 'unknown message text';\n  }\n};\n\nexport const showError = (error: AxiosError | BusinessLogicError) => {\n  if (process.env.BROWSER) {\n    if (error instanceof BusinessLogicError) {\n      message.error(error.message);\n      return;\n    }\n    const responseStatus = _.get(error, 'response.status', 'unknown status');\n    const responseData = _.get(error, 'response.data', null);\n    const responseBody = _.get(error, 'response.body', null);\n    const simpleError = _.get(responseData, 'error', null);\n    const errorMessage = _.get(simpleError, 'message', null);\n    const errorDetails = _.get(simpleError, 'detail', null);\n    const errorsObject = _.get(simpleError, 'errors', null);\n    if (!responseData && !responseBody) {\n      message.error(`Status code: ${responseStatus}. Message: unknown message text`);\n    } else if (errorMessage) {\n      message.error(`Status code: ${responseStatus}. Message: ${errorMessage}`);\n    } else if (errorDetails) {\n      message.error(`Status code: ${responseStatus}. Message: ${errorDetails}`);\n    } else if (errorsObject) {\n      message.error(`Status code: ${responseStatus}. Message: ${beautifyMessage(errorsObject)}`);\n    } else if (simpleError) {\n      message.error(`Status code: ${responseStatus}. Message: ${beautifyMessage(simpleError)}`);\n    } else if (!_.isNull(responseData)) {\n      message.error(`Status code: ${responseStatus}. Message: ${beautifyMessage(responseData)}`);\n    } else if (!_.isNull(responseBody)) {\n      message.error(`Status code: ${responseStatus}. Message: ${beautifyMessage(responseBody)}`);\n    } else {\n      message.error(`Status code: ${responseStatus}. Message: ${beautifyMessage(error)}`);\n    }\n  }\n};\n\n// WIP deprecated\n// export const parseAxiosResponseToError = (resp: AxiosResponse): string => {\n//   const responseStatus = _.get(resp, 'status', 'unknown status');\n//   let messageText;\n//   try {\n//     messageText = JSON.stringify(_.get(resp, 'data', {}));\n//   } catch (e) {\n//     messageText = e;\n//   }\n//   return `Status code: ${responseStatus}. Message: ${messageText}`;\n// };\n"]},"_coverageSchema":"332fd63041d2c1bcb487cc26dd0d5f7d97098a6c","hash":"a924f613f5f09a9e81995259932f475c4b73c317"}
,"/home/ioffikus/projects/template-basic/src/store/dispatch.ts": {"path":"/home/ioffikus/projects/template-basic/src/store/dispatch.ts","statementMap":{"0":{"start":{"line":4,"column":29},"end":{"line":6,"column":1}},"1":{"start":{"line":5,"column":4},"end":{"line":5,"column":25}},"2":{"start":{"line":7,"column":17},"end":{"line":17,"column":1}},"3":{"start":{"line":8,"column":4},"end":{"line":15,"column":5}},"4":{"start":{"line":9,"column":8},"end":{"line":14,"column":11}},"5":{"start":{"line":10,"column":12},"end":{"line":12,"column":13}},"6":{"start":{"line":11,"column":16},"end":{"line":11,"column":33}},"7":{"start":{"line":13,"column":12},"end":{"line":13,"column":41}},"8":{"start":{"line":16,"column":4},"end":{"line":16,"column":34}}},"fnMap":{"0":{"name":"(anonymous_0)","decl":{"start":{"line":4,"column":29},"end":{"line":4,"column":30}},"loc":{"start":{"line":4,"column":41},"end":{"line":6,"column":1}},"line":4},"1":{"name":"(anonymous_1)","decl":{"start":{"line":7,"column":17},"end":{"line":7,"column":18}},"loc":{"start":{"line":7,"column":29},"end":{"line":17,"column":1}},"line":7},"2":{"name":"(anonymous_2)","decl":{"start":{"line":9,"column":44},"end":{"line":9,"column":45}},"loc":{"start":{"line":9,"column":55},"end":{"line":14,"column":9}},"line":9}},"branchMap":{"0":{"loc":{"start":{"line":8,"column":4},"end":{"line":15,"column":5}},"type":"if","locations":[{"start":{"line":8,"column":4},"end":{"line":15,"column":5}},{"start":{"line":8,"column":4},"end":{"line":15,"column":5}}],"line":8},"1":{"loc":{"start":{"line":10,"column":12},"end":{"line":12,"column":13}},"type":"if","locations":[{"start":{"line":10,"column":12},"end":{"line":12,"column":13}},{"start":{"line":10,"column":12},"end":{"line":12,"column":13}}],"line":10}},"s":{"0":19,"1":39,"2":19,"3":39,"4":36,"5":3,"6":3,"7":3,"8":3},"f":{"0":39,"1":39,"2":3},"b":{"0":[36,3],"1":[3,0]},"inputSourceMap":{"version":3,"file":"dispatch.js","sourceRoot":"","sources":["dispatch.ts"],"names":[],"mappings":"AACA,OAAO,CAAC,MAAM,QAAQ,CAAC;AACvB,OAAO,EAAE,SAAS,EAAE,MAAM,kBAAkB,CAAC;AAE7C,IAAI,KAA0B,CAAC;AAE/B,MAAM,CAAC,MAAM,aAAa,GAAG,CAAC,MAAsC;IAClE,KAAK,GAAG,MAAM,CAAC,KAAK,CAAC;AACvB,CAAC,CAAC;AAEF,MAAM,QAAQ,GAAG,CAAC,MAAW;IAC3B,EAAE,CAAC,CAAC,CAAC,CAAC,UAAU,CAAC,MAAM,CAAC,CAAC,CAAC,CAAC;QACzB,MAAM,CAAC,KAAK,CAAC,QAAQ,CAAC,MAAM,CAAC,CAAC,KAAK,CAAC,CAAC,KAAU;YAC7C,EAAE,CAAC,CAAC,CAAC,CAAC,CAAC,MAAM,CAAC,KAAK,CAAC,CAAC,CAAC,CAAC;gBACrB,SAAS,CAAC,KAAK,CAAC,CAAC;YACnB,CAAC;YACD,MAAM,CAAC,OAAO,CAAC,MAAM,CAAC,KAAK,CAAC,CAAC;QAC/B,CAAC,CAAC,CAAC;IACL,CAAC;IACD,MAAM,CAAC,KAAK,CAAC,QAAQ,CAAC,MAAM,CAAC,CAAC;AAChC,CAAC,CAAC;AAEF,eAAe,QAAQ,CAAC","sourcesContent":["import { Store } from 'redux';\nimport _ from 'lodash';\nimport { showError } from 'src/store/common';\n\nlet store: Store<Store.IState>;\n\nexport const setupDispatch = (config: { store: Store<Store.IState> }) => {\n  store = config.store;\n};\n\nconst dispatch = (action: any) => {\n  if (_.isFunction(action)) {\n    return store.dispatch(action).catch((error: any) => {\n      if (!_.isNull(error)) {\n        showError(error);\n      }\n      return Promise.reject(error);\n    });\n  }\n  return store.dispatch(action);\n};\n\nexport default dispatch;\n"]},"_coverageSchema":"332fd63041d2c1bcb487cc26dd0d5f7d97098a6c","hash":"6b5dbc384357e162936eff9ccb2f2eec84aaecf2"}
}
