TN:
SF:/home/ioffikus/projects/template-basic/jest/localStoragePolyfill.js
FN:2,(anonymous_0)
FN:5,(anonymous_1)
FN:8,(anonymous_2)
FN:11,(anonymous_3)
FN:14,(anonymous_4)
FNF:5
FNH:4
FNDA:62,(anonymous_0)
FNDA:7,(anonymous_1)
FNDA:17,(anonymous_2)
FNDA:0,(anonymous_3)
FNDA:20,(anonymous_4)
DA:1,62
DA:2,62
DA:3,62
DA:4,62
DA:6,7
DA:9,17
DA:12,0
DA:15,20
LF:8
LH:7
BRDA:1,0,0,62
BRDA:1,0,1,0
BRF:2
BRH:1
end_of_record
TN:
SF:/home/ioffikus/projects/template-basic/jest/matchMediaMock.js
FN:2,(anonymous_0)
FNF:1
FNH:0
FNDA:0,(anonymous_0)
DA:1,62
DA:2,62
DA:3,0
LF:3
LH:2
BRDA:1,0,0,62
BRDA:1,0,1,0
BRF:2
BRH:1
end_of_record
TN:
SF:/home/ioffikus/projects/template-basic/jest/setupEnv.js
FNF:0
FNH:0
DA:1,62
LF:1
LH:1
BRF:0
BRH:0
end_of_record
TN:
SF:/home/ioffikus/projects/template-basic/jest/setupEnzyme.js
FNF:0
FNH:0
DA:1,62
DA:2,62
DA:4,62
LF:3
LH:3
BRF:0
BRH:0
end_of_record
TN:
SF:/home/ioffikus/projects/template-basic/jest/windowLocationPolyfill.js
FNF:0
FNH:0
DA:1,62
LF:1
LH:1
BRF:0
BRH:0
end_of_record
TN:
SF:/home/ioffikus/projects/template-basic/src/routes.ts
FNF:0
FNH:0
DA:10,2
LF:1
LH:1
BRF:0
BRH:0
end_of_record
TN:
SF:/home/ioffikus/projects/template-basic/src/client/mediaQueries.ts
FNF:0
FNH:0
DA:1,6
LF:1
LH:1
BRF:0
BRH:0
end_of_record
TN:
SF:/home/ioffikus/projects/template-basic/src/components/AppLayout/AppLayout.tsx
FN:13,(anonymous_0)
FN:20,(anonymous_1)
FN:305,(anonymous_2)
FNF:3
FNH:3
FNDA:4,(anonymous_0)
FNDA:4,(anonymous_1)
FNDA:1,(anonymous_2)
DA:13,4
DA:19,2
DA:21,4
DA:22,4
DA:306,1
LF:5
LH:5
BRDA:300,0,0,4
BRDA:300,0,1,1
BRF:2
BRH:2
end_of_record
TN:
SF:/home/ioffikus/projects/template-basic/src/components/AppLayout/index.ts
FNF:0
FNH:0
LF:0
LH:0
BRF:0
BRH:0
end_of_record
TN:
SF:/home/ioffikus/projects/template-basic/src/components/Breadcrumbs/Breadcrumbs.tsx
FN:8,(anonymous_0)
FN:15,(anonymous_1)
FN:39,(anonymous_2)
FNF:3
FNH:3
FNDA:4,(anonymous_0)
FNDA:4,(anonymous_1)
FNDA:5,(anonymous_2)
DA:8,6
DA:14,6
DA:16,4
DA:17,4
DA:18,4
DA:19,2
DA:21,2
DA:39,5
LF:8
LH:8
BRDA:9,0,0,4
BRDA:9,0,1,2
BRDA:9,0,2,3
BRDA:9,0,3,2
BRDA:9,0,4,1
BRDA:18,1,0,2
BRDA:18,1,1,2
BRF:7
BRH:7
end_of_record
TN:
SF:/home/ioffikus/projects/template-basic/src/components/Breadcrumbs/index.ts
FNF:0
FNH:0
LF:0
LH:0
BRF:0
BRH:0
end_of_record
TN:
SF:/home/ioffikus/projects/template-basic/src/components/Cart/Cart.tsx
FN:9,(anonymous_0)
FN:15,(anonymous_1)
FN:20,(anonymous_2)
FN:24,(anonymous_3)
FN:27,(anonymous_4)
FNF:5
FNH:5
FNDA:3,(anonymous_0)
FNDA:3,(anonymous_1)
FNDA:1,(anonymous_2)
FNDA:3,(anonymous_3)
FNDA:6,(anonymous_4)
DA:9,3
DA:14,3
DA:16,3
DA:17,3
DA:20,3
DA:21,1
DA:25,3
DA:29,6
DA:30,6
DA:31,6
LF:10
LH:10
BRDA:57,0,0,6
BRDA:57,0,1,3
BRDA:58,1,0,1
BRDA:58,1,1,2
BRF:4
BRH:4
end_of_record
TN:
SF:/home/ioffikus/projects/template-basic/src/components/Cart/index.ts
FNF:0
FNH:0
LF:0
LH:0
BRF:0
BRH:0
end_of_record
TN:
SF:/home/ioffikus/projects/template-basic/src/components/CartItems/Amount.tsx
FN:6,(anonymous_0)
FN:8,(anonymous_1)
FN:13,(anonymous_2)
FN:18,(anonymous_3)
FN:22,(anonymous_4)
FN:28,(anonymous_5)
FN:33,(anonymous_6)
FN:38,(anonymous_7)
FN:43,(anonymous_8)
FN:50,(anonymous_9)
FN:57,(anonymous_10)
FNF:11
FNH:10
FNDA:8,(anonymous_0)
FNDA:8,(anonymous_1)
FNDA:8,(anonymous_2)
FNDA:3,(anonymous_3)
FNDA:3,(anonymous_4)
FNDA:1,(anonymous_5)
FNDA:8,(anonymous_6)
FNDA:0,(anonymous_7)
FNDA:3,(anonymous_8)
FNDA:1,(anonymous_9)
FNDA:12,(anonymous_10)
DA:6,11
DA:7,11
DA:9,8
DA:10,8
DA:13,8
DA:14,8
DA:15,2
DA:16,2
DA:18,8
DA:19,3
DA:22,8
DA:23,3
DA:24,3
DA:25,3
DA:27,3
DA:28,2
DA:29,1
DA:33,8
DA:34,8
DA:35,8
DA:36,8
DA:37,8
DA:38,1
DA:39,0
DA:43,7
DA:44,3
DA:51,1
DA:52,1
DA:53,1
DA:58,12
DA:59,12
LF:31
LH:30
BRDA:14,0,0,2
BRDA:14,0,1,6
BRDA:23,1,0,3
BRDA:23,1,1,0
BRDA:27,2,0,2
BRDA:27,2,1,1
BRDA:34,3,0,8
BRDA:34,3,1,0
BRDA:37,4,0,1
BRDA:37,4,1,7
BRDA:51,5,0,1
BRDA:51,5,1,0
BRDA:52,6,0,1
BRDA:52,6,1,0
BRDA:116,7,0,11
BRDA:116,7,1,1
BRF:16
BRH:12
end_of_record
TN:
SF:/home/ioffikus/projects/template-basic/src/components/CartItems/CartItems.tsx
FN:11,(anonymous_0)
FN:16,(anonymous_1)
FN:18,(anonymous_2)
FN:19,(anonymous_3)
FN:39,(anonymous_4)
FN:46,(anonymous_5)
FN:54,(anonymous_6)
FN:62,(anonymous_7)
FN:70,(anonymous_8)
FN:78,(anonymous_9)
FNF:10
FNH:5
FNDA:2,(anonymous_0)
FNDA:2,(anonymous_1)
FNDA:1,(anonymous_2)
FNDA:3,(anonymous_3)
FNDA:2,(anonymous_4)
FNDA:0,(anonymous_5)
FNDA:0,(anonymous_6)
FNDA:0,(anonymous_7)
FNDA:0,(anonymous_8)
FNDA:0,(anonymous_9)
DA:11,10
DA:15,10
DA:17,2
DA:18,2
DA:19,1
DA:20,3
DA:21,3
DA:22,3
DA:23,3
DA:24,3
DA:25,3
DA:26,3
DA:27,3
DA:28,3
DA:40,2
DA:41,2
DA:42,2
DA:47,0
DA:48,0
DA:55,0
DA:56,0
DA:63,0
DA:64,0
DA:71,0
DA:72,0
DA:79,0
DA:80,0
DA:84,2
LF:28
LH:18
BRDA:154,0,0,1
BRDA:154,0,1,1
BRDA:158,1,0,1
BRDA:158,1,1,0
BRF:4
BRH:3
end_of_record
TN:
SF:/home/ioffikus/projects/template-basic/src/components/CartItems/Delete.tsx
FN:7,(anonymous_0)
FN:9,(anonymous_1)
FN:11,(anonymous_2)
FN:11,(anonymous_3)
FN:15,(anonymous_4)
FNF:5
FNH:5
FNDA:3,(anonymous_0)
FNDA:3,(anonymous_1)
FNDA:2,(anonymous_2)
FNDA:1,(anonymous_3)
FNDA:3,(anonymous_4)
DA:7,11
DA:8,11
DA:10,3
DA:11,3
DA:12,1
DA:16,3
DA:17,3
LF:7
LH:7
BRDA:31,0,0,2
BRDA:31,0,1,1
BRF:2
BRH:2
end_of_record
TN:
SF:/home/ioffikus/projects/template-basic/src/components/CartItems/Name.tsx
FN:4,(anonymous_0)
FNF:1
FNH:1
FNDA:1,(anonymous_0)
DA:5,1
DA:6,1
LF:2
LH:2
BRF:0
BRH:0
end_of_record
TN:
SF:/home/ioffikus/projects/template-basic/src/components/CartItems/index.ts
FNF:0
FNH:0
LF:0
LH:0
BRF:0
BRH:0
end_of_record
TN:
SF:/home/ioffikus/projects/template-basic/src/components/CartProductImage/CartProductImage.tsx
FN:4,(anonymous_0)
FNF:1
FNH:1
FNDA:2,(anonymous_0)
DA:5,2
LF:1
LH:1
BRDA:31,0,0,2
BRDA:31,0,1,1
BRDA:32,1,0,2
BRDA:32,1,1,1
BRF:4
BRH:4
end_of_record
TN:
SF:/home/ioffikus/projects/template-basic/src/components/CartProductImage/index.ts
FNF:0
FNH:0
LF:0
LH:0
BRF:0
BRH:0
end_of_record
TN:
SF:/home/ioffikus/projects/template-basic/src/components/CatalogLayout/Catalog.tsx
FN:7,(anonymous_0)
FNF:1
FNH:1
FNDA:1,(anonymous_0)
DA:8,1
LF:1
LH:1
BRF:0
BRH:0
end_of_record
TN:
SF:/home/ioffikus/projects/template-basic/src/components/CatalogLayout/CatalogLayout.tsx
FN:14,(anonymous_0)
FN:28,(anonymous_1)
FN:29,(anonymous_2)
FNF:3
FNH:3
FNDA:1,(anonymous_0)
FNDA:1,(anonymous_1)
FNDA:1,(anonymous_2)
DA:15,1
DA:28,3
DA:29,1
DA:30,1
LF:4
LH:4
BRF:0
BRH:0
end_of_record
TN:
SF:/home/ioffikus/projects/template-basic/src/components/CatalogLayout/ProductItems.tsx
FN:3,(anonymous_0)
FNF:1
FNH:1
FNDA:1,(anonymous_0)
DA:3,5
DA:10,5
LF:2
LH:2
BRF:0
BRH:0
end_of_record
TN:
SF:/home/ioffikus/projects/template-basic/src/components/CatalogLayout/SearchForm.tsx
FN:9,(anonymous_0)
FN:15,(anonymous_1)
FN:21,(anonymous_2)
FN:27,(anonymous_3)
FN:43,(anonymous_4)
FN:49,(anonymous_5)
FN:54,(anonymous_6)
FNF:7
FNH:0
FNDA:0,(anonymous_0)
FNDA:0,(anonymous_1)
FNDA:0,(anonymous_2)
FNDA:0,(anonymous_3)
FNDA:0,(anonymous_4)
FNDA:0,(anonymous_5)
FNDA:0,(anonymous_6)
DA:9,4
DA:14,4
DA:16,0
DA:17,0
DA:21,0
DA:22,0
DA:23,0
DA:24,0
DA:25,0
DA:27,0
DA:28,0
DA:29,0
DA:33,0
DA:34,0
DA:38,0
DA:43,0
DA:44,0
DA:45,0
DA:49,0
DA:50,0
DA:51,0
DA:55,0
DA:56,0
LF:23
LH:2
BRDA:28,0,0,0
BRDA:28,0,1,0
BRDA:33,1,0,0
BRDA:33,1,1,0
BRF:4
BRH:0
end_of_record
TN:
SF:/home/ioffikus/projects/template-basic/src/components/CatalogLayout/index.ts
FNF:0
FNH:0
LF:0
LH:0
BRF:0
BRH:0
end_of_record
TN:
SF:/home/ioffikus/projects/template-basic/src/components/CategoriesMenu/CategoriesMenu.tsx
FN:9,(anonymous_0)
FN:15,(anonymous_1)
FN:17,(anonymous_2)
FN:25,(anonymous_3)
FN:31,(anonymous_4)
FN:34,(anonymous_5)
FN:37,(anonymous_6)
FN:41,(anonymous_7)
FN:46,(anonymous_8)
FN:49,(anonymous_9)
FN:54,(anonymous_10)
FN:56,(anonymous_11)
FN:57,(anonymous_12)
FNF:13
FNH:9
FNDA:1,(anonymous_0)
FNDA:1,(anonymous_1)
FNDA:1,(anonymous_2)
FNDA:2,(anonymous_3)
FNDA:0,(anonymous_4)
FNDA:0,(anonymous_5)
FNDA:0,(anonymous_6)
FNDA:1,(anonymous_7)
FNDA:1,(anonymous_8)
FNDA:0,(anonymous_9)
FNDA:1,(anonymous_10)
FNDA:2,(anonymous_11)
FNDA:6,(anonymous_12)
DA:9,5
DA:14,5
DA:16,1
DA:17,1
DA:18,1
DA:22,1
DA:23,1
DA:24,1
DA:25,2
DA:26,1
DA:29,1
DA:31,1
DA:32,0
DA:34,1
DA:35,0
DA:37,1
DA:38,0
DA:42,1
DA:47,1
DA:50,0
DA:51,0
DA:55,1
DA:56,1
DA:57,2
DA:58,6
DA:59,1
DA:63,5
DA:77,1
LF:28
LH:23
BRDA:22,0,0,1
BRDA:22,0,1,0
BRDA:24,1,0,1
BRDA:24,1,1,0
BRDA:50,2,0,0
BRDA:50,2,1,0
BRDA:58,3,0,1
BRDA:58,3,1,5
BRF:8
BRH:4
end_of_record
TN:
SF:/home/ioffikus/projects/template-basic/src/components/CategoriesMenu/index.ts
FNF:0
FNH:0
LF:0
LH:0
BRF:0
BRH:0
end_of_record
TN:
SF:/home/ioffikus/projects/template-basic/src/components/DevTools/DevTools.tsx
FNF:0
FNH:0
LF:0
LH:0
BRF:0
BRH:0
end_of_record
TN:
SF:/home/ioffikus/projects/template-basic/src/components/DevTools/Frame.tsx
FN:4,(anonymous_0)
FN:8,(anonymous_1)
FN:12,(anonymous_2)
FNF:3
FNH:3
FNDA:1,(anonymous_0)
FNDA:1,(anonymous_1)
FNDA:2,(anonymous_2)
DA:5,1
DA:6,1
DA:9,1
DA:13,2
LF:4
LH:4
BRDA:13,0,0,2
BRDA:13,0,1,1
BRF:2
BRH:2
end_of_record
TN:
SF:/home/ioffikus/projects/template-basic/src/components/DevTools/index.ts
FNF:0
FNH:0
LF:0
LH:0
BRF:0
BRH:0
end_of_record
TN:
SF:/home/ioffikus/projects/template-basic/src/components/FilterMenu/BoolNull.tsx
FN:5,(anonymous_0)
FN:7,(anonymous_1)
FN:12,(anonymous_2)
FNF:3
FNH:3
FNDA:3,(anonymous_0)
FNDA:1,(anonymous_1)
FNDA:3,(anonymous_2)
DA:6,3
DA:7,3
DA:8,1
DA:9,1
DA:13,3
DA:14,3
DA:15,3
LF:7
LH:7
BRF:0
BRH:0
end_of_record
TN:
SF:/home/ioffikus/projects/template-basic/src/components/FilterMenu/Filter.tsx
FN:11,(anonymous_0)
FN:12,(anonymous_1)
FN:13,(anonymous_2)
FN:14,(anonymous_3)
FN:17,(anonymous_4)
FN:19,(anonymous_5)
FN:28,(anonymous_6)
FNF:7
FNH:4
FNDA:0,(anonymous_0)
FNDA:0,(anonymous_1)
FNDA:0,(anonymous_2)
FNDA:2,(anonymous_3)
FNDA:4,(anonymous_4)
FNDA:2,(anonymous_5)
FNDA:4,(anonymous_6)
DA:10,5
DA:11,0
DA:12,0
DA:13,0
DA:14,2
DA:18,4
DA:19,4
DA:20,2
DA:21,2
DA:22,2
DA:23,2
DA:24,2
DA:25,2
DA:29,4
DA:30,4
DA:31,4
LF:16
LH:13
BRDA:31,0,0,4
BRDA:31,0,1,3
BRF:2
BRH:2
end_of_record
TN:
SF:/home/ioffikus/projects/template-basic/src/components/FilterMenu/FilterMenu.tsx
FN:7,(anonymous_0)
FN:15,(anonymous_1)
FN:20,(anonymous_2)
FN:23,(anonymous_3)
FN:42,(anonymous_4)
FNF:5
FNH:5
FNDA:2,(anonymous_0)
FNDA:2,(anonymous_1)
FNDA:2,(anonymous_2)
FNDA:4,(anonymous_3)
FNDA:4,(anonymous_4)
DA:7,4
DA:14,4
DA:16,2
DA:21,2
DA:22,2
DA:23,4
DA:24,2
DA:43,4
DA:44,4
LF:9
LH:9
BRDA:23,0,0,4
BRDA:23,0,1,3
BRDA:43,1,0,4
BRDA:43,1,1,0
BRDA:46,2,0,4
BRDA:46,2,1,1
BRF:6
BRH:5
end_of_record
TN:
SF:/home/ioffikus/projects/template-basic/src/components/FilterMenu/List.tsx
FN:5,(anonymous_0)
FN:8,(anonymous_1)
FN:14,(anonymous_2)
FN:43,(anonymous_3)
FNF:4
FNH:4
FNDA:4,(anonymous_0)
FNDA:1,(anonymous_1)
FNDA:4,(anonymous_2)
FNDA:12,(anonymous_3)
DA:6,4
DA:7,4
DA:8,4
DA:9,1
DA:10,1
DA:11,1
DA:15,4
DA:16,4
DA:17,4
DA:18,2
DA:20,4
DA:43,12
LF:12
LH:12
BRDA:10,0,0,1
BRDA:10,0,1,0
BRDA:17,1,0,2
BRDA:17,1,1,2
BRF:4
BRH:3
end_of_record
TN:
SF:/home/ioffikus/projects/template-basic/src/components/FilterMenu/Ordering.tsx
FN:8,(anonymous_0)
FN:14,(anonymous_1)
FN:22,(anonymous_2)
FN:22,(anonymous_3)
FN:38,(anonymous_4)
FN:43,(anonymous_5)
FN:49,(anonymous_6)
FN:73,(anonymous_7)
FNF:8
FNH:0
FNDA:0,(anonymous_0)
FNDA:0,(anonymous_1)
FNDA:0,(anonymous_2)
FNDA:0,(anonymous_3)
FNDA:0,(anonymous_4)
FNDA:0,(anonymous_5)
FNDA:0,(anonymous_6)
FNDA:0,(anonymous_7)
DA:8,4
DA:13,4
DA:15,0
DA:16,0
DA:17,0
DA:22,0
DA:24,0
DA:25,0
DA:28,0
DA:30,0
DA:31,0
DA:32,0
DA:33,0
DA:35,0
DA:36,0
DA:38,0
DA:39,0
DA:40,0
DA:43,0
DA:44,0
DA:45,0
DA:50,0
DA:73,0
LF:23
LH:2
BRDA:24,0,0,0
BRDA:24,0,1,0
BRDA:25,1,0,0
BRDA:25,1,1,0
BRDA:32,2,0,0
BRDA:32,2,1,0
BRDA:39,3,0,0
BRDA:39,3,1,0
BRDA:40,4,0,0
BRDA:40,4,1,0
BRDA:44,5,0,0
BRDA:44,5,1,0
BRF:12
BRH:0
end_of_record
TN:
SF:/home/ioffikus/projects/template-basic/src/components/FilterMenu/RangeSlider.tsx
FN:12,(anonymous_0)
FN:18,(anonymous_1)
FN:21,(anonymous_2)
FN:25,(anonymous_3)
FN:30,(anonymous_4)
FNF:5
FNH:4
FNDA:4,(anonymous_0)
FNDA:1,(anonymous_1)
FNDA:1,(anonymous_2)
FNDA:0,(anonymous_3)
FNDA:5,(anonymous_4)
DA:4,6
DA:13,4
DA:14,4
DA:17,4
DA:18,4
DA:19,1
DA:21,4
DA:22,1
DA:26,0
DA:27,0
DA:31,5
LF:11
LH:9
BRDA:26,0,0,0
BRDA:26,0,1,0
BRF:2
BRH:0
end_of_record
TN:
SF:/home/ioffikus/projects/template-basic/src/components/FilterMenu/Switch.tsx
FN:4,(anonymous_0)
FN:6,(anonymous_1)
FN:10,(anonymous_2)
FNF:3
FNH:3
FNDA:5,(anonymous_0)
FNDA:1,(anonymous_1)
FNDA:5,(anonymous_2)
DA:5,5
DA:6,5
DA:7,1
DA:11,5
LF:4
LH:4
BRF:0
BRH:0
end_of_record
TN:
SF:/home/ioffikus/projects/template-basic/src/components/FilterMenu/index.ts
FNF:0
FNH:0
LF:0
LH:0
BRF:0
BRH:0
end_of_record
TN:
SF:/home/ioffikus/projects/template-basic/src/components/Footer/Contacts.tsx
FN:3,(anonymous_0)
FNF:1
FNH:1
FNDA:1,(anonymous_0)
DA:4,1
DA:5,1
DA:6,1
DA:7,1
DA:8,1
DA:9,1
DA:10,1
DA:11,1
LF:8
LH:8
BRF:0
BRH:0
end_of_record
TN:
SF:/home/ioffikus/projects/template-basic/src/components/Footer/Copyright.tsx
FN:3,(anonymous_0)
FNF:1
FNH:1
FNDA:1,(anonymous_0)
DA:4,1
DA:5,1
LF:2
LH:2
BRF:0
BRH:0
end_of_record
TN:
SF:/home/ioffikus/projects/template-basic/src/components/Footer/Footer.tsx
FN:7,(anonymous_0)
FN:11,(anonymous_1)
FNF:2
FNH:2
FNDA:1,(anonymous_0)
FNDA:1,(anonymous_1)
DA:7,3
DA:10,3
DA:12,1
LF:3
LH:3
BRF:0
BRH:0
end_of_record
TN:
SF:/home/ioffikus/projects/template-basic/src/components/Footer/Item.tsx
FN:5,(anonymous_0)
FN:28,(anonymous_1)
FNF:2
FNH:2
FNDA:1,(anonymous_0)
FNDA:4,(anonymous_1)
DA:6,1
DA:29,4
DA:30,4
DA:31,4
DA:32,4
DA:33,4
LF:6
LH:6
BRDA:34,0,0,1
BRDA:34,0,1,3
BRF:2
BRH:2
end_of_record
TN:
SF:/home/ioffikus/projects/template-basic/src/components/Footer/List.tsx
FN:5,(anonymous_0)
FN:14,(anonymous_1)
FNF:2
FNH:2
FNDA:1,(anonymous_0)
FNDA:3,(anonymous_1)
DA:6,1
DA:7,1
DA:15,3
DA:16,3
LF:4
LH:4
BRF:0
BRH:0
end_of_record
TN:
SF:/home/ioffikus/projects/template-basic/src/components/Footer/index.ts
FNF:0
FNH:0
LF:0
LH:0
BRF:0
BRH:0
end_of_record
TN:
SF:/home/ioffikus/projects/template-basic/src/components/Header/Header.tsx
FN:17,(anonymous_0)
FN:24,(anonymous_1)
FN:29,(anonymous_2)
FN:33,(anonymous_3)
FN:35,(anonymous_4)
FN:36,(anonymous_5)
FN:47,(anonymous_6)
FN:55,(anonymous_7)
FN:62,(anonymous_8)
FN:73,(anonymous_9)
FNF:10
FNH:0
FNDA:0,(anonymous_0)
FNDA:0,(anonymous_1)
FNDA:0,(anonymous_2)
FNDA:0,(anonymous_3)
FNDA:0,(anonymous_4)
FNDA:0,(anonymous_5)
FNDA:0,(anonymous_6)
FNDA:0,(anonymous_7)
FNDA:0,(anonymous_8)
FNDA:0,(anonymous_9)
DA:17,2
DA:23,2
DA:25,0
DA:26,0
DA:29,0
DA:30,0
DA:31,0
DA:33,0
DA:34,0
DA:36,0
DA:37,0
DA:39,0
DA:42,0
DA:43,0
DA:44,0
DA:47,0
DA:48,0
DA:49,0
DA:50,0
DA:53,0
DA:56,0
DA:57,0
DA:58,0
DA:59,0
DA:63,0
DA:64,0
DA:65,0
DA:66,0
DA:69,0
DA:74,0
DA:75,0
DA:76,0
DA:77,0
LF:33
LH:2
BRDA:43,0,0,0
BRDA:43,0,1,0
BRDA:49,1,0,0
BRDA:49,1,1,0
BRDA:57,2,0,0
BRDA:57,2,1,0
BRDA:63,3,0,0
BRDA:63,3,1,0
BRDA:64,4,0,0
BRDA:64,4,1,0
BRDA:189,5,0,0
BRDA:189,5,1,0
BRF:12
BRH:0
end_of_record
TN:
SF:/home/ioffikus/projects/template-basic/src/components/Header/LanguageSwitcher.tsx
FN:7,(anonymous_0)
FN:14,(anonymous_1)
FN:16,(anonymous_2)
FN:36,(anonymous_3)
FN:58,(anonymous_4)
FNF:5
FNH:5
FNDA:1,(anonymous_0)
FNDA:1,(anonymous_1)
FNDA:1,(anonymous_2)
FNDA:1,(anonymous_3)
FNDA:2,(anonymous_4)
DA:7,3
DA:13,3
DA:15,1
DA:16,1
DA:17,1
DA:18,1
DA:19,1
DA:20,1
DA:21,1
DA:22,1
DA:23,1
DA:24,1
DA:25,0
DA:27,1
DA:28,1
DA:30,0
DA:37,1
DA:38,1
DA:59,2
DA:60,2
LF:20
LH:18
BRDA:17,0,0,1
BRDA:17,0,1,0
BRDA:20,1,0,1
BRDA:20,1,1,0
BRDA:24,2,0,0
BRDA:24,2,1,1
BRF:6
BRH:3
end_of_record
TN:
SF:/home/ioffikus/projects/template-basic/src/components/Header/SearchForm.tsx
FN:9,(anonymous_0)
FN:15,(anonymous_1)
FN:21,(anonymous_2)
FN:27,(anonymous_3)
FN:43,(anonymous_4)
FN:49,(anonymous_5)
FN:54,(anonymous_6)
FNF:7
FNH:0
FNDA:0,(anonymous_0)
FNDA:0,(anonymous_1)
FNDA:0,(anonymous_2)
FNDA:0,(anonymous_3)
FNDA:0,(anonymous_4)
FNDA:0,(anonymous_5)
FNDA:0,(anonymous_6)
DA:9,2
DA:14,2
DA:16,0
DA:17,0
DA:21,0
DA:22,0
DA:23,0
DA:24,0
DA:25,0
DA:27,0
DA:28,0
DA:29,0
DA:33,0
DA:34,0
DA:38,0
DA:43,0
DA:44,0
DA:45,0
DA:49,0
DA:50,0
DA:51,0
DA:55,0
DA:56,0
LF:23
LH:2
BRDA:28,0,0,0
BRDA:28,0,1,0
BRDA:33,1,0,0
BRDA:33,1,1,0
BRF:4
BRH:0
end_of_record
TN:
SF:/home/ioffikus/projects/template-basic/src/components/Header/index.ts
FNF:0
FNH:0
LF:0
LH:0
BRF:0
BRH:0
end_of_record
TN:
SF:/home/ioffikus/projects/template-basic/src/components/HomeLayout/Home.tsx
FN:6,(anonymous_0)
FNF:1
FNH:0
FNDA:0,(anonymous_0)
DA:7,0
LF:1
LH:0
BRF:0
BRH:0
end_of_record
TN:
SF:/home/ioffikus/projects/template-basic/src/components/HomeLayout/HomeLayout.tsx
FN:10,(anonymous_0)
FN:21,(anonymous_1)
FNF:2
FNH:2
FNDA:1,(anonymous_0)
FNDA:2,(anonymous_1)
DA:11,1
DA:21,3
DA:22,2
LF:3
LH:3
BRF:0
BRH:0
end_of_record
TN:
SF:/home/ioffikus/projects/template-basic/src/components/HomeLayout/PopularItems.tsx
FN:6,(anonymous_0)
FN:14,(anonymous_1)
FNF:2
FNH:0
FNDA:0,(anonymous_0)
FNDA:0,(anonymous_1)
DA:6,3
DA:13,3
DA:15,0
DA:16,0
LF:4
LH:2
BRF:0
BRH:0
end_of_record
TN:
SF:/home/ioffikus/projects/template-basic/src/components/HomeLayout/Slider.tsx
FN:6,(anonymous_0)
FN:10,(anonymous_1)
FN:29,(anonymous_2)
FN:34,(anonymous_3)
FN:100,(anonymous_4)
FNF:5
FNH:0
FNDA:0,(anonymous_0)
FNDA:0,(anonymous_1)
FNDA:0,(anonymous_2)
FNDA:0,(anonymous_3)
FNDA:0,(anonymous_4)
DA:6,3
DA:9,3
DA:11,0
DA:12,0
DA:15,0
DA:30,0
DA:35,0
DA:36,0
DA:101,0
DA:102,0
DA:103,0
DA:104,0
DA:105,0
DA:106,0
DA:107,0
DA:108,0
DA:109,0
DA:110,0
DA:111,0
LF:19
LH:2
BRDA:99,0,0,0
BRDA:99,0,1,0
BRDA:114,1,0,0
BRDA:114,1,1,0
BRDA:115,2,0,0
BRDA:115,2,1,0
BRDA:116,3,0,0
BRDA:116,3,1,0
BRDA:117,4,0,0
BRDA:117,4,1,0
BRF:10
BRH:0
end_of_record
TN:
SF:/home/ioffikus/projects/template-basic/src/components/HomeLayout/TextContent.tsx
FN:4,(anonymous_0)
FN:8,(anonymous_1)
FNF:2
FNH:0
FNDA:0,(anonymous_0)
FNDA:0,(anonymous_1)
DA:4,3
DA:7,3
DA:9,0
DA:10,0
LF:4
LH:2
BRF:0
BRH:0
end_of_record
TN:
SF:/home/ioffikus/projects/template-basic/src/components/HomeLayout/index.ts
FNF:0
FNH:0
LF:0
LH:0
BRF:0
BRH:0
end_of_record
TN:
SF:/home/ioffikus/projects/template-basic/src/components/Login/Login.tsx
FN:8,(anonymous_0)
FN:15,(anonymous_1)
FN:17,(anonymous_2)
FN:21,(anonymous_3)
FN:25,(anonymous_4)
FNF:5
FNH:0
FNDA:0,(anonymous_0)
FNDA:0,(anonymous_1)
FNDA:0,(anonymous_2)
FNDA:0,(anonymous_3)
FNDA:0,(anonymous_4)
DA:8,2
DA:14,2
DA:16,0
DA:17,0
DA:18,0
DA:22,0
DA:23,0
DA:26,0
DA:27,0
LF:9
LH:2
BRDA:22,0,0,0
BRDA:22,0,1,0
BRDA:34,1,0,0
BRDA:34,1,1,0
BRDA:35,2,0,0
BRDA:35,2,1,0
BRF:6
BRH:0
end_of_record
TN:
SF:/home/ioffikus/projects/template-basic/src/components/Login/MainForm.tsx
FN:4,(anonymous_0)
FN:6,(anonymous_1)
FN:7,(anonymous_2)
FN:9,(anonymous_3)
FN:11,(anonymous_4)
FN:18,(anonymous_5)
FN:22,(anonymous_6)
FNF:7
FNH:7
FNDA:6,(anonymous_0)
FNDA:6,(anonymous_1)
FNDA:9,(anonymous_2)
FNDA:2,(anonymous_3)
FNDA:2,(anonymous_4)
FNDA:6,(anonymous_5)
FNDA:6,(anonymous_6)
DA:3,3
DA:5,6
DA:6,6
DA:7,9
DA:9,6
DA:10,2
DA:11,2
DA:12,2
DA:13,1
DA:20,6
DA:23,6
DA:24,6
DA:25,6
DA:27,6
DA:28,6
DA:29,6
LF:16
LH:16
BRDA:12,0,0,1
BRDA:12,0,1,1
BRDA:27,1,0,6
BRDA:27,1,1,0
BRDA:28,2,0,6
BRDA:28,2,1,0
BRDA:31,3,0,0
BRDA:31,3,1,6
BRDA:31,4,0,6
BRDA:31,4,1,6
BRDA:36,5,0,0
BRDA:36,5,1,6
BRDA:36,6,0,6
BRDA:36,6,1,6
BRF:14
BRH:10
end_of_record
TN:
SF:/home/ioffikus/projects/template-basic/src/components/Login/index.ts
FNF:0
FNH:0
LF:0
LH:0
BRF:0
BRH:0
end_of_record
TN:
SF:/home/ioffikus/projects/template-basic/src/components/NotFound/NotFound.tsx
FN:4,(anonymous_0)
FN:8,(anonymous_1)
FN:11,(anonymous_2)
FNF:3
FNH:0
FNDA:0,(anonymous_0)
FNDA:0,(anonymous_1)
FNDA:0,(anonymous_2)
DA:4,2
DA:7,2
DA:9,0
DA:10,0
DA:14,0
DA:15,0
DA:17,0
LF:7
LH:2
BRDA:14,0,0,0
BRDA:14,0,1,0
BRF:2
BRH:0
end_of_record
TN:
SF:/home/ioffikus/projects/template-basic/src/components/NotFound/RedirectTo404.tsx
FN:4,(anonymous_0)
FN:5,(anonymous_1)
FNF:2
FNH:0
FNDA:0,(anonymous_0)
FNDA:0,(anonymous_1)
DA:5,0
DA:8,0
DA:9,0
DA:10,0
DA:11,0
DA:13,0
LF:6
LH:0
BRDA:8,0,0,0
BRDA:8,0,1,0
BRF:2
BRH:0
end_of_record
TN:
SF:/home/ioffikus/projects/template-basic/src/components/NotFound/index.ts
FNF:0
FNH:0
LF:0
LH:0
BRF:0
BRH:0
end_of_record
TN:
SF:/home/ioffikus/projects/template-basic/src/components/Page/Page.tsx
FN:4,(anonymous_0)
FN:8,(anonymous_1)
FN:13,(anonymous_2)
FN:14,(anonymous_3)
FNF:4
FNH:0
FNDA:0,(anonymous_0)
FNDA:0,(anonymous_1)
FNDA:0,(anonymous_2)
FNDA:0,(anonymous_3)
DA:4,2
DA:7,2
DA:9,0
DA:10,0
DA:14,0
DA:15,0
LF:6
LH:2
BRF:0
BRH:0
end_of_record
TN:
SF:/home/ioffikus/projects/template-basic/src/components/Page/index.ts
FNF:0
FNH:0
LF:0
LH:0
BRF:0
BRH:0
end_of_record
TN:
SF:/home/ioffikus/projects/template-basic/src/components/PendingNavDataLoader/PendingNavDataLoader.tsx
FN:12,(anonymous_0)
FN:16,(anonymous_1)
FN:22,(anonymous_2)
FN:25,(anonymous_3)
FN:28,(anonymous_4)
FN:39,(anonymous_5)
FN:53,(anonymous_6)
FN:56,(anonymous_7)
FN:62,(anonymous_8)
FN:80,(anonymous_9)
FN:86,(anonymous_10)
FNF:11
FNH:9
FNDA:7,(anonymous_0)
FNDA:7,(anonymous_1)
FNDA:0,(anonymous_2)
FNDA:4,(anonymous_3)
FNDA:0,(anonymous_4)
FNDA:4,(anonymous_5)
FNDA:3,(anonymous_6)
FNDA:4,(anonymous_7)
FNDA:2,(anonymous_8)
FNDA:8,(anonymous_9)
FNDA:12,(anonymous_10)
DA:12,7
DA:15,1
DA:17,7
DA:18,7
DA:19,7
DA:22,7
DA:23,0
DA:25,7
DA:26,4
DA:27,4
DA:29,0
DA:30,0
DA:32,0
DA:33,0
DA:36,0
DA:40,4
DA:41,1
DA:43,3
DA:44,3
DA:45,3
DA:47,3
DA:53,7
DA:54,3
DA:55,3
DA:56,3
DA:57,4
DA:58,4
DA:63,2
DA:64,2
DA:66,1
DA:72,1
DA:74,2
DA:76,2
DA:77,2
DA:81,8
DA:82,2
DA:84,6
DA:87,12
DA:88,12
LF:39
LH:33
BRDA:29,0,0,0
BRDA:29,0,1,0
BRDA:32,1,0,0
BRDA:32,1,1,0
BRDA:40,2,0,1
BRDA:40,2,1,3
BRDA:43,3,0,3
BRDA:43,3,1,0
BRDA:58,4,0,2
BRDA:58,4,1,2
BRDA:63,5,0,2
BRDA:63,5,1,0
BRDA:64,6,0,1
BRDA:64,6,1,1
BRDA:81,7,0,2
BRDA:81,7,1,6
BRF:16
BRH:10
end_of_record
TN:
SF:/home/ioffikus/projects/template-basic/src/components/PreloadingImage/PreloadingImage.tsx
FN:5,(anonymous_0)
FN:10,(anonymous_1)
FN:12,(anonymous_2)
FN:20,(anonymous_3)
FN:23,(anonymous_4)
FN:28,(anonymous_5)
FNF:6
FNH:0
FNDA:0,(anonymous_0)
FNDA:0,(anonymous_1)
FNDA:0,(anonymous_2)
FNDA:0,(anonymous_3)
FNDA:0,(anonymous_4)
FNDA:0,(anonymous_5)
DA:6,0
DA:7,0
DA:10,0
DA:11,0
DA:12,0
DA:13,0
DA:17,0
DA:21,0
DA:24,0
DA:25,0
DA:29,0
LF:11
LH:0
BRDA:24,0,0,0
BRDA:24,0,1,0
BRF:2
BRH:0
end_of_record
TN:
SF:/home/ioffikus/projects/template-basic/src/components/PreloadingImage/index.ts
FNF:0
FNH:0
LF:0
LH:0
BRF:0
BRH:0
end_of_record
TN:
SF:/home/ioffikus/projects/template-basic/src/components/Price/Price.tsx
FN:4,(anonymous_0)
FN:10,(anonymous_1)
FN:12,(anonymous_2)
FN:14,(anonymous_3)
FN:40,(anonymous_4)
FNF:5
FNH:0
FNDA:0,(anonymous_0)
FNDA:0,(anonymous_1)
FNDA:0,(anonymous_2)
FNDA:0,(anonymous_3)
FNDA:0,(anonymous_4)
DA:4,12
DA:9,12
DA:11,0
DA:12,0
DA:13,0
DA:14,0
DA:15,0
DA:16,0
DA:20,0
DA:24,0
DA:32,0
DA:33,0
DA:34,0
DA:35,0
DA:37,0
DA:41,0
DA:42,0
LF:17
LH:2
BRDA:15,0,0,0
BRDA:15,0,1,0
BRDA:20,1,0,0
BRDA:20,1,1,0
BRDA:34,2,0,0
BRDA:34,2,1,0
BRDA:49,3,0,0
BRDA:49,3,1,0
BRF:8
BRH:0
end_of_record
TN:
SF:/home/ioffikus/projects/template-basic/src/components/Price/index.ts
FNF:0
FNH:0
LF:0
LH:0
BRF:0
BRH:0
end_of_record
TN:
SF:/home/ioffikus/projects/template-basic/src/components/Product/Description.tsx
FN:10,(anonymous_0)
FN:15,(anonymous_1)
FN:20,(anonymous_2)
FN:21,(anonymous_3)
FN:27,(anonymous_4)
FN:32,(anonymous_5)
FN:36,(anonymous_6)
FNF:7
FNH:6
FNDA:3,(anonymous_0)
FNDA:3,(anonymous_1)
FNDA:1,(anonymous_2)
FNDA:0,(anonymous_3)
FNDA:1,(anonymous_4)
FNDA:1,(anonymous_5)
FNDA:6,(anonymous_6)
DA:10,4
DA:14,4
DA:16,3
DA:17,3
DA:20,3
DA:21,1
DA:22,0
DA:27,3
DA:28,1
DA:32,3
DA:33,1
DA:37,6
DA:40,6
DA:41,6
DA:42,6
DA:43,6
DA:46,6
DA:47,6
DA:48,6
LF:19
LH:18
BRF:0
BRH:0
end_of_record
TN:
SF:/home/ioffikus/projects/template-basic/src/components/Product/Details.tsx
FN:7,(anonymous_0)
FN:17,(anonymous_1)
FN:25,(anonymous_2)
FN:29,(anonymous_3)
FN:35,(anonymous_4)
FN:37,(anonymous_5)
FN:51,(anonymous_6)
FN:94,(anonymous_7)
FN:108,(anonymous_8)
FN:125,(anonymous_9)
FNF:10
FNH:0
FNDA:0,(anonymous_0)
FNDA:0,(anonymous_1)
FNDA:0,(anonymous_2)
FNDA:0,(anonymous_3)
FNDA:0,(anonymous_4)
FNDA:0,(anonymous_5)
FNDA:0,(anonymous_6)
FNDA:0,(anonymous_7)
FNDA:0,(anonymous_8)
FNDA:0,(anonymous_9)
DA:7,3
DA:16,3
DA:18,0
DA:19,0
DA:20,0
DA:21,0
DA:25,0
DA:26,0
DA:30,0
DA:31,0
DA:32,0
DA:36,0
DA:37,0
DA:38,0
DA:39,0
DA:41,0
DA:42,0
DA:43,0
DA:44,0
DA:45,0
DA:46,0
DA:49,0
DA:52,0
DA:95,0
DA:96,0
DA:97,0
DA:98,0
DA:109,0
DA:110,0
DA:111,0
DA:112,0
DA:113,0
DA:114,0
DA:126,0
LF:34
LH:2
BRDA:30,0,0,0
BRDA:30,0,1,0
BRDA:38,1,0,0
BRDA:38,1,1,0
BRDA:43,2,0,0
BRDA:43,2,1,0
BRDA:92,3,0,0
BRDA:92,3,1,0
BRDA:106,4,0,0
BRDA:106,4,1,0
BRDA:123,5,0,0
BRDA:123,5,1,0
BRF:12
BRH:0
end_of_record
TN:
SF:/home/ioffikus/projects/template-basic/src/components/Product/Product.tsx
FN:11,(anonymous_0)
FN:43,(anonymous_1)
FNF:2
FNH:2
FNDA:1,(anonymous_0)
FNDA:1,(anonymous_1)
DA:12,1
DA:43,3
DA:44,1
LF:3
LH:3
BRF:0
BRH:0
end_of_record
TN:
SF:/home/ioffikus/projects/template-basic/src/components/Product/SocialLinks.tsx
FN:6,(anonymous_0)
FN:10,(anonymous_1)
FN:12,(anonymous_2)
FN:60,(anonymous_3)
FNF:4
FNH:0
FNDA:0,(anonymous_0)
FNDA:0,(anonymous_1)
FNDA:0,(anonymous_2)
FNDA:0,(anonymous_3)
DA:6,3
DA:9,3
DA:11,0
DA:12,0
DA:13,0
DA:14,0
DA:15,0
DA:18,0
DA:61,0
DA:62,0
DA:63,0
LF:11
LH:2
BRDA:14,0,0,0
BRDA:14,0,1,0
BRF:2
BRH:0
end_of_record
TN:
SF:/home/ioffikus/projects/template-basic/src/components/Product/index.ts
FNF:0
FNH:0
LF:0
LH:0
BRF:0
BRH:0
end_of_record
TN:
SF:/home/ioffikus/projects/template-basic/src/components/ProductImagePreview/Cropper.tsx
FN:6,(anonymous_0)
FN:12,(anonymous_1)
FN:12,(anonymous_2)
FN:15,(anonymous_3)
FN:18,(anonymous_4)
FN:24,(anonymous_5)
FN:30,(anonymous_6)
FN:34,(anonymous_7)
FN:39,(anonymous_8)
FN:115,(anonymous_9)
FNF:10
FNH:0
FNDA:0,(anonymous_0)
FNDA:0,(anonymous_1)
FNDA:0,(anonymous_2)
FNDA:0,(anonymous_3)
FNDA:0,(anonymous_4)
FNDA:0,(anonymous_5)
FNDA:0,(anonymous_6)
FNDA:0,(anonymous_7)
FNDA:0,(anonymous_8)
FNDA:0,(anonymous_9)
DA:7,0
DA:8,0
DA:12,0
DA:13,0
DA:15,0
DA:16,0
DA:18,0
DA:19,0
DA:20,0
DA:24,0
DA:25,0
DA:28,0
DA:30,0
DA:31,0
DA:35,0
DA:36,0
DA:40,0
DA:41,0
DA:115,0
LF:19
LH:0
BRDA:35,0,0,0
BRDA:35,0,1,0
BRF:2
BRH:0
end_of_record
TN:
SF:/home/ioffikus/projects/template-basic/src/components/ProductImagePreview/ProductImagePreview.tsx
FN:7,(anonymous_0)
FN:14,(anonymous_1)
FN:20,(anonymous_2)
FN:23,(anonymous_3)
FNF:4
FNH:0
FNDA:0,(anonymous_0)
FNDA:0,(anonymous_1)
FNDA:0,(anonymous_2)
FNDA:0,(anonymous_3)
DA:7,3
DA:13,3
DA:15,0
DA:16,0
DA:21,0
DA:24,0
DA:25,0
DA:26,0
DA:27,0
LF:9
LH:2
BRDA:74,0,0,0
BRDA:74,0,1,0
BRDA:75,1,0,0
BRDA:75,1,1,0
BRDA:76,2,0,0
BRDA:76,2,1,0
BRDA:76,2,2,0
BRDA:76,2,3,0
BRDA:76,2,4,0
BRDA:79,3,0,0
BRDA:79,3,1,0
BRF:11
BRH:0
end_of_record
TN:
SF:/home/ioffikus/projects/template-basic/src/components/ProductImagePreview/Slider.tsx
FN:6,(anonymous_0)
FN:19,(anonymous_1)
FN:29,(anonymous_2)
FN:33,(anonymous_3)
FN:35,(anonymous_4)
FN:40,(anonymous_5)
FN:44,(anonymous_6)
FN:48,(anonymous_7)
FN:51,(anonymous_8)
FN:55,(anonymous_9)
FN:108,(anonymous_10)
FN:114,(anonymous_11)
FNF:12
FNH:0
FNDA:0,(anonymous_0)
FNDA:0,(anonymous_1)
FNDA:0,(anonymous_2)
FNDA:0,(anonymous_3)
FNDA:0,(anonymous_4)
FNDA:0,(anonymous_5)
FNDA:0,(anonymous_6)
FNDA:0,(anonymous_7)
FNDA:0,(anonymous_8)
FNDA:0,(anonymous_9)
FNDA:0,(anonymous_10)
FNDA:0,(anonymous_11)
DA:7,0
DA:8,0
DA:11,0
DA:20,0
DA:24,0
DA:29,0
DA:30,0
DA:33,0
DA:35,0
DA:36,0
DA:40,0
DA:41,0
DA:42,0
DA:44,0
DA:45,0
DA:46,0
DA:48,0
DA:49,0
DA:51,0
DA:52,0
DA:56,0
DA:57,0
DA:108,0
DA:114,0
LF:24
LH:0
BRF:0
BRH:0
end_of_record
TN:
SF:/home/ioffikus/projects/template-basic/src/components/ProductImagePreview/index.ts
FNF:0
FNH:0
LF:0
LH:0
BRF:0
BRH:0
end_of_record
TN:
SF:/home/ioffikus/projects/template-basic/src/components/ProductItems/Item.tsx
FN:11,(anonymous_0)
FNF:1
FNH:0
FNDA:0,(anonymous_0)
DA:12,0
DA:13,0
DA:14,0
DA:15,0
DA:16,0
DA:17,0
DA:18,0
DA:19,0
DA:20,0
DA:21,0
DA:22,0
DA:23,0
DA:25,0
LF:13
LH:0
BRDA:23,0,0,0
BRDA:23,0,1,0
BRDA:205,1,0,0
BRDA:205,1,1,0
BRDA:206,2,0,0
BRDA:206,2,1,0
BRDA:207,3,0,0
BRDA:207,3,1,0
BRDA:210,4,0,0
BRDA:210,4,1,0
BRDA:211,5,0,0
BRDA:211,5,1,0
BRDA:212,6,0,0
BRDA:212,6,1,0
BRDA:233,7,0,0
BRDA:233,7,1,0
BRF:16
BRH:0
end_of_record
TN:
SF:/home/ioffikus/projects/template-basic/src/components/ProductItems/ProductItems.tsx
FN:11,(anonymous_0)
FN:16,(anonymous_1)
FN:19,(anonymous_2)
FN:24,(anonymous_3)
FN:24,(anonymous_4)
FN:25,(anonymous_5)
FN:31,(anonymous_6)
FN:38,(anonymous_7)
FN:51,(anonymous_8)
FNF:9
FNH:0
FNDA:0,(anonymous_0)
FNDA:0,(anonymous_1)
FNDA:0,(anonymous_2)
FNDA:0,(anonymous_3)
FNDA:0,(anonymous_4)
FNDA:0,(anonymous_5)
FNDA:0,(anonymous_6)
FNDA:0,(anonymous_7)
FNDA:0,(anonymous_8)
DA:12,0
DA:13,0
DA:16,0
DA:17,0
DA:19,0
DA:20,0
DA:24,0
DA:25,0
DA:26,0
DA:31,0
DA:32,0
DA:33,0
DA:34,0
DA:35,0
DA:39,0
DA:40,0
DA:51,0
LF:17
LH:0
BRDA:57,0,0,0
BRDA:57,0,1,0
BRDA:57,1,0,0
BRDA:57,1,1,0
BRF:4
BRH:0
end_of_record
TN:
SF:/home/ioffikus/projects/template-basic/src/components/ProductItems/index.ts
FNF:0
FNH:0
LF:0
LH:0
BRF:0
BRH:0
end_of_record
TN:
SF:/home/ioffikus/projects/template-basic/src/components/SiderMenu/SiderMenu.tsx
FN:6,(anonymous_0)
FN:12,(anonymous_1)
FN:12,(anonymous_2)
FN:17,(anonymous_3)
FN:22,(anonymous_4)
FN:33,(anonymous_5)
FN:36,(anonymous_6)
FN:39,(anonymous_7)
FNF:8
FNH:0
FNDA:0,(anonymous_0)
FNDA:0,(anonymous_1)
FNDA:0,(anonymous_2)
FNDA:0,(anonymous_3)
FNDA:0,(anonymous_4)
FNDA:0,(anonymous_5)
FNDA:0,(anonymous_6)
FNDA:0,(anonymous_7)
DA:7,0
DA:8,0
DA:12,0
DA:13,0
DA:17,0
DA:18,0
DA:22,0
DA:23,0
DA:24,0
DA:25,0
DA:26,0
DA:29,0
DA:34,0
DA:37,0
DA:40,0
DA:126,4
LF:16
LH:1
BRDA:23,0,0,0
BRDA:23,0,1,0
BRDA:25,1,0,0
BRDA:25,1,1,0
BRDA:115,2,0,0
BRDA:115,2,1,0
BRF:6
BRH:0
end_of_record
TN:
SF:/home/ioffikus/projects/template-basic/src/components/SiderMenu/index.ts
FNF:0
FNH:0
LF:0
LH:0
BRF:0
BRH:0
end_of_record
TN:
SF:/home/ioffikus/projects/template-basic/src/components/Svg/Sprite.tsx
FN:3,(anonymous_0)
FNF:1
FNH:0
FNDA:0,(anonymous_0)
DA:4,0
LF:1
LH:0
BRF:0
BRH:0
end_of_record
TN:
SF:/home/ioffikus/projects/template-basic/src/components/Svg/Svg.tsx
FN:2,(anonymous_0)
FNF:1
FNH:0
FNDA:0,(anonymous_0)
DA:2,12
DA:5,12
LF:2
LH:2
BRF:0
BRH:0
end_of_record
TN:
SF:/home/ioffikus/projects/template-basic/src/components/Svg/index.ts
FNF:0
FNH:0
LF:0
LH:0
BRF:0
BRH:0
end_of_record
TN:
SF:/home/ioffikus/projects/template-basic/src/components/User/User.tsx
FN:11,(anonymous_0)
FN:16,(anonymous_1)
FN:20,(anonymous_2)
FN:21,(anonymous_3)
FN:22,(anonymous_4)
FN:28,(anonymous_5)
FN:38,(anonymous_6)
FN:42,(anonymous_7)
FN:45,(anonymous_8)
FN:50,(anonymous_9)
FN:54,(anonymous_10)
FNF:11
FNH:0
FNDA:0,(anonymous_0)
FNDA:0,(anonymous_1)
FNDA:0,(anonymous_2)
FNDA:0,(anonymous_3)
FNDA:0,(anonymous_4)
FNDA:0,(anonymous_5)
FNDA:0,(anonymous_6)
FNDA:0,(anonymous_7)
FNDA:0,(anonymous_8)
FNDA:0,(anonymous_9)
FNDA:0,(anonymous_10)
DA:11,2
DA:15,2
DA:17,0
DA:18,0
DA:19,0
DA:20,0
DA:21,0
DA:22,0
DA:24,0
DA:25,0
DA:28,0
DA:29,0
DA:30,0
DA:31,0
DA:32,0
DA:33,0
DA:38,0
DA:39,0
DA:43,0
DA:46,0
DA:47,0
DA:51,0
DA:52,0
DA:55,0
DA:56,0
DA:57,0
LF:26
LH:2
BRDA:30,0,0,0
BRDA:30,0,1,0
BRDA:32,1,0,0
BRDA:32,1,1,0
BRDA:46,2,0,0
BRDA:46,2,1,0
BRF:6
BRH:0
end_of_record
TN:
SF:/home/ioffikus/projects/template-basic/src/components/User/index.ts
FNF:0
FNH:0
LF:0
LH:0
BRF:0
BRH:0
end_of_record
TN:
SF:/home/ioffikus/projects/template-basic/src/components/UserAccount/MainForm.tsx
FN:5,(anonymous_0)
FN:10,(anonymous_1)
FN:11,(anonymous_2)
FN:17,(anonymous_3)
FN:19,(anonymous_4)
FN:27,(anonymous_5)
FN:36,(anonymous_6)
FNF:7
FNH:6
FNDA:5,(anonymous_0)
FNDA:1,(anonymous_1)
FNDA:1,(anonymous_2)
FNDA:1,(anonymous_3)
FNDA:1,(anonymous_4)
FNDA:0,(anonymous_5)
FNDA:8,(anonymous_6)
DA:4,4
DA:6,5
DA:7,5
DA:10,5
DA:11,1
DA:12,1
DA:17,5
DA:18,1
DA:19,1
DA:20,1
DA:21,1
DA:22,1
DA:27,1
DA:28,0
DA:37,8
DA:38,8
DA:39,8
DA:40,8
DA:41,8
DA:45,8
LF:20
LH:19
BRDA:20,0,0,1
BRDA:20,0,1,0
BRDA:99,1,0,8
BRDA:99,1,1,3
BRF:4
BRH:3
end_of_record
TN:
SF:/home/ioffikus/projects/template-basic/src/components/UserAccount/UserAccount.tsx
FN:7,(anonymous_0)
FN:13,(anonymous_1)
FN:15,(anonymous_2)
FN:19,(anonymous_3)
FNF:4
FNH:3
FNDA:1,(anonymous_0)
FNDA:1,(anonymous_1)
FNDA:0,(anonymous_2)
FNDA:1,(anonymous_3)
DA:7,3
DA:12,3
DA:14,1
DA:15,1
DA:16,0
DA:20,1
LF:6
LH:5
BRDA:26,0,0,1
BRDA:26,0,1,0
BRDA:26,1,0,0
BRDA:26,1,1,0
BRF:4
BRH:1
end_of_record
TN:
SF:/home/ioffikus/projects/template-basic/src/components/UserAccount/index.ts
FNF:0
FNH:0
LF:0
LH:0
BRF:0
BRH:0
end_of_record
TN:
SF:/home/ioffikus/projects/template-basic/src/components/UserOrders/Actions.tsx
FN:6,(anonymous_0)
FN:11,(anonymous_1)
FN:13,(anonymous_2)
FN:18,(anonymous_3)
FNF:4
FNH:4
FNDA:4,(anonymous_0)
FNDA:4,(anonymous_1)
FNDA:1,(anonymous_2)
FNDA:4,(anonymous_3)
DA:6,4
DA:10,4
DA:12,4
DA:13,4
DA:14,1
DA:15,1
DA:19,4
DA:20,4
DA:21,4
LF:9
LH:9
BRDA:22,0,0,4
BRDA:22,0,1,3
BRF:2
BRH:2
end_of_record
TN:
SF:/home/ioffikus/projects/template-basic/src/components/UserOrders/CartItems.tsx
FN:8,(anonymous_0)
FN:10,(anonymous_1)
FN:11,(anonymous_2)
FN:24,(anonymous_3)
FN:30,(anonymous_4)
FN:37,(anonymous_5)
FN:45,(anonymous_6)
FNF:7
FNH:4
FNDA:2,(anonymous_0)
FNDA:2,(anonymous_1)
FNDA:1,(anonymous_2)
FNDA:2,(anonymous_3)
FNDA:0,(anonymous_4)
FNDA:0,(anonymous_5)
FNDA:0,(anonymous_6)
DA:9,2
DA:10,2
DA:11,2
DA:12,1
DA:13,1
DA:14,1
DA:15,1
DA:16,1
DA:17,1
DA:18,1
DA:19,1
DA:20,1
DA:25,2
DA:26,2
DA:31,0
DA:38,0
DA:46,0
DA:47,0
DA:51,2
LF:19
LH:15
BRF:0
BRH:0
end_of_record
TN:
SF:/home/ioffikus/projects/template-basic/src/components/UserOrders/Status.tsx
FN:5,(anonymous_0)
FNF:1
FNH:1
FNDA:2,(anonymous_0)
DA:6,2
DA:7,2
DA:8,2
LF:3
LH:3
BRDA:7,0,0,2
BRDA:7,0,1,1
BRDA:24,1,0,2
BRDA:24,1,1,1
BRF:4
BRH:4
end_of_record
TN:
SF:/home/ioffikus/projects/template-basic/src/components/UserOrders/TransactionInfo.tsx
FN:3,(anonymous_0)
FNF:1
FNH:1
FNDA:4,(anonymous_0)
DA:4,4
DA:5,4
DA:6,4
LF:3
LH:3
BRDA:18,0,0,4
BRDA:18,0,1,2
BRDA:22,1,0,4
BRDA:22,1,1,2
BRF:4
BRH:4
end_of_record
TN:
SF:/home/ioffikus/projects/template-basic/src/components/UserOrders/UserOrders.tsx
FN:12,(anonymous_0)
FN:20,(anonymous_1)
FN:26,(anonymous_2)
FN:27,(anonymous_3)
FN:30,(anonymous_4)
FN:31,(anonymous_5)
FN:61,(anonymous_6)
FN:65,(anonymous_7)
FN:66,(anonymous_8)
FN:68,(anonymous_9)
FN:75,(anonymous_10)
FN:79,(anonymous_11)
FN:86,(anonymous_12)
FN:96,(anonymous_13)
FN:104,(anonymous_14)
FNF:15
FNH:9
FNDA:5,(anonymous_0)
FNDA:5,(anonymous_1)
FNDA:0,(anonymous_2)
FNDA:0,(anonymous_3)
FNDA:5,(anonymous_4)
FNDA:10,(anonymous_5)
FNDA:0,(anonymous_6)
FNDA:1,(anonymous_7)
FNDA:1,(anonymous_8)
FNDA:1,(anonymous_9)
FNDA:5,(anonymous_10)
FNDA:11,(anonymous_11)
FNDA:0,(anonymous_12)
FNDA:0,(anonymous_13)
FNDA:0,(anonymous_14)
DA:12,5
DA:19,3
DA:21,5
DA:22,5
DA:26,5
DA:27,5
DA:28,0
DA:30,5
DA:31,5
DA:32,10
DA:33,10
DA:34,10
DA:35,10
DA:38,10
DA:39,10
DA:41,10
DA:42,10
DA:43,10
DA:44,10
DA:45,10
DA:46,10
DA:61,5
DA:62,0
DA:63,0
DA:65,5
DA:66,1
DA:67,1
DA:68,1
DA:69,1
DA:76,5
DA:77,5
DA:80,11
DA:81,11
DA:82,11
DA:87,0
DA:88,0
DA:97,0
DA:98,0
DA:105,0
DA:106,0
DA:110,11
DA:111,11
LF:42
LH:33
BRDA:110,0,0,9
BRDA:110,0,1,2
BRDA:138,1,0,11
BRDA:138,1,1,6
BRDA:139,2,0,1
BRDA:139,2,1,5
BRDA:139,3,0,1
BRDA:139,3,1,1
BRDA:141,4,0,2
BRDA:141,4,1,9
BRDA:141,5,0,9
BRDA:141,5,1,5
BRF:12
BRH:12
end_of_record
TN:
SF:/home/ioffikus/projects/template-basic/src/components/UserOrders/index.ts
FNF:0
FNH:0
LF:0
LH:0
BRF:0
BRH:0
end_of_record
TN:
SF:/home/ioffikus/projects/template-basic/src/components/UserPurchases/CartPaidItems.tsx
FN:8,(anonymous_0)
FN:10,(anonymous_1)
FN:11,(anonymous_2)
FN:34,(anonymous_3)
FN:41,(anonymous_4)
FN:49,(anonymous_5)
FN:63,(anonymous_6)
FN:72,(anonymous_7)
FNF:8
FNH:0
FNDA:0,(anonymous_0)
FNDA:0,(anonymous_1)
FNDA:0,(anonymous_2)
FNDA:0,(anonymous_3)
FNDA:0,(anonymous_4)
FNDA:0,(anonymous_5)
FNDA:0,(anonymous_6)
FNDA:0,(anonymous_7)
DA:9,0
DA:10,0
DA:11,0
DA:12,0
DA:13,0
DA:14,0
DA:15,0
DA:16,0
DA:17,0
DA:18,0
DA:19,0
DA:20,0
DA:21,0
DA:35,0
DA:36,0
DA:42,0
DA:50,0
DA:51,0
DA:64,0
DA:65,0
DA:73,0
DA:74,0
DA:78,0
LF:23
LH:0
BRF:0
BRH:0
end_of_record
TN:
SF:/home/ioffikus/projects/template-basic/src/components/UserPurchases/UserPurchases.tsx
FN:8,(anonymous_0)
FN:15,(anonymous_1)
FN:21,(anonymous_2)
FN:22,(anonymous_3)
FN:24,(anonymous_4)
FN:31,(anonymous_5)
FN:35,(anonymous_6)
FNF:7
FNH:0
FNDA:0,(anonymous_0)
FNDA:0,(anonymous_1)
FNDA:0,(anonymous_2)
FNDA:0,(anonymous_3)
FNDA:0,(anonymous_4)
FNDA:0,(anonymous_5)
FNDA:0,(anonymous_6)
DA:8,2
DA:14,2
DA:16,0
DA:17,0
DA:21,0
DA:22,0
DA:23,0
DA:24,0
DA:25,0
DA:32,0
DA:33,0
DA:36,0
DA:37,0
DA:38,0
LF:14
LH:2
BRDA:56,0,0,0
BRDA:56,0,1,0
BRDA:57,1,0,0
BRDA:57,1,1,0
BRDA:57,2,0,0
BRDA:57,2,1,0
BRDA:59,3,0,0
BRDA:59,3,1,0
BRDA:59,4,0,0
BRDA:59,4,1,0
BRF:10
BRH:0
end_of_record
TN:
SF:/home/ioffikus/projects/template-basic/src/components/UserPurchases/index.ts
FNF:0
FNH:0
LF:0
LH:0
BRF:0
BRH:0
end_of_record
TN:
SF:/home/ioffikus/projects/template-basic/src/configs/common.ts
FNF:0
FNH:0
DA:1,26
LF:1
LH:1
BRDA:5,0,0,26
BRDA:5,0,1,26
BRDA:6,1,0,26
BRDA:6,1,1,26
BRDA:7,2,0,26
BRDA:7,2,1,26
BRDA:8,3,0,26
BRDA:8,3,1,26
BRDA:9,4,0,26
BRDA:9,4,1,26
BRF:10
BRH:10
end_of_record
TN:
SF:/home/ioffikus/projects/template-basic/src/configs/currencies.ts
FNF:0
FNH:0
DA:2,1
LF:1
LH:1
BRF:0
BRH:0
end_of_record
TN:
SF:/home/ioffikus/projects/template-basic/src/configs/endpoints.ts
FNF:0
FNH:0
DA:2,25
LF:1
LH:1
BRF:0
BRH:0
end_of_record
TN:
SF:/home/ioffikus/projects/template-basic/src/configs/react.ts
FNF:0
FNH:0
DA:1,1
LF:1
LH:1
BRDA:2,0,0,1
BRDA:2,0,1,1
BRF:2
BRH:2
end_of_record
TN:
SF:/home/ioffikus/projects/template-basic/src/configs/server.ts
FNF:0
FNH:0
DA:4,26
DA:46,26
DA:48,26
DA:49,26
DA:53,26
DA:54,26
DA:55,26
DA:56,26
LF:8
LH:8
BRDA:5,0,0,26
BRDA:5,0,1,26
BRDA:6,1,0,26
BRDA:6,1,1,26
BRDA:7,2,0,26
BRDA:7,2,1,26
BRDA:8,3,0,26
BRDA:8,3,1,26
BRDA:9,4,0,26
BRDA:9,4,1,26
BRDA:12,5,0,26
BRDA:12,5,1,26
BRDA:27,6,0,26
BRDA:27,6,1,26
BRDA:28,7,0,26
BRDA:28,7,1,26
BRDA:29,8,0,26
BRDA:29,8,1,26
BRDA:30,9,0,26
BRDA:30,9,1,26
BRDA:31,10,0,26
BRDA:31,10,1,26
BRDA:32,11,0,26
BRDA:32,11,1,26
BRDA:33,12,0,26
BRDA:33,12,1,26
BRDA:34,13,0,26
BRDA:34,13,1,26
BRDA:35,14,0,26
BRDA:35,14,1,26
BRDA:36,15,0,26
BRDA:36,15,1,26
BRDA:37,16,0,26
BRDA:37,16,1,26
BRDA:38,17,0,26
BRDA:38,17,1,26
BRDA:39,18,0,26
BRDA:39,18,1,26
BRDA:40,19,0,26
BRDA:40,19,1,26
BRDA:41,20,0,26
BRDA:41,20,1,26
BRDA:42,21,0,26
BRDA:42,21,1,26
BRDA:43,22,0,26
BRDA:43,22,1,26
BRF:46
BRH:46
end_of_record
TN:
SF:/home/ioffikus/projects/template-basic/src/configs/validators/globalSchemaJoi.ts
FN:2,(anonymous_0)
FN:7,(anonymous_1)
FN:15,(anonymous_2)
FN:27,(anonymous_3)
FN:47,(anonymous_4)
FN:51,(anonymous_5)
FNF:6
FNH:6
FNDA:194,(anonymous_0)
FNDA:388,(anonymous_1)
FNDA:191,(anonymous_2)
FNDA:12,(anonymous_3)
FNDA:3,(anonymous_4)
FNDA:3,(anonymous_5)
DA:2,194
DA:7,388
DA:15,191
DA:27,12
DA:47,3
DA:51,3
DA:54,1
LF:7
LH:7
BRF:0
BRH:0
end_of_record
TN:
SF:/home/ioffikus/projects/template-basic/src/core/API.ts
FN:4,(anonymous_0)
FN:12,(anonymous_1)
FN:15,(anonymous_2)
FN:23,(anonymous_3)
FN:26,(anonymous_4)
FN:30,(anonymous_5)
FN:34,(anonymous_6)
FN:35,(anonymous_7)
FN:36,(anonymous_8)
FN:37,(anonymous_9)
FNF:10
FNH:9
FNDA:53,(anonymous_0)
FNDA:0,(anonymous_1)
FNDA:34,(anonymous_2)
FNDA:19,(anonymous_3)
FNDA:53,(anonymous_4)
FNDA:51,(anonymous_5)
FNDA:39,(anonymous_6)
FNDA:6,(anonymous_7)
FNDA:2,(anonymous_8)
FNDA:6,(anonymous_9)
DA:3,25
DA:4,25
DA:5,53
DA:6,53
DA:7,53
DA:8,0
DA:11,53
DA:13,0
DA:15,25
DA:16,34
DA:17,34
DA:18,34
DA:19,0
DA:22,34
DA:24,19
DA:26,25
DA:27,53
DA:29,53
DA:30,53
DA:34,39
DA:35,25
DA:36,25
DA:37,25
LF:23
LH:20
BRDA:5,0,0,53
BRDA:5,0,1,0
BRDA:7,1,0,0
BRDA:7,1,1,53
BRDA:7,2,0,53
BRDA:7,2,1,16
BRDA:16,3,0,34
BRDA:16,3,1,0
BRDA:18,4,0,0
BRDA:18,4,1,34
BRDA:18,5,0,34
BRDA:18,5,1,7
BRDA:27,6,0,16
BRDA:27,6,1,37
BRDA:27,7,0,53
BRDA:27,7,1,53
BRDA:29,8,0,53
BRDA:29,8,1,0
BRF:18
BRH:13
end_of_record
TN:
SF:/home/ioffikus/projects/template-basic/src/ducks/auth.ts
FN:17,(anonymous_0)
FN:19,(anonymous_1)
FN:21,(anonymous_2)
FN:23,(anonymous_3)
FN:25,(anonymous_4)
FN:27,(anonymous_5)
FN:29,(anonymous_6)
FN:30,(anonymous_7)
FN:30,(anonymous_8)
FN:31,(anonymous_9)
FN:36,(anonymous_10)
FN:42,(anonymous_11)
FN:48,(anonymous_12)
FN:48,(anonymous_13)
FN:49,(anonymous_14)
FN:59,(anonymous_15)
FN:68,(anonymous_16)
FN:74,(anonymous_17)
FN:74,(anonymous_18)
FN:75,(anonymous_19)
FN:80,(anonymous_20)
FN:93,(anonymous_21)
FNF:22
FNH:22
FNDA:2,(anonymous_0)
FNDA:1,(anonymous_1)
FNDA:2,(anonymous_2)
FNDA:1,(anonymous_3)
FNDA:4,(anonymous_4)
FNDA:2,(anonymous_5)
FNDA:1,(anonymous_6)
FNDA:2,(anonymous_7)
FNDA:2,(anonymous_8)
FNDA:2,(anonymous_9)
FNDA:1,(anonymous_10)
FNDA:1,(anonymous_11)
FNDA:2,(anonymous_12)
FNDA:2,(anonymous_13)
FNDA:2,(anonymous_14)
FNDA:1,(anonymous_15)
FNDA:1,(anonymous_16)
FNDA:2,(anonymous_17)
FNDA:2,(anonymous_18)
FNDA:2,(anonymous_19)
FNDA:1,(anonymous_20)
FNDA:1,(anonymous_21)
DA:5,5
DA:6,5
DA:7,5
DA:15,5
DA:16,5
DA:17,5
DA:18,5
DA:19,5
DA:20,5
DA:21,5
DA:22,5
DA:23,5
DA:24,5
DA:25,5
DA:26,5
DA:27,5
DA:28,5
DA:29,5
DA:30,5
DA:31,2
DA:32,2
DA:33,2
DA:37,1
DA:39,1
DA:40,1
DA:43,1
DA:44,1
DA:48,5
DA:49,2
DA:50,2
DA:51,2
DA:55,2
DA:60,1
DA:61,1
DA:64,1
DA:66,1
DA:69,1
DA:70,1
DA:74,5
DA:75,2
DA:76,2
DA:77,2
DA:81,1
DA:82,1
DA:83,1
DA:84,1
DA:86,1
DA:89,1
DA:91,1
DA:94,1
DA:95,1
LF:51
LH:51
BRDA:61,0,0,1
BRDA:61,0,1,0
BRDA:83,1,0,1
BRDA:83,1,1,0
BRDA:86,2,0,1
BRDA:86,2,1,0
BRF:6
BRH:3
end_of_record
TN:
SF:/home/ioffikus/projects/template-basic/src/ducks/cart.ts
FN:19,(anonymous_0)
FN:24,(anonymous_1)
FN:24,(anonymous_2)
FN:26,(anonymous_3)
FN:33,(anonymous_4)
FN:40,(anonymous_5)
FN:47,(anonymous_6)
FN:49,(anonymous_7)
FN:53,(anonymous_8)
FN:55,(anonymous_9)
FN:57,(anonymous_10)
FN:58,(anonymous_11)
FN:58,(anonymous_12)
FN:72,(anonymous_13)
FN:78,(anonymous_14)
FN:83,(anonymous_15)
FN:83,(anonymous_16)
FN:84,(anonymous_17)
FN:89,(anonymous_18)
FN:95,(anonymous_19)
FN:101,(anonymous_20)
FN:101,(anonymous_21)
FN:102,(anonymous_22)
FN:107,(anonymous_23)
FN:116,(anonymous_24)
FN:121,(anonymous_25)
FN:133,(anonymous_26)
FN:133,(anonymous_27)
FN:134,(anonymous_28)
FN:139,(anonymous_29)
FN:143,(anonymous_30)
FN:149,(anonymous_31)
FN:151,(anonymous_32)
FN:154,(anonymous_33)
FN:156,(anonymous_34)
FN:156,(anonymous_35)
FN:157,(anonymous_36)
FN:167,(anonymous_37)
FN:175,(anonymous_38)
FN:186,(anonymous_39)
FN:198,(anonymous_40)
FN:198,(anonymous_41)
FN:199,(anonymous_42)
FN:204,(anonymous_43)
FN:225,(anonymous_44)
FN:231,(anonymous_45)
FN:245,(anonymous_46)
FN:255,(anonymous_47)
FN:267,(anonymous_48)
FN:283,(anonymous_49)
FN:301,(anonymous_50)
FN:301,(anonymous_51)
FN:302,(anonymous_52)
FN:304,(anonymous_53)
FN:312,(anonymous_54)
FN:323,(anonymous_55)
FN:340,(anonymous_56)
FN:340,(anonymous_57)
FN:341,(anonymous_58)
FN:343,(anonymous_59)
FN:360,(anonymous_60)
FN:366,(anonymous_61)
FN:377,(anonymous_62)
FN:389,(anonymous_63)
FN:395,(anonymous_64)
FN:400,(anonymous_65)
FN:407,(anonymous_66)
FN:407,(anonymous_67)
FN:408,(anonymous_68)
FN:410,(anonymous_69)
FN:427,(anonymous_70)
FN:433,(anonymous_71)
FN:450,(anonymous_72)
FN:455,(anonymous_73)
FN:463,(anonymous_74)
FNF:75
FNH:64
FNDA:3,(anonymous_0)
FNDA:3,(anonymous_1)
FNDA:4,(anonymous_2)
FNDA:4,(anonymous_3)
FNDA:2,(anonymous_4)
FNDA:2,(anonymous_5)
FNDA:3,(anonymous_6)
FNDA:3,(anonymous_7)
FNDA:2,(anonymous_8)
FNDA:13,(anonymous_9)
FNDA:15,(anonymous_10)
FNDA:1,(anonymous_11)
FNDA:1,(anonymous_12)
FNDA:14,(anonymous_13)
FNDA:2,(anonymous_14)
FNDA:2,(anonymous_15)
FNDA:2,(anonymous_16)
FNDA:2,(anonymous_17)
FNDA:2,(anonymous_18)
FNDA:0,(anonymous_19)
FNDA:2,(anonymous_20)
FNDA:2,(anonymous_21)
FNDA:2,(anonymous_22)
FNDA:2,(anonymous_23)
FNDA:2,(anonymous_24)
FNDA:0,(anonymous_25)
FNDA:1,(anonymous_26)
FNDA:1,(anonymous_27)
FNDA:1,(anonymous_28)
FNDA:1,(anonymous_29)
FNDA:0,(anonymous_30)
FNDA:1,(anonymous_31)
FNDA:8,(anonymous_32)
FNDA:1,(anonymous_33)
FNDA:2,(anonymous_34)
FNDA:2,(anonymous_35)
FNDA:2,(anonymous_36)
FNDA:1,(anonymous_37)
FNDA:1,(anonymous_38)
FNDA:0,(anonymous_39)
FNDA:5,(anonymous_40)
FNDA:5,(anonymous_41)
FNDA:5,(anonymous_42)
FNDA:3,(anonymous_43)
FNDA:1,(anonymous_44)
FNDA:0,(anonymous_45)
FNDA:1,(anonymous_46)
FNDA:0,(anonymous_47)
FNDA:1,(anonymous_48)
FNDA:0,(anonymous_49)
FNDA:3,(anonymous_50)
FNDA:3,(anonymous_51)
FNDA:3,(anonymous_52)
FNDA:3,(anonymous_53)
FNDA:2,(anonymous_54)
FNDA:0,(anonymous_55)
FNDA:4,(anonymous_56)
FNDA:4,(anonymous_57)
FNDA:4,(anonymous_58)
FNDA:4,(anonymous_59)
FNDA:1,(anonymous_60)
FNDA:0,(anonymous_61)
FNDA:3,(anonymous_62)
FNDA:2,(anonymous_63)
FNDA:2,(anonymous_64)
FNDA:2,(anonymous_65)
FNDA:2,(anonymous_66)
FNDA:2,(anonymous_67)
FNDA:2,(anonymous_68)
FNDA:2,(anonymous_69)
FNDA:1,(anonymous_70)
FNDA:0,(anonymous_71)
FNDA:2,(anonymous_72)
FNDA:0,(anonymous_73)
FNDA:2,(anonymous_74)
DA:7,11
DA:8,11
DA:9,11
DA:17,11
DA:18,11
DA:19,11
DA:23,11
DA:24,11
DA:25,11
DA:26,11
DA:32,11
DA:33,11
DA:39,11
DA:40,11
DA:46,11
DA:47,11
DA:48,11
DA:49,11
DA:52,11
DA:53,11
DA:54,11
DA:55,13
DA:56,11
DA:57,15
DA:58,11
DA:59,1
DA:60,1
DA:61,1
DA:62,1
DA:63,1
DA:64,1
DA:65,1
DA:66,1
DA:70,1
DA:72,11
DA:73,14
DA:74,14
DA:75,14
DA:78,11
DA:79,2
DA:80,2
DA:83,11
DA:84,2
DA:85,2
DA:86,2
DA:90,2
DA:91,2
DA:92,2
DA:93,2
DA:96,0
DA:97,0
DA:101,11
DA:102,2
DA:103,2
DA:104,2
DA:108,2
DA:109,2
DA:110,2
DA:111,2
DA:112,0
DA:113,0
DA:114,0
DA:116,2
DA:117,2
DA:118,2
DA:122,0
DA:123,0
DA:133,11
DA:134,1
DA:135,1
DA:140,1
DA:141,1
DA:144,0
DA:145,0
DA:149,11
DA:150,1
DA:151,1
DA:152,8
DA:154,1
DA:156,11
DA:157,2
DA:158,2
DA:159,2
DA:160,1
DA:161,1
DA:163,1
DA:164,1
DA:168,1
DA:169,1
DA:170,1
DA:171,1
DA:174,1
DA:175,1
DA:176,1
DA:181,1
DA:183,0
DA:184,0
DA:187,0
DA:188,0
DA:198,11
DA:199,5
DA:200,5
DA:201,5
DA:202,5
DA:203,5
DA:204,5
DA:205,5
DA:206,5
DA:207,5
DA:208,2
DA:209,2
DA:210,1
DA:211,1
DA:212,0
DA:213,0
DA:214,0
DA:215,0
DA:217,1
DA:221,1
DA:226,1
DA:227,1
DA:228,1
DA:229,1
DA:232,0
DA:233,0
DA:235,1
DA:237,1
DA:241,1
DA:246,1
DA:247,1
DA:248,1
DA:249,1
DA:251,1
DA:252,1
DA:253,1
DA:256,0
DA:257,0
DA:259,1
DA:262,3
DA:263,1
DA:264,1
DA:268,1
DA:269,1
DA:270,1
DA:271,1
DA:272,1
DA:273,1
DA:275,1
DA:276,1
DA:277,1
DA:278,1
DA:280,0
DA:281,0
DA:284,0
DA:285,0
DA:287,1
DA:289,2
DA:290,2
DA:291,2
DA:292,2
DA:293,2
DA:294,2
DA:295,2
DA:297,2
DA:298,2
DA:301,11
DA:302,3
DA:303,3
DA:304,3
DA:305,3
DA:306,3
DA:307,3
DA:308,2
DA:309,2
DA:313,2
DA:314,2
DA:315,0
DA:318,2
DA:320,2
DA:321,2
DA:324,0
DA:325,0
DA:327,2
DA:330,1
DA:331,1
DA:332,0
DA:335,1
DA:337,1
DA:340,11
DA:341,4
DA:342,4
DA:343,4
DA:344,4
DA:345,0
DA:346,0
DA:348,4
DA:349,4
DA:350,4
DA:351,4
DA:352,1
DA:356,1
DA:361,1
DA:362,1
DA:363,1
DA:364,1
DA:367,0
DA:368,0
DA:369,0
DA:371,1
DA:374,3
DA:378,3
DA:379,3
DA:380,1
DA:381,1
DA:382,1
DA:383,1
DA:384,1
DA:386,2
DA:387,2
DA:390,2
DA:391,2
DA:392,2
DA:396,2
DA:397,2
DA:401,2
DA:402,2
DA:404,2
DA:407,11
DA:408,2
DA:409,2
DA:410,2
DA:411,2
DA:412,0
DA:413,0
DA:415,2
DA:416,2
DA:417,2
DA:418,1
DA:419,1
DA:423,1
DA:428,1
DA:429,1
DA:430,1
DA:431,1
DA:434,0
DA:435,0
DA:437,1
DA:440,1
DA:441,1
DA:442,1
DA:443,1
DA:444,1
DA:446,0
DA:447,0
DA:448,0
DA:451,2
DA:452,2
DA:456,0
DA:457,0
DA:459,0
DA:462,11
DA:463,11
DA:464,2
DA:465,2
LF:264
LH:220
BRDA:59,0,0,1
BRDA:59,0,1,0
BRDA:61,1,0,1
BRDA:61,1,1,0
BRDA:63,2,0,1
BRDA:63,2,1,0
BRDA:73,3,0,14
BRDA:73,3,1,0
BRDA:79,4,0,2
BRDA:79,4,1,0
BRDA:111,5,0,0
BRDA:111,5,1,2
BRDA:159,6,0,1
BRDA:159,6,1,1
BRDA:174,7,0,1
BRDA:174,7,1,0
BRDA:207,8,0,2
BRDA:207,8,1,3
BRDA:209,9,0,1
BRDA:209,9,1,1
BRDA:211,10,0,0
BRDA:211,10,1,1
BRDA:211,11,0,1
BRDA:211,11,1,0
BRDA:248,12,0,1
BRDA:248,12,1,0
BRDA:262,13,0,1
BRDA:262,13,1,2
BRDA:270,14,0,1
BRDA:270,14,1,0
BRDA:270,15,0,1
BRDA:270,15,1,1
BRDA:272,16,0,1
BRDA:272,16,1,0
BRDA:294,17,0,2
BRDA:294,17,1,0
BRDA:307,18,0,2
BRDA:307,18,1,1
BRDA:314,19,0,0
BRDA:314,19,1,2
BRDA:331,20,0,0
BRDA:331,20,1,1
BRDA:344,21,0,0
BRDA:344,21,1,4
BRDA:351,22,0,1
BRDA:351,22,1,3
BRDA:379,23,0,1
BRDA:379,23,1,2
BRDA:379,24,0,3
BRDA:379,24,1,3
BRDA:396,25,0,2
BRDA:396,25,1,0
BRDA:401,26,0,2
BRDA:401,26,1,0
BRDA:411,27,0,0
BRDA:411,27,1,2
BRDA:417,28,0,1
BRDA:417,28,1,1
BRDA:440,29,0,1
BRDA:440,29,1,0
BRDA:451,30,0,2
BRDA:451,30,1,0
BRDA:456,31,0,0
BRDA:456,31,1,0
BRF:64
BRH:41
end_of_record
TN:
SF:/home/ioffikus/projects/template-basic/src/ducks/cartPaidItems.ts
FN:17,(anonymous_0)
FN:19,(anonymous_1)
FN:23,(anonymous_2)
FN:24,(anonymous_3)
FN:36,(anonymous_4)
FN:36,(anonymous_5)
FN:37,(anonymous_6)
FN:43,(anonymous_7)
FN:53,(anonymous_8)
FNF:9
FNH:9
FNDA:1,(anonymous_0)
FNDA:2,(anonymous_1)
FNDA:3,(anonymous_2)
FNDA:3,(anonymous_3)
FNDA:3,(anonymous_4)
FNDA:3,(anonymous_5)
FNDA:3,(anonymous_6)
FNDA:2,(anonymous_7)
FNDA:1,(anonymous_8)
DA:5,3
DA:6,3
DA:7,3
DA:15,3
DA:16,3
DA:17,3
DA:18,3
DA:19,3
DA:22,3
DA:23,3
DA:24,3
DA:25,3
DA:28,3
DA:29,3
DA:31,3
DA:32,0
DA:34,3
DA:36,3
DA:37,3
DA:38,3
DA:39,3
DA:44,2
DA:45,2
DA:46,2
DA:47,1
DA:48,1
DA:50,2
DA:51,2
DA:54,1
DA:55,1
LF:30
LH:29
BRDA:28,0,0,3
BRDA:28,0,1,0
BRDA:31,1,0,0
BRDA:31,1,1,3
BRDA:36,2,0,0
BRDA:46,3,0,1
BRDA:46,3,1,1
BRF:7
BRH:4
end_of_record
TN:
SF:/home/ioffikus/projects/template-basic/src/ducks/catalog.ts
FN:17,(anonymous_0)
FN:21,(anonymous_1)
FN:23,(anonymous_2)
FN:24,(anonymous_3)
FN:42,(anonymous_4)
FN:42,(anonymous_5)
FN:43,(anonymous_6)
FN:50,(anonymous_7)
FN:60,(anonymous_8)
FNF:9
FNH:9
FNDA:1,(anonymous_0)
FNDA:1,(anonymous_1)
FNDA:2,(anonymous_2)
FNDA:2,(anonymous_3)
FNDA:2,(anonymous_4)
FNDA:2,(anonymous_5)
FNDA:2,(anonymous_6)
FNDA:1,(anonymous_7)
FNDA:1,(anonymous_8)
DA:5,3
DA:6,3
DA:7,3
DA:15,3
DA:16,3
DA:17,3
DA:20,3
DA:21,3
DA:22,3
DA:23,3
DA:24,3
DA:25,2
DA:28,2
DA:29,0
DA:31,2
DA:32,2
DA:34,2
DA:35,0
DA:37,2
DA:38,0
DA:40,2
DA:42,3
DA:43,2
DA:44,2
DA:45,2
DA:46,2
DA:51,1
DA:52,1
DA:53,1
DA:54,0
DA:55,0
DA:57,1
DA:58,1
DA:61,1
DA:62,1
LF:35
LH:30
BRDA:28,0,0,0
BRDA:28,0,1,2
BRDA:31,1,0,2
BRDA:31,1,1,0
BRDA:34,2,0,0
BRDA:34,2,1,2
BRDA:37,3,0,0
BRDA:37,3,1,2
BRDA:53,4,0,0
BRDA:53,4,1,1
BRF:10
BRH:5
end_of_record
TN:
SF:/home/ioffikus/projects/template-basic/src/ducks/catalogQuery.ts
FN:16,(anonymous_0)
FN:20,(anonymous_1)
FN:20,(anonymous_2)
FNF:3
FNH:3
FNDA:3,(anonymous_0)
FNDA:3,(anonymous_1)
FNDA:3,(anonymous_2)
DA:5,6
DA:6,6
DA:7,6
DA:14,6
DA:15,6
DA:16,6
DA:20,6
DA:21,3
DA:22,3
DA:23,3
DA:24,3
DA:25,3
DA:26,3
DA:27,3
DA:28,3
DA:29,3
DA:30,3
LF:17
LH:17
BRDA:28,0,0,3
BRDA:28,0,1,2
BRF:2
BRH:2
end_of_record
TN:
SF:/home/ioffikus/projects/template-basic/src/ducks/categories.ts
FN:16,(anonymous_0)
FN:20,(anonymous_1)
FN:22,(anonymous_2)
FN:23,(anonymous_3)
FN:23,(anonymous_4)
FN:24,(anonymous_5)
FN:30,(anonymous_6)
FN:35,(anonymous_7)
FNF:8
FNH:8
FNDA:1,(anonymous_0)
FNDA:1,(anonymous_1)
FNDA:2,(anonymous_2)
FNDA:2,(anonymous_3)
FNDA:2,(anonymous_4)
FNDA:2,(anonymous_5)
FNDA:1,(anonymous_6)
FNDA:1,(anonymous_7)
DA:4,4
DA:5,4
DA:6,4
DA:14,4
DA:15,4
DA:16,4
DA:19,4
DA:20,4
DA:21,4
DA:22,4
DA:23,4
DA:24,2
DA:25,2
DA:26,2
DA:31,1
DA:32,1
DA:33,1
DA:36,1
DA:37,1
LF:19
LH:19
BRF:0
BRH:0
end_of_record
TN:
SF:/home/ioffikus/projects/template-basic/src/ducks/categoriesMenu.ts
FN:15,(anonymous_0)
FN:20,(anonymous_1)
FN:22,(anonymous_2)
FN:23,(anonymous_3)
FN:23,(anonymous_4)
FN:24,(anonymous_5)
FN:29,(anonymous_6)
FN:34,(anonymous_7)
FNF:8
FNH:8
FNDA:1,(anonymous_0)
FNDA:1,(anonymous_1)
FNDA:2,(anonymous_2)
FNDA:3,(anonymous_3)
FNDA:3,(anonymous_4)
FNDA:3,(anonymous_5)
FNDA:1,(anonymous_6)
FNDA:2,(anonymous_7)
DA:4,4
DA:5,4
DA:6,4
DA:13,4
DA:14,4
DA:15,4
DA:16,1
DA:19,4
DA:20,4
DA:21,4
DA:22,4
DA:23,4
DA:24,3
DA:25,3
DA:26,3
DA:30,1
DA:31,1
DA:32,1
DA:35,2
DA:36,2
LF:20
LH:20
BRF:0
BRH:0
end_of_record
TN:
SF:/home/ioffikus/projects/template-basic/src/ducks/filter.ts
FN:16,(anonymous_0)
FN:20,(anonymous_1)
FN:22,(anonymous_2)
FN:23,(anonymous_3)
FN:23,(anonymous_4)
FN:24,(anonymous_5)
FN:30,(anonymous_6)
FN:35,(anonymous_7)
FNF:8
FNH:8
FNDA:1,(anonymous_0)
FNDA:1,(anonymous_1)
FNDA:2,(anonymous_2)
FNDA:2,(anonymous_3)
FNDA:2,(anonymous_4)
FNDA:2,(anonymous_5)
FNDA:1,(anonymous_6)
FNDA:1,(anonymous_7)
DA:4,4
DA:5,4
DA:6,4
DA:14,4
DA:15,4
DA:16,4
DA:19,4
DA:20,4
DA:21,4
DA:22,4
DA:23,4
DA:24,2
DA:25,2
DA:26,2
DA:31,1
DA:32,1
DA:33,1
DA:36,1
DA:37,1
LF:19
LH:19
BRF:0
BRH:0
end_of_record
TN:
SF:/home/ioffikus/projects/template-basic/src/ducks/locale.ts
FN:12,(anonymous_0)
FN:19,(anonymous_1)
FNF:2
FNH:2
FNDA:1,(anonymous_0)
FNDA:1,(anonymous_1)
DA:3,1
DA:4,1
DA:5,1
DA:10,1
DA:11,1
DA:12,1
DA:18,1
DA:19,1
LF:8
LH:8
BRF:0
BRH:0
end_of_record
TN:
SF:/home/ioffikus/projects/template-basic/src/ducks/meta.ts
FN:13,(anonymous_0)
FN:15,(anonymous_1)
FN:18,(anonymous_2)
FN:20,(anonymous_3)
FN:39,(anonymous_4)
FN:39,(anonymous_5)
FN:40,(anonymous_6)
FNF:7
FNH:5
FNDA:0,(anonymous_0)
FNDA:1,(anonymous_1)
FNDA:1,(anonymous_2)
FNDA:0,(anonymous_3)
FNDA:1,(anonymous_4)
FNDA:1,(anonymous_5)
FNDA:1,(anonymous_6)
DA:4,5
DA:5,5
DA:6,5
DA:11,5
DA:12,5
DA:13,5
DA:14,5
DA:15,5
DA:18,5
DA:19,1
DA:20,1
DA:21,0
DA:22,0
DA:23,0
DA:24,0
DA:25,0
DA:26,0
DA:29,0
DA:30,0
DA:31,0
DA:32,0
DA:33,0
DA:37,0
DA:39,5
DA:40,1
DA:41,1
DA:42,1
DA:43,1
DA:44,0
DA:65,0
DA:66,0
DA:68,0
DA:69,0
DA:70,0
DA:71,0
DA:73,0
DA:74,0
LF:37
LH:16
BRDA:22,0,0,0
BRDA:22,0,1,0
BRDA:24,1,0,0
BRDA:24,1,1,0
BRDA:29,2,0,0
BRDA:29,2,1,0
BRDA:31,3,0,0
BRDA:31,3,1,0
BRDA:44,4,0,0
BRDA:44,4,1,0
BRDA:44,5,0,0
BRDA:44,5,1,0
BRDA:68,6,0,0
BRDA:68,6,1,0
BRDA:68,7,0,0
BRDA:68,7,1,0
BRF:16
BRH:0
end_of_record
TN:
SF:/home/ioffikus/projects/template-basic/src/ducks/page.ts
FN:14,(anonymous_0)
FN:18,(anonymous_1)
FN:20,(anonymous_2)
FN:21,(anonymous_3)
FN:21,(anonymous_4)
FN:22,(anonymous_5)
FN:28,(anonymous_6)
FN:33,(anonymous_7)
FNF:8
FNH:8
FNDA:1,(anonymous_0)
FNDA:1,(anonymous_1)
FNDA:2,(anonymous_2)
FNDA:2,(anonymous_3)
FNDA:2,(anonymous_4)
FNDA:2,(anonymous_5)
FNDA:1,(anonymous_6)
FNDA:1,(anonymous_7)
DA:5,1
DA:6,1
DA:7,1
DA:12,1
DA:13,1
DA:14,1
DA:15,1
DA:17,1
DA:18,1
DA:19,1
DA:20,2
DA:21,2
DA:22,2
DA:23,2
DA:24,2
DA:25,2
DA:29,1
DA:30,1
DA:31,1
DA:34,1
DA:35,1
LF:21
LH:21
BRF:0
BRH:0
end_of_record
TN:
SF:/home/ioffikus/projects/template-basic/src/ducks/popularItems.ts
FN:15,(anonymous_0)
FN:18,(anonymous_1)
FN:20,(anonymous_2)
FN:21,(anonymous_3)
FN:21,(anonymous_4)
FN:22,(anonymous_5)
FN:27,(anonymous_6)
FN:32,(anonymous_7)
FNF:8
FNH:8
FNDA:1,(anonymous_0)
FNDA:1,(anonymous_1)
FNDA:2,(anonymous_2)
FNDA:3,(anonymous_3)
FNDA:3,(anonymous_4)
FNDA:3,(anonymous_5)
FNDA:1,(anonymous_6)
FNDA:2,(anonymous_7)
DA:4,3
DA:5,3
DA:6,3
DA:13,3
DA:14,3
DA:15,3
DA:17,3
DA:18,3
DA:19,3
DA:20,3
DA:21,3
DA:22,3
DA:23,3
DA:24,3
DA:28,1
DA:29,1
DA:30,1
DA:33,2
DA:34,2
LF:19
LH:19
BRF:0
BRH:0
end_of_record
TN:
SF:/home/ioffikus/projects/template-basic/src/ducks/product.ts
FN:22,(anonymous_0)
FN:24,(anonymous_1)
FN:26,(anonymous_2)
FN:27,(anonymous_3)
FN:27,(anonymous_4)
FN:28,(anonymous_5)
FN:36,(anonymous_6)
FN:41,(anonymous_7)
FN:45,(anonymous_8)
FNF:9
FNH:9
FNDA:1,(anonymous_0)
FNDA:1,(anonymous_1)
FNDA:2,(anonymous_2)
FNDA:2,(anonymous_3)
FNDA:2,(anonymous_4)
FNDA:2,(anonymous_5)
FNDA:1,(anonymous_6)
FNDA:1,(anonymous_7)
FNDA:1,(anonymous_8)
DA:7,4
DA:8,4
DA:9,4
DA:20,4
DA:21,4
DA:22,4
DA:23,4
DA:24,4
DA:25,4
DA:26,4
DA:27,4
DA:28,2
DA:29,2
DA:30,2
DA:31,2
DA:32,2
DA:33,2
DA:37,1
DA:38,1
DA:39,1
DA:42,1
DA:43,1
DA:46,1
DA:47,1
DA:48,1
DA:49,1
LF:26
LH:26
BRDA:22,0,0,1
BRDA:22,0,1,0
BRDA:22,1,0,0
BRDA:22,1,1,1
BRDA:22,2,0,0
BRDA:22,2,1,1
BRDA:22,3,0,0
BRDA:22,3,1,1
BRDA:22,4,0,0
BRDA:22,4,1,1
BRF:10
BRH:5
end_of_record
TN:
SF:/home/ioffikus/projects/template-basic/src/ducks/recommendItems.ts
FN:15,(anonymous_0)
FN:18,(anonymous_1)
FN:20,(anonymous_2)
FN:21,(anonymous_3)
FN:21,(anonymous_4)
FN:22,(anonymous_5)
FN:28,(anonymous_6)
FN:33,(anonymous_7)
FNF:8
FNH:8
FNDA:1,(anonymous_0)
FNDA:1,(anonymous_1)
FNDA:2,(anonymous_2)
FNDA:2,(anonymous_3)
FNDA:2,(anonymous_4)
FNDA:2,(anonymous_5)
FNDA:1,(anonymous_6)
FNDA:1,(anonymous_7)
DA:4,1
DA:5,1
DA:6,1
DA:13,1
DA:14,1
DA:15,1
DA:17,1
DA:18,1
DA:19,1
DA:20,2
DA:21,2
DA:22,2
DA:23,2
DA:24,2
DA:29,1
DA:30,1
DA:31,1
DA:34,1
DA:35,1
LF:19
LH:19
BRF:0
BRH:0
end_of_record
TN:
SF:/home/ioffikus/projects/template-basic/src/ducks/ui.ts
FN:10,(anonymous_0)
FN:12,(anonymous_1)
FN:14,(anonymous_2)
FNF:3
FNH:1
FNDA:1,(anonymous_0)
FNDA:0,(anonymous_1)
FNDA:0,(anonymous_2)
DA:2,2
DA:3,2
DA:4,2
DA:8,2
DA:9,2
DA:10,2
DA:11,2
DA:12,2
DA:13,2
DA:14,2
LF:10
LH:10
BRF:0
BRH:0
end_of_record
TN:
SF:/home/ioffikus/projects/template-basic/src/ducks/user.ts
FN:15,(anonymous_0)
FN:19,(anonymous_1)
FN:21,(anonymous_2)
FN:22,(anonymous_3)
FN:22,(anonymous_4)
FN:23,(anonymous_5)
FN:28,(anonymous_6)
FN:33,(anonymous_7)
FN:39,(anonymous_8)
FN:39,(anonymous_9)
FN:40,(anonymous_10)
FN:47,(anonymous_11)
FN:55,(anonymous_12)
FNF:13
FNH:13
FNDA:2,(anonymous_0)
FNDA:2,(anonymous_1)
FNDA:4,(anonymous_2)
FNDA:2,(anonymous_3)
FNDA:2,(anonymous_4)
FNDA:2,(anonymous_5)
FNDA:1,(anonymous_6)
FNDA:1,(anonymous_7)
FNDA:2,(anonymous_8)
FNDA:2,(anonymous_9)
FNDA:2,(anonymous_10)
FNDA:1,(anonymous_11)
FNDA:1,(anonymous_12)
DA:4,4
DA:5,4
DA:6,4
DA:13,4
DA:14,4
DA:15,4
DA:18,4
DA:19,4
DA:20,4
DA:21,4
DA:22,4
DA:23,2
DA:24,2
DA:25,2
DA:29,1
DA:30,1
DA:31,1
DA:34,1
DA:35,1
DA:39,4
DA:40,2
DA:41,2
DA:42,2
DA:43,2
DA:48,1
DA:49,1
DA:50,1
DA:51,1
DA:53,1
DA:56,1
DA:57,1
LF:31
LH:31
BRDA:50,0,0,1
BRDA:50,0,1,0
BRF:2
BRH:1
end_of_record
TN:
SF:/home/ioffikus/projects/template-basic/src/ducks/userDelivery.ts
FN:17,(anonymous_0)
FN:27,(anonymous_1)
FNF:2
FNH:2
FNDA:1,(anonymous_0)
FNDA:1,(anonymous_1)
DA:2,1
DA:3,1
DA:4,1
DA:15,1
DA:16,1
DA:17,1
DA:26,1
DA:27,1
LF:8
LH:8
BRF:0
BRH:0
end_of_record
TN:
SF:/home/ioffikus/projects/template-basic/src/ducks/userOrders.ts
FN:21,(anonymous_0)
FN:23,(anonymous_1)
FN:27,(anonymous_2)
FN:29,(anonymous_3)
FN:31,(anonymous_4)
FN:33,(anonymous_5)
FN:35,(anonymous_6)
FN:36,(anonymous_7)
FN:48,(anonymous_8)
FN:48,(anonymous_9)
FN:49,(anonymous_10)
FN:55,(anonymous_11)
FN:58,(anonymous_12)
FN:66,(anonymous_13)
FN:70,(anonymous_14)
FN:80,(anonymous_15)
FN:90,(anonymous_16)
FN:90,(anonymous_17)
FN:91,(anonymous_18)
FN:105,(anonymous_19)
FN:114,(anonymous_20)
FN:120,(anonymous_21)
FN:120,(anonymous_22)
FN:121,(anonymous_23)
FN:133,(anonymous_24)
FN:146,(anonymous_25)
FN:155,(anonymous_26)
FNF:27
FNH:24
FNDA:1,(anonymous_0)
FNDA:2,(anonymous_1)
FNDA:3,(anonymous_2)
FNDA:2,(anonymous_3)
FNDA:1,(anonymous_4)
FNDA:3,(anonymous_5)
FNDA:1,(anonymous_6)
FNDA:3,(anonymous_7)
FNDA:3,(anonymous_8)
FNDA:3,(anonymous_9)
FNDA:3,(anonymous_10)
FNDA:2,(anonymous_11)
FNDA:4,(anonymous_12)
FNDA:1,(anonymous_13)
FNDA:2,(anonymous_14)
FNDA:0,(anonymous_15)
FNDA:2,(anonymous_16)
FNDA:2,(anonymous_17)
FNDA:2,(anonymous_18)
FNDA:1,(anonymous_19)
FNDA:1,(anonymous_20)
FNDA:1,(anonymous_21)
FNDA:1,(anonymous_22)
FNDA:1,(anonymous_23)
FNDA:0,(anonymous_24)
FNDA:0,(anonymous_25)
FNDA:1,(anonymous_26)
DA:8,3
DA:9,3
DA:10,3
DA:19,3
DA:20,3
DA:21,3
DA:22,3
DA:23,3
DA:26,3
DA:27,3
DA:28,3
DA:29,3
DA:30,3
DA:31,3
DA:32,3
DA:33,3
DA:34,3
DA:35,3
DA:36,3
DA:37,3
DA:40,3
DA:41,3
DA:43,3
DA:44,0
DA:46,3
DA:48,3
DA:49,3
DA:50,3
DA:51,3
DA:56,2
DA:57,2
DA:58,4
DA:59,2
DA:60,1
DA:61,1
DA:63,2
DA:64,2
DA:67,1
DA:68,1
DA:71,2
DA:72,2
DA:73,2
DA:74,2
DA:75,2
DA:76,0
DA:77,0
DA:78,0
DA:79,0
DA:80,0
DA:81,0
DA:82,0
DA:83,0
DA:90,3
DA:91,2
DA:92,2
DA:93,2
DA:94,0
DA:95,0
DA:96,0
DA:97,0
DA:99,2
DA:100,2
DA:101,2
DA:106,1
DA:107,1
DA:108,1
DA:110,1
DA:112,1
DA:115,1
DA:116,1
DA:120,3
DA:121,1
DA:122,1
DA:123,1
DA:124,0
DA:125,0
DA:126,0
DA:128,1
DA:129,1
DA:130,1
DA:132,1
DA:133,1
DA:134,0
DA:135,0
DA:136,0
DA:137,0
DA:140,1
DA:141,1
DA:142,1
DA:147,0
DA:148,0
DA:149,0
DA:150,0
DA:151,0
DA:153,0
DA:156,1
DA:157,1
LF:97
LH:71
BRDA:40,0,0,3
BRDA:40,0,1,0
BRDA:43,1,0,0
BRDA:43,1,1,3
BRDA:48,2,0,2
BRDA:59,3,0,1
BRDA:59,3,1,1
BRDA:72,4,0,2
BRDA:72,4,1,0
BRDA:72,5,0,2
BRDA:72,5,1,2
BRDA:75,6,0,0
BRDA:75,6,1,2
BRDA:75,7,0,2
BRDA:75,7,1,0
BRDA:78,8,0,0
BRDA:78,8,1,0
BRDA:93,9,0,0
BRDA:93,9,1,2
BRDA:108,10,0,1
BRDA:108,10,1,0
BRDA:123,11,0,0
BRDA:123,11,1,1
BRDA:128,12,0,1
BRDA:128,12,1,0
BRDA:135,13,0,0
BRDA:135,13,1,0
BRDA:150,14,0,0
BRDA:150,14,1,0
BRF:29
BRH:14
end_of_record
TN:
SF:/home/ioffikus/projects/template-basic/src/helpers/configHelper.ts
FN:9,(anonymous_0)
FN:10,(anonymous_1)
FN:11,(anonymous_2)
FN:12,(anonymous_3)
FN:13,(anonymous_4)
FN:14,(anonymous_5)
FN:15,(anonymous_6)
FNF:7
FNH:2
FNDA:24,(anonymous_0)
FNDA:0,(anonymous_1)
FNDA:0,(anonymous_2)
FNDA:0,(anonymous_3)
FNDA:0,(anonymous_4)
FNDA:0,(anonymous_5)
FNDA:120,(anonymous_6)
DA:1,25
DA:8,25
DA:9,25
DA:10,25
DA:11,25
DA:12,25
DA:13,25
DA:14,25
DA:15,120
LF:9
LH:9
BRDA:8,0,0,25
BRDA:8,0,1,0
BRF:2
BRH:1
end_of_record
TN:
SF:/home/ioffikus/projects/template-basic/src/helpers/getCategoriesPath.ts
FN:2,(anonymous_0)
FN:5,(anonymous_1)
FNF:2
FNH:2
FNDA:5,(anonymous_0)
FNDA:6,(anonymous_1)
DA:2,8
DA:3,5
DA:4,5
DA:5,4
DA:6,6
DA:7,4
DA:8,2
DA:9,2
DA:13,2
DA:14,2
DA:15,2
DA:16,2
DA:19,2
DA:22,5
LF:14
LH:14
BRDA:4,0,0,4
BRDA:4,0,1,1
BRDA:6,1,0,4
BRDA:6,1,1,2
BRDA:7,2,0,2
BRDA:7,2,1,2
BRDA:14,3,0,2
BRDA:14,3,1,0
BRF:8
BRH:7
end_of_record
TN:
SF:/home/ioffikus/projects/template-basic/src/helpers/normalizePictures.ts
FN:1,(anonymous_0)
FN:4,(anonymous_1)
FNF:2
FNH:0
FNDA:0,(anonymous_0)
FNDA:0,(anonymous_1)
DA:1,3
DA:2,0
DA:3,0
DA:4,0
DA:5,0
DA:6,0
DA:9,0
DA:13,0
LF:8
LH:1
BRDA:3,0,0,0
BRDA:3,0,1,0
BRDA:5,1,0,0
BRDA:5,1,1,0
BRF:4
BRH:0
end_of_record
TN:
SF:/home/ioffikus/projects/template-basic/src/helpers/safelyParseJSON.ts
FN:3,(anonymous_0)
FNF:1
FNH:1
FNDA:4,(anonymous_0)
DA:3,15
DA:4,4
DA:5,4
DA:6,2
DA:7,2
DA:10,0
DA:11,0
DA:13,0
DA:14,0
DA:15,0
DA:18,0
DA:19,0
DA:23,4
LF:13
LH:6
BRDA:5,0,0,2
BRDA:5,0,1,2
BRDA:10,1,0,0
BRDA:10,1,1,0
BRDA:13,2,0,0
BRDA:13,2,1,0
BRF:6
BRH:2
end_of_record
TN:
SF:/home/ioffikus/projects/template-basic/src/helpers/sentryClient.ts
FN:5,logException
FNF:1
FNH:0
FNDA:0,logException
DA:4,1
DA:6,0
DA:10,0
LF:3
LH:1
BRDA:10,0,0,0
BRDA:10,0,1,0
BRDA:10,0,2,0
BRDA:10,0,3,0
BRF:4
BRH:0
end_of_record
TN:
SF:/home/ioffikus/projects/template-basic/src/server/common.ts
FN:3,(anonymous_0)
FN:11,(anonymous_1)
FNF:2
FNH:1
FNDA:0,(anonymous_0)
FNDA:4,(anonymous_1)
DA:3,1
DA:6,0
DA:8,0
DA:9,0
DA:11,1
DA:12,4
DA:13,4
DA:14,4
DA:15,0
DA:17,4
DA:18,4
DA:19,1
DA:21,4
DA:22,4
DA:23,0
DA:25,4
LF:16
LH:11
BRDA:6,0,0,0
BRDA:6,0,1,0
BRDA:14,1,0,0
BRDA:14,1,1,4
BRDA:18,2,0,1
BRDA:18,2,1,3
BRDA:18,3,0,4
BRDA:18,3,1,4
BRDA:21,4,0,4
BRDA:21,4,1,2
BRDA:21,4,2,2
BRDA:22,5,0,0
BRDA:22,5,1,4
BRF:13
BRH:9
end_of_record
TN:
SF:/home/ioffikus/projects/template-basic/src/store/common.ts
FN:6,(anonymous_0)
FN:14,(anonymous_1)
FNF:2
FNH:1
FNDA:0,(anonymous_0)
FNDA:3,(anonymous_1)
DA:6,21
DA:7,0
DA:8,0
DA:11,0
DA:14,21
DA:15,3
DA:16,3
DA:17,0
DA:18,0
DA:20,3
DA:21,3
DA:22,3
DA:23,3
DA:24,3
DA:25,3
DA:26,3
DA:27,3
DA:28,3
DA:30,0
DA:31,0
DA:33,0
DA:34,0
DA:36,0
DA:37,0
DA:39,0
DA:40,0
DA:42,0
DA:43,0
DA:45,0
DA:46,0
DA:49,0
LF:31
LH:13
BRDA:15,0,0,3
BRDA:15,0,1,0
BRDA:16,1,0,0
BRDA:16,1,1,3
BRDA:27,2,0,3
BRDA:27,2,1,0
BRDA:27,3,0,3
BRDA:27,3,1,3
BRDA:30,4,0,0
BRDA:30,4,1,0
BRDA:33,5,0,0
BRDA:33,5,1,0
BRDA:36,6,0,0
BRDA:36,6,1,0
BRDA:39,7,0,0
BRDA:39,7,1,0
BRDA:42,8,0,0
BRDA:42,8,1,0
BRDA:45,9,0,0
BRDA:45,9,1,0
BRF:20
BRH:5
end_of_record
TN:
SF:/home/ioffikus/projects/template-basic/src/store/dispatch.ts
FN:4,(anonymous_0)
FN:7,(anonymous_1)
FN:9,(anonymous_2)
FNF:3
FNH:3
FNDA:39,(anonymous_0)
FNDA:39,(anonymous_1)
FNDA:3,(anonymous_2)
DA:4,19
DA:5,39
DA:7,19
DA:8,39
DA:9,36
DA:10,3
DA:11,3
DA:13,3
DA:16,3
LF:9
LH:9
BRDA:8,0,0,36
BRDA:8,0,1,3
BRDA:10,1,0,3
BRDA:10,1,1,0
BRF:4
BRH:3
end_of_record
